[0.375s] DEBUG:colcon:Command line arguments: ['/usr/bin/colcon', 'build']
[0.375s] DEBUG:colcon:Parsed command line arguments: Namespace(log_base=None, log_level=None, verb_name='build', build_base='build', install_base='install', merge_install=False, symlink_install=False, test_result_base=None, continue_on_error=False, executor='parallel', parallel_workers=8, event_handlers=None, ignore_user_meta=False, metas=['./colcon.meta'], base_paths=['.'], packages_ignore=None, packages_ignore_regex=None, paths=None, packages_up_to=None, packages_up_to_regex=None, packages_above=None, packages_above_and_dependencies=None, packages_above_depth=None, packages_select_by_dep=None, packages_skip_by_dep=None, packages_skip_up_to=None, packages_select_build_failed=False, packages_skip_build_finished=False, packages_select_test_failures=False, packages_skip_test_passed=False, packages_select=None, packages_skip=None, packages_select_regex=None, packages_skip_regex=None, packages_start=None, packages_end=None, allow_overriding=[], cmake_args=None, cmake_target=None, cmake_target_skip_unavailable=False, cmake_clean_cache=False, cmake_clean_first=False, cmake_force_configure=False, ament_cmake_args=None, catkin_cmake_args=None, catkin_skip_building_tests=False, verb_parser=<colcon_defaults.argument_parser.defaults.DefaultArgumentsDecorator object at 0x7f5eb4739b10>, verb_extension=<colcon_core.verb.build.BuildVerb object at 0x7f5eb473a530>, main=<bound method BuildVerb.main of <colcon_core.verb.build.BuildVerb object at 0x7f5eb473a530>>)
[0.588s] Level 1:colcon.colcon_core.package_discovery:discover_packages(colcon_meta) check parameters
[0.588s] Level 1:colcon.colcon_core.package_discovery:discover_packages(recursive) check parameters
[0.588s] Level 1:colcon.colcon_core.package_discovery:discover_packages(ignore) check parameters
[0.588s] Level 1:colcon.colcon_core.package_discovery:discover_packages(path) check parameters
[0.588s] Level 1:colcon.colcon_core.package_discovery:discover_packages(colcon_meta) discover
[0.588s] Level 1:colcon.colcon_core.package_discovery:discover_packages(recursive) discover
[0.588s] INFO:colcon.colcon_core.package_discovery:Crawling recursively for packages in '/home/seabro/osr_ws/src/osr-rover-code/ROS/osr_gazebo'
[0.589s] Level 1:colcon.colcon_core.package_identification:_identify(.) by extensions ['ignore', 'ignore_ament_install']
[0.589s] Level 1:colcon.colcon_core.package_identification:_identify(.) by extension 'ignore'
[0.589s] Level 1:colcon.colcon_core.package_identification:_identify(.) by extension 'ignore_ament_install'
[0.589s] Level 1:colcon.colcon_core.package_identification:_identify(.) by extensions ['colcon_pkg']
[0.589s] Level 1:colcon.colcon_core.package_identification:_identify(.) by extension 'colcon_pkg'
[0.589s] Level 1:colcon.colcon_core.package_identification:_identify(.) by extensions ['colcon_meta']
[0.589s] Level 1:colcon.colcon_core.package_identification:_identify(.) by extension 'colcon_meta'
[0.589s] Level 1:colcon.colcon_core.package_identification:_identify(.) by extensions ['ros']
[0.589s] Level 1:colcon.colcon_core.package_identification:_identify(.) by extension 'ros'
[0.605s] DEBUG:colcon.colcon_core.package_identification:Package '.' with type 'ros.ament_cmake' and name 'osr_gazebo'
[0.606s] Level 1:colcon.colcon_core.package_discovery:discover_packages(recursive) using defaults
[0.606s] Level 1:colcon.colcon_core.package_discovery:discover_packages(ignore) discover
[0.606s] Level 1:colcon.colcon_core.package_discovery:discover_packages(ignore) using defaults
[0.606s] Level 1:colcon.colcon_core.package_discovery:discover_packages(path) discover
[0.606s] Level 1:colcon.colcon_core.package_discovery:discover_packages(path) using defaults
[0.641s] Level 1:colcon.colcon_core.package_discovery:discover_packages(prefix_path) check parameters
[0.641s] Level 1:colcon.colcon_core.package_discovery:discover_packages(prefix_path) discover
[0.645s] DEBUG:colcon.colcon_installed_package_information.package_discovery:Found 1 installed packages in /home/seabro/osr_ws/src/osr-rover-code/ROS/osr_gazebo/install
[0.645s] DEBUG:colcon.colcon_installed_package_information.package_discovery:Found 4 installed packages in /home/seabro/osr_ws/src/osr-rover-code/install
[0.646s] DEBUG:colcon.colcon_installed_package_information.package_discovery:Found 4 installed packages in /home/seabro/osr_ws/src/install
[0.646s] DEBUG:colcon.colcon_installed_package_information.package_discovery:Found 4 installed packages in /home/seabro/osr_ws/install
[0.647s] DEBUG:colcon.colcon_installed_package_information.package_discovery:Found 4 installed packages in /home/seabro/osr_ws/src/osr-rover-code/ROS/install
[0.649s] DEBUG:colcon.colcon_installed_package_information.package_discovery:Found 349 installed packages in /opt/ros/humble
[0.650s] Level 1:colcon.colcon_core.package_discovery:discover_packages(prefix_path) using defaults
[0.693s] Level 5:colcon.colcon_core.verb:set package 'osr_gazebo' build argument 'cmake_args' from command line to 'None'
[0.693s] Level 5:colcon.colcon_core.verb:set package 'osr_gazebo' build argument 'cmake_target' from command line to 'None'
[0.693s] Level 5:colcon.colcon_core.verb:set package 'osr_gazebo' build argument 'cmake_target_skip_unavailable' from command line to 'False'
[0.693s] Level 5:colcon.colcon_core.verb:set package 'osr_gazebo' build argument 'cmake_clean_cache' from command line to 'False'
[0.693s] Level 5:colcon.colcon_core.verb:set package 'osr_gazebo' build argument 'cmake_clean_first' from command line to 'False'
[0.693s] Level 5:colcon.colcon_core.verb:set package 'osr_gazebo' build argument 'cmake_force_configure' from command line to 'False'
[0.693s] Level 5:colcon.colcon_core.verb:set package 'osr_gazebo' build argument 'ament_cmake_args' from command line to 'None'
[0.693s] Level 5:colcon.colcon_core.verb:set package 'osr_gazebo' build argument 'catkin_cmake_args' from command line to 'None'
[0.693s] Level 5:colcon.colcon_core.verb:set package 'osr_gazebo' build argument 'catkin_skip_building_tests' from command line to 'False'
[0.693s] DEBUG:colcon.colcon_core.verb:Building package 'osr_gazebo' with the following arguments: {'ament_cmake_args': None, 'build_base': '/home/seabro/osr_ws/src/osr-rover-code/ROS/osr_gazebo/build/osr_gazebo', 'catkin_cmake_args': None, 'catkin_skip_building_tests': False, 'cmake_args': None, 'cmake_clean_cache': False, 'cmake_clean_first': False, 'cmake_force_configure': False, 'cmake_target': None, 'cmake_target_skip_unavailable': False, 'install_base': '/home/seabro/osr_ws/src/osr-rover-code/ROS/osr_gazebo/install/osr_gazebo', 'merge_install': False, 'path': '/home/seabro/osr_ws/src/osr-rover-code/ROS/osr_gazebo', 'symlink_install': False, 'test_result_base': None}
[0.694s] INFO:colcon.colcon_core.executor:Executing jobs using 'parallel' executor
[0.695s] DEBUG:colcon.colcon_parallel_executor.executor.parallel:run_until_complete
[0.696s] INFO:colcon.colcon_ros.task.ament_cmake.build:Building ROS package in '/home/seabro/osr_ws/src/osr-rover-code/ROS/osr_gazebo' with build type 'ament_cmake'
[0.696s] INFO:colcon.colcon_cmake.task.cmake.build:Building CMake package in '/home/seabro/osr_ws/src/osr-rover-code/ROS/osr_gazebo'
[0.703s] INFO:colcon.colcon_core.plugin_system:Skipping extension 'colcon_core.shell.bat': Not used on non-Windows systems
[0.703s] INFO:colcon.colcon_core.shell:Skip shell extension 'powershell' for command environment: Not usable outside of PowerShell
[0.703s] DEBUG:colcon.colcon_core.shell:Skip shell extension 'dsv' for command environment
[0.739s] DEBUG:colcon.colcon_core.event_handler.log_command:Invoking command in '/home/seabro/osr_ws/src/osr-rover-code/ROS/osr_gazebo/build/osr_gazebo': CMAKE_PREFIX_PATH=${CMAKE_PREFIX_PATH}:/home/seabro/osr_ws/src/osr-rover-code/ROS/install/osr_control:/home/seabro/osr_ws/src/osr-rover-code/install/osr_control:/home/seabro/osr_ws/src/install/osr_control:/home/seabro/osr_ws/install/osr_control:/opt/ros/humble /usr/bin/cmake --build /home/seabro/osr_ws/src/osr-rover-code/ROS/osr_gazebo/build/osr_gazebo -- -j8 -l8
[0.803s] DEBUG:colcon.colcon_core.event_handler.log_command:Invoked command in '/home/seabro/osr_ws/src/osr-rover-code/ROS/osr_gazebo/build/osr_gazebo' returned '0': CMAKE_PREFIX_PATH=${CMAKE_PREFIX_PATH}:/home/seabro/osr_ws/src/osr-rover-code/ROS/install/osr_control:/home/seabro/osr_ws/src/osr-rover-code/install/osr_control:/home/seabro/osr_ws/src/install/osr_control:/home/seabro/osr_ws/install/osr_control:/opt/ros/humble /usr/bin/cmake --build /home/seabro/osr_ws/src/osr-rover-code/ROS/osr_gazebo/build/osr_gazebo -- -j8 -l8
[0.837s] DEBUG:colcon.colcon_core.event_handler.log_command:Invoking command in '/home/seabro/osr_ws/src/osr-rover-code/ROS/osr_gazebo/build/osr_gazebo': CMAKE_PREFIX_PATH=${CMAKE_PREFIX_PATH}:/home/seabro/osr_ws/src/osr-rover-code/ROS/install/osr_control:/home/seabro/osr_ws/src/osr-rover-code/install/osr_control:/home/seabro/osr_ws/src/install/osr_control:/home/seabro/osr_ws/install/osr_control:/opt/ros/humble /usr/bin/cmake --install /home/seabro/osr_ws/src/osr-rover-code/ROS/osr_gazebo/build/osr_gazebo
[0.853s] Level 1:colcon.colcon_core.environment:create_environment_scripts_only(osr_gazebo)
[0.853s] DEBUG:colcon.colcon_core.event_handler.log_command:Invoked command in '/home/seabro/osr_ws/src/osr-rover-code/ROS/osr_gazebo/build/osr_gazebo' returned '0': CMAKE_PREFIX_PATH=${CMAKE_PREFIX_PATH}:/home/seabro/osr_ws/src/osr-rover-code/ROS/install/osr_control:/home/seabro/osr_ws/src/osr-rover-code/install/osr_control:/home/seabro/osr_ws/src/install/osr_control:/home/seabro/osr_ws/install/osr_control:/opt/ros/humble /usr/bin/cmake --install /home/seabro/osr_ws/src/osr-rover-code/ROS/osr_gazebo/build/osr_gazebo
[0.858s] Level 1:colcon.colcon_core.environment:checking '/home/seabro/osr_ws/src/osr-rover-code/ROS/osr_gazebo/install/osr_gazebo' for CMake module files
[0.858s] Level 1:colcon.colcon_core.environment:checking '/home/seabro/osr_ws/src/osr-rover-code/ROS/osr_gazebo/install/osr_gazebo' for CMake config files
[0.858s] Level 1:colcon.colcon_core.shell:create_environment_hook('osr_gazebo', 'cmake_prefix_path')
[0.858s] INFO:colcon.colcon_core.shell:Creating environment hook '/home/seabro/osr_ws/src/osr-rover-code/ROS/osr_gazebo/install/osr_gazebo/share/osr_gazebo/hook/cmake_prefix_path.ps1'
[0.859s] INFO:colcon.colcon_core.shell:Creating environment descriptor '/home/seabro/osr_ws/src/osr-rover-code/ROS/osr_gazebo/install/osr_gazebo/share/osr_gazebo/hook/cmake_prefix_path.dsv'
[0.860s] INFO:colcon.colcon_core.shell:Creating environment hook '/home/seabro/osr_ws/src/osr-rover-code/ROS/osr_gazebo/install/osr_gazebo/share/osr_gazebo/hook/cmake_prefix_path.sh'
[0.861s] Level 1:colcon.colcon_core.environment:checking '/home/seabro/osr_ws/src/osr-rover-code/ROS/osr_gazebo/install/osr_gazebo/lib'
[0.861s] Level 1:colcon.colcon_core.environment:checking '/home/seabro/osr_ws/src/osr-rover-code/ROS/osr_gazebo/install/osr_gazebo/bin'
[0.861s] Level 1:colcon.colcon_core.environment:checking '/home/seabro/osr_ws/src/osr-rover-code/ROS/osr_gazebo/install/osr_gazebo/lib/pkgconfig/osr_gazebo.pc'
[0.861s] Level 1:colcon.colcon_core.environment:checking '/home/seabro/osr_ws/src/osr-rover-code/ROS/osr_gazebo/install/osr_gazebo/lib/python3.10/site-packages'
[0.861s] Level 1:colcon.colcon_core.environment:checking '/home/seabro/osr_ws/src/osr-rover-code/ROS/osr_gazebo/install/osr_gazebo/bin'
[0.862s] INFO:colcon.colcon_core.shell:Creating package script '/home/seabro/osr_ws/src/osr-rover-code/ROS/osr_gazebo/install/osr_gazebo/share/osr_gazebo/package.ps1'
[0.862s] INFO:colcon.colcon_core.shell:Creating package descriptor '/home/seabro/osr_ws/src/osr-rover-code/ROS/osr_gazebo/install/osr_gazebo/share/osr_gazebo/package.dsv'
[0.863s] INFO:colcon.colcon_core.shell:Creating package script '/home/seabro/osr_ws/src/osr-rover-code/ROS/osr_gazebo/install/osr_gazebo/share/osr_gazebo/package.sh'
[0.863s] INFO:colcon.colcon_core.shell:Creating package script '/home/seabro/osr_ws/src/osr-rover-code/ROS/osr_gazebo/install/osr_gazebo/share/osr_gazebo/package.bash'
[0.864s] INFO:colcon.colcon_core.shell:Creating package script '/home/seabro/osr_ws/src/osr-rover-code/ROS/osr_gazebo/install/osr_gazebo/share/osr_gazebo/package.zsh'
[0.864s] Level 1:colcon.colcon_core.environment:create_file_with_runtime_dependencies(/home/seabro/osr_ws/src/osr-rover-code/ROS/osr_gazebo/install/osr_gazebo/share/colcon-core/packages/osr_gazebo)
[0.888s] Level 1:colcon.colcon_core.environment:create_environment_scripts_only(osr_gazebo)
[0.888s] Level 1:colcon.colcon_core.environment:checking '/home/seabro/osr_ws/src/osr-rover-code/ROS/osr_gazebo/install/osr_gazebo' for CMake module files
[0.889s] Level 1:colcon.colcon_core.environment:checking '/home/seabro/osr_ws/src/osr-rover-code/ROS/osr_gazebo/install/osr_gazebo' for CMake config files
[0.889s] Level 1:colcon.colcon_core.shell:create_environment_hook('osr_gazebo', 'cmake_prefix_path')
[0.889s] INFO:colcon.colcon_core.shell:Creating environment hook '/home/seabro/osr_ws/src/osr-rover-code/ROS/osr_gazebo/install/osr_gazebo/share/osr_gazebo/hook/cmake_prefix_path.ps1'
[0.890s] INFO:colcon.colcon_core.shell:Creating environment descriptor '/home/seabro/osr_ws/src/osr-rover-code/ROS/osr_gazebo/install/osr_gazebo/share/osr_gazebo/hook/cmake_prefix_path.dsv'
[0.890s] INFO:colcon.colcon_core.shell:Creating environment hook '/home/seabro/osr_ws/src/osr-rover-code/ROS/osr_gazebo/install/osr_gazebo/share/osr_gazebo/hook/cmake_prefix_path.sh'
[0.890s] Level 1:colcon.colcon_core.environment:checking '/home/seabro/osr_ws/src/osr-rover-code/ROS/osr_gazebo/install/osr_gazebo/lib'
[0.890s] Level 1:colcon.colcon_core.environment:checking '/home/seabro/osr_ws/src/osr-rover-code/ROS/osr_gazebo/install/osr_gazebo/bin'
[0.891s] Level 1:colcon.colcon_core.environment:checking '/home/seabro/osr_ws/src/osr-rover-code/ROS/osr_gazebo/install/osr_gazebo/lib/pkgconfig/osr_gazebo.pc'
[0.891s] Level 1:colcon.colcon_core.environment:checking '/home/seabro/osr_ws/src/osr-rover-code/ROS/osr_gazebo/install/osr_gazebo/lib/python3.10/site-packages'
[0.891s] Level 1:colcon.colcon_core.environment:checking '/home/seabro/osr_ws/src/osr-rover-code/ROS/osr_gazebo/install/osr_gazebo/bin'
[0.891s] INFO:colcon.colcon_core.shell:Creating package script '/home/seabro/osr_ws/src/osr-rover-code/ROS/osr_gazebo/install/osr_gazebo/share/osr_gazebo/package.ps1'
[0.892s] INFO:colcon.colcon_core.shell:Creating package descriptor '/home/seabro/osr_ws/src/osr-rover-code/ROS/osr_gazebo/install/osr_gazebo/share/osr_gazebo/package.dsv'
[0.892s] INFO:colcon.colcon_core.shell:Creating package script '/home/seabro/osr_ws/src/osr-rover-code/ROS/osr_gazebo/install/osr_gazebo/share/osr_gazebo/package.sh'
[0.893s] INFO:colcon.colcon_core.shell:Creating package script '/home/seabro/osr_ws/src/osr-rover-code/ROS/osr_gazebo/install/osr_gazebo/share/osr_gazebo/package.bash'
[0.893s] INFO:colcon.colcon_core.shell:Creating package script '/home/seabro/osr_ws/src/osr-rover-code/ROS/osr_gazebo/install/osr_gazebo/share/osr_gazebo/package.zsh'
[0.893s] Level 1:colcon.colcon_core.environment:create_file_with_runtime_dependencies(/home/seabro/osr_ws/src/osr-rover-code/ROS/osr_gazebo/install/osr_gazebo/share/colcon-core/packages/osr_gazebo)
[0.894s] DEBUG:colcon.colcon_parallel_executor.executor.parallel:closing loop
[0.894s] DEBUG:colcon.colcon_parallel_executor.executor.parallel:loop closed
[0.895s] DEBUG:colcon.colcon_parallel_executor.executor.parallel:run_until_complete finished with '0'
[0.895s] DEBUG:colcon.colcon_core.event_reactor:joining thread
[0.999s] INFO:colcon.colcon_core.plugin_system:Skipping extension 'colcon_notification.desktop_notification.notify_send': Could not find 'notify-send'
[0.999s] INFO:colcon.colcon_core.plugin_system:Skipping extension 'colcon_notification.desktop_notification.terminal_notifier': Not used on non-Darwin systems
[1.000s] INFO:colcon.colcon_core.plugin_system:Skipping extension 'colcon_notification.desktop_notification.win32': Not used on non-Windows systems
[1.000s] INFO:colcon.colcon_notification.desktop_notification:Sending desktop notification using 'notify2'
[1.000s] DEBUG:colcon.colcon_notification.desktop_notification.notify2:Failed to initialize notify2: org.freedesktop.DBus.Error.FileNotFound: Failed to connect to socket /run/user/1000/bus: No such file or directory
[1.000s] DEBUG:colcon.colcon_core.event_reactor:joined thread
[1.000s] INFO:colcon.colcon_core.shell:Creating prefix script '/home/seabro/osr_ws/src/osr-rover-code/ROS/osr_gazebo/install/local_setup.ps1'
[1.001s] INFO:colcon.colcon_core.shell:Creating prefix util module '/home/seabro/osr_ws/src/osr-rover-code/ROS/osr_gazebo/install/_local_setup_util_ps1.py'
[1.002s] INFO:colcon.colcon_core.shell:Creating prefix chain script '/home/seabro/osr_ws/src/osr-rover-code/ROS/osr_gazebo/install/setup.ps1'
[1.004s] INFO:colcon.colcon_core.shell:Creating prefix script '/home/seabro/osr_ws/src/osr-rover-code/ROS/osr_gazebo/install/local_setup.sh'
[1.004s] INFO:colcon.colcon_core.shell:Creating prefix util module '/home/seabro/osr_ws/src/osr-rover-code/ROS/osr_gazebo/install/_local_setup_util_sh.py'
[1.005s] INFO:colcon.colcon_core.shell:Creating prefix chain script '/home/seabro/osr_ws/src/osr-rover-code/ROS/osr_gazebo/install/setup.sh'
[1.006s] INFO:colcon.colcon_core.shell:Creating prefix script '/home/seabro/osr_ws/src/osr-rover-code/ROS/osr_gazebo/install/local_setup.bash'
[1.006s] INFO:colcon.colcon_core.shell:Creating prefix chain script '/home/seabro/osr_ws/src/osr-rover-code/ROS/osr_gazebo/install/setup.bash'
[1.008s] INFO:colcon.colcon_core.shell:Creating prefix script '/home/seabro/osr_ws/src/osr-rover-code/ROS/osr_gazebo/install/local_setup.zsh'
[1.008s] INFO:colcon.colcon_core.shell:Creating prefix chain script '/home/seabro/osr_ws/src/osr-rover-code/ROS/osr_gazebo/install/setup.zsh'
