[0.020s] Invoking command in '/home/seabro/osr_ws/src/osr-rover-code/ROS/build/osr_gazebo': CMAKE_PREFIX_PATH=${CMAKE_PREFIX_PATH}:/home/seabro/osr_ws/src/osr-rover-code/install/osr_control:/home/seabro/osr_ws/src/install/osr_control:/home/seabro/osr_ws/install/osr_control:/opt/ros/humble /usr/bin/cmake /home/seabro/osr_ws/src/osr-rover-code/ROS/osr_gazebo -DCMAKE_INSTALL_PREFIX=/home/seabro/osr_ws/src/osr-rover-code/ROS/install/osr_gazebo
[0.212s] -- The C compiler identification is GNU 11.4.0
[0.677s] -- The CXX compiler identification is GNU 11.4.0
[0.925s] -- Detecting C compiler ABI info
[1.116s] -- Detecting C compiler ABI info - done
[1.123s] -- Check for working C compiler: /usr/bin/cc - skipped
[1.124s] -- Detecting C compile features
[1.125s] -- Detecting C compile features - done
[1.128s] -- Detecting CXX compiler ABI info
[1.351s] -- Detecting CXX compiler ABI info - done
[1.361s] -- Check for working CXX compiler: /usr/bin/c++ - skipped
[1.361s] -- Detecting CXX compile features
[1.361s] -- Detecting CXX compile features - done
[1.369s] -- Found ament_cmake: 1.3.10 (/opt/ros/humble/share/ament_cmake/cmake)
[1.600s] -- Found Python3: /usr/bin/python3 (found version "3.10.12") found components: Interpreter 
[1.738s] -- Found control_msgs: 4.6.0 (/opt/ros/humble/share/control_msgs/cmake)
[1.973s] -- Found rosidl_generator_c: 3.1.5 (/opt/ros/humble/share/rosidl_generator_c/cmake)
[1.980s] -- Found rosidl_adapter: 3.1.5 (/opt/ros/humble/share/rosidl_adapter/cmake)
[1.995s] -- Found rosidl_generator_cpp: 3.1.5 (/opt/ros/humble/share/rosidl_generator_cpp/cmake)
[2.016s] -- Using all available rosidl_typesupport_c: rosidl_typesupport_fastrtps_c;rosidl_typesupport_introspection_c
[2.046s] -- Using all available rosidl_typesupport_cpp: rosidl_typesupport_fastrtps_cpp;rosidl_typesupport_introspection_cpp
[2.231s] -- Found rclcpp: 16.0.10 (/opt/ros/humble/share/rclcpp/cmake)
[2.299s] -- Found rmw_implementation_cmake: 6.1.2 (/opt/ros/humble/share/rmw_implementation_cmake/cmake)
[2.305s] -- Found rmw_fastrtps_cpp: 6.2.7 (/opt/ros/humble/share/rmw_fastrtps_cpp/cmake)
[3.650s] -- Found OpenSSL: /usr/lib/x86_64-linux-gnu/libcrypto.so (found version "3.0.2")  
[6.601s] -- Found FastRTPS: /opt/ros/humble/include  
[10.477s] -- Using RMW implementation 'rmw_fastrtps_cpp' as default
[10.493s] -- Looking for pthread.h
[10.698s] -- Looking for pthread.h - found
[10.698s] -- Performing Test CMAKE_HAVE_LIBC_PTHREAD
[10.880s] -- Performing Test CMAKE_HAVE_LIBC_PTHREAD - Success
[10.881s] -- Found Threads: TRUE  
[10.935s] -- Found rclcpp_action: 16.0.10 (/opt/ros/humble/share/rclcpp_action/cmake)
[10.950s] -- Found nav_msgs: 4.2.4 (/opt/ros/humble/share/nav_msgs/cmake)
[10.972s] -- Found tf2_geometry_msgs: 0.25.8 (/opt/ros/humble/share/tf2_geometry_msgs/cmake)
[11.062s] -- Found eigen3_cmake_module: 0.1.1 (/opt/ros/humble/share/eigen3_cmake_module/cmake)
[11.063s] -- Found Eigen3: TRUE (found version "3.4.0") 
[11.064s] -- Ensuring Eigen3 include directory is part of orocos-kdl CMake target
[11.171s] -- Found ament_cmake_gtest: 1.3.10 (/opt/ros/humble/share/ament_cmake_gtest/cmake)
[11.254s] -- Configuring done
[11.275s] -- Generating done
[11.277s] -- Build files have been written to: /home/seabro/osr_ws/src/osr-rover-code/ROS/build/osr_gazebo
[11.292s] Invoked command in '/home/seabro/osr_ws/src/osr-rover-code/ROS/build/osr_gazebo' returned '0': CMAKE_PREFIX_PATH=${CMAKE_PREFIX_PATH}:/home/seabro/osr_ws/src/osr-rover-code/install/osr_control:/home/seabro/osr_ws/src/install/osr_control:/home/seabro/osr_ws/install/osr_control:/opt/ros/humble /usr/bin/cmake /home/seabro/osr_ws/src/osr-rover-code/ROS/osr_gazebo -DCMAKE_INSTALL_PREFIX=/home/seabro/osr_ws/src/osr-rover-code/ROS/install/osr_gazebo
[11.294s] Invoking command in '/home/seabro/osr_ws/src/osr-rover-code/ROS/build/osr_gazebo': CMAKE_PREFIX_PATH=${CMAKE_PREFIX_PATH}:/home/seabro/osr_ws/src/osr-rover-code/install/osr_control:/home/seabro/osr_ws/src/install/osr_control:/home/seabro/osr_ws/install/osr_control:/opt/ros/humble /usr/bin/cmake --build /home/seabro/osr_ws/src/osr-rover-code/ROS/build/osr_gazebo -- -j8 -l8
[11.341s] [ 50%] [32mBuilding CXX object CMakeFiles/osr_controller.dir/src/osr_controller.cpp.o[0m
[11.695s] In file included from [01m[K/home/seabro/osr_ws/src/osr-rover-code/ROS/osr_gazebo/src/osr_controller.cpp:13[m[K:
[11.695s] [01m[K/opt/ros/humble/include/tf2_geometry_msgs/tf2_geometry_msgs/tf2_geometry_msgs.h:35:2:[m[K [01;35m[Kwarning: [m[K#warning This header is obsolete, please include tf2_geometry_msgs/tf2_geometry_msgs.hpp instead [[01;35m[K]8;;https://gcc.gnu.org/onlinedocs/gcc/Warning-Options.html#index-Wcpp-Wcpp]8;;[m[K]
[11.695s]    35 | #[01;35m[Kwarning[m[K This header is obsolete, please include tf2_geometry_msgs/tf2_geometry_msgs.hpp instead
[11.695s]       |  [01;35m[K^~~~~~~[m[K
[25.542s] [100%] [32m[1mLinking CXX executable osr_controller[0m
[26.441s] [100%] Built target osr_controller
[26.450s] Invoked command in '/home/seabro/osr_ws/src/osr-rover-code/ROS/build/osr_gazebo' returned '0': CMAKE_PREFIX_PATH=${CMAKE_PREFIX_PATH}:/home/seabro/osr_ws/src/osr-rover-code/install/osr_control:/home/seabro/osr_ws/src/install/osr_control:/home/seabro/osr_ws/install/osr_control:/opt/ros/humble /usr/bin/cmake --build /home/seabro/osr_ws/src/osr-rover-code/ROS/build/osr_gazebo -- -j8 -l8
[26.471s] Invoking command in '/home/seabro/osr_ws/src/osr-rover-code/ROS/build/osr_gazebo': CMAKE_PREFIX_PATH=${CMAKE_PREFIX_PATH}:/home/seabro/osr_ws/src/osr-rover-code/install/osr_control:/home/seabro/osr_ws/src/install/osr_control:/home/seabro/osr_ws/install/osr_control:/opt/ros/humble /usr/bin/cmake --install /home/seabro/osr_ws/src/osr-rover-code/ROS/build/osr_gazebo
[26.476s] -- Install configuration: ""
[26.476s] -- Installing: /home/seabro/osr_ws/src/osr-rover-code/ROS/install/osr_gazebo/share/osr_gazebo//launch
[26.477s] -- Installing: /home/seabro/osr_ws/src/osr-rover-code/ROS/install/osr_gazebo/share/osr_gazebo//launch/empty_world.launch.py
[26.477s] -- Installing: /home/seabro/osr_ws/src/osr-rover-code/ROS/install/osr_gazebo/share/osr_gazebo//launch/rviz.launch.py
[26.479s] -- Installing: /home/seabro/osr_ws/src/osr-rover-code/ROS/install/osr_gazebo/share/osr_gazebo//launch/marsyard2022.launch.py
[26.479s] -- Installing: /home/seabro/osr_ws/src/osr-rover-code/ROS/install/osr_gazebo/share/osr_gazebo//config
[26.479s] -- Installing: /home/seabro/osr_ws/src/osr-rover-code/ROS/install/osr_gazebo/share/osr_gazebo//config/controller_velocity.yaml
[26.480s] -- Installing: /home/seabro/osr_ws/src/osr-rover-code/ROS/install/osr_gazebo/share/osr_gazebo//urdf
[26.480s] -- Installing: /home/seabro/osr_ws/src/osr-rover-code/ROS/install/osr_gazebo/share/osr_gazebo//urdf/osr.urdf.xacro
[26.480s] -- Installing: /home/seabro/osr_ws/src/osr-rover-code/ROS/install/osr_gazebo/share/osr_gazebo//urdf/insert_transmission.urdf.xacro
[26.480s] -- Installing: /home/seabro/osr_ws/src/osr-rover-code/ROS/install/osr_gazebo/share/osr_gazebo//urdf/gazebo.urdf.xacro
[26.481s] -- Installing: /home/seabro/osr_ws/src/osr-rover-code/ROS/install/osr_gazebo/share/osr_gazebo//meshes
[26.481s] -- Installing: /home/seabro/osr_ws/src/osr-rover-code/ROS/install/osr_gazebo/share/osr_gazebo//meshes/turn_left_test.stl
[26.483s] -- Installing: /home/seabro/osr_ws/src/osr-rover-code/ROS/install/osr_gazebo/share/osr_gazebo//meshes/wheel_link_left_2.stl
[26.491s] -- Installing: /home/seabro/osr_ws/src/osr-rover-code/ROS/install/osr_gazebo/share/osr_gazebo//meshes/rocker_bogie_final.stl
[26.500s] -- Installing: /home/seabro/osr_ws/src/osr-rover-code/ROS/install/osr_gazebo/share/osr_gazebo//meshes/turn_L.stl
[26.504s] -- Installing: /home/seabro/osr_ws/src/osr-rover-code/ROS/install/osr_gazebo/share/osr_gazebo//meshes/body.stl
[26.531s] -- Installing: /home/seabro/osr_ws/src/osr-rover-code/ROS/install/osr_gazebo/share/osr_gazebo//meshes/arm.stl
[26.535s] -- Installing: /home/seabro/osr_ws/src/osr-rover-code/ROS/install/osr_gazebo/share/osr_gazebo//meshes/wheel_middle_left.stl
[26.541s] -- Installing: /home/seabro/osr_ws/src/osr-rover-code/ROS/install/osr_gazebo/share/osr_gazebo//meshes/rockerbogie_front_1.stl
[26.554s] -- Installing: /home/seabro/osr_ws/src/osr-rover-code/ROS/install/osr_gazebo/share/osr_gazebo//meshes/turn_right_test.stl
[26.556s] -- Installing: /home/seabro/osr_ws/src/osr-rover-code/ROS/install/osr_gazebo/share/osr_gazebo//meshes/rocker_bogie_link_front.stl
[26.564s] -- Installing: /home/seabro/osr_ws/src/osr-rover-code/ROS/install/osr_gazebo/share/osr_gazebo//meshes/body_axis.stl
[26.566s] -- Installing: /home/seabro/osr_ws/src/osr-rover-code/ROS/install/osr_gazebo/share/osr_gazebo//meshes/rockerbogie_middle_1.stl
[26.580s] -- Installing: /home/seabro/osr_ws/src/osr-rover-code/ROS/install/osr_gazebo/share/osr_gazebo//meshes/box_link.stl
[26.582s] -- Installing: /home/seabro/osr_ws/src/osr-rover-code/ROS/install/osr_gazebo/share/osr_gazebo//meshes/wheel.stl
[26.588s] -- Installing: /home/seabro/osr_ws/src/osr-rover-code/ROS/install/osr_gazebo/share/osr_gazebo//meshes/turn_R.stl
[26.590s] -- Installing: /home/seabro/osr_ws/src/osr-rover-code/ROS/install/osr_gazebo/share/osr_gazebo//meshes/rocker_bogie_link_middle.stl
[26.592s] -- Installing: /home/seabro/osr_ws/src/osr-rover-code/ROS/install/osr_gazebo/share/osr_gazebo//meshes/rocker_bogie_link_rear.stl
[26.597s] -- Installing: /home/seabro/osr_ws/src/osr-rover-code/ROS/install/osr_gazebo/share/osr_gazebo//meshes/wheel_link_right_2.stl
[26.603s] -- Installing: /home/seabro/osr_ws/src/osr-rover-code/ROS/install/osr_gazebo/share/osr_gazebo//rviz
[26.603s] -- Installing: /home/seabro/osr_ws/src/osr-rover-code/ROS/install/osr_gazebo/share/osr_gazebo//rviz/rviz_settings.rviz
[26.603s] -- Installing: /home/seabro/osr_ws/src/osr-rover-code/ROS/install/osr_gazebo/share/osr_gazebo//models
[26.604s] -- Installing: /home/seabro/osr_ws/src/osr-rover-code/ROS/install/osr_gazebo/share/osr_gazebo//models/marsyard2022
[26.604s] -- Installing: /home/seabro/osr_ws/src/osr-rover-code/ROS/install/osr_gazebo/share/osr_gazebo//models/marsyard2022/model.config
[26.604s] -- Installing: /home/seabro/osr_ws/src/osr-rover-code/ROS/install/osr_gazebo/share/osr_gazebo//models/marsyard2022/README.md.txt
[26.604s] -- Installing: /home/seabro/osr_ws/src/osr-rover-code/ROS/install/osr_gazebo/share/osr_gazebo//models/marsyard2022/dem
[26.604s] -- Installing: /home/seabro/osr_ws/src/osr-rover-code/ROS/install/osr_gazebo/share/osr_gazebo//models/marsyard2022/dem/marsyard2022_terrain_hm.tif
[26.605s] -- Installing: /home/seabro/osr_ws/src/osr-rover-code/ROS/install/osr_gazebo/share/osr_gazebo//models/marsyard2022/dem/marsyard2022_terrain_texture.png
[26.668s] -- Installing: /home/seabro/osr_ws/src/osr-rover-code/ROS/install/osr_gazebo/share/osr_gazebo//models/marsyard2022/model.sdf
[26.668s] -- Installing: /home/seabro/osr_ws/src/osr-rover-code/ROS/install/osr_gazebo/share/osr_gazebo//worlds
[26.668s] -- Installing: /home/seabro/osr_ws/src/osr-rover-code/ROS/install/osr_gazebo/share/osr_gazebo//worlds/marsyard2022.world
[26.668s] -- Installing: /home/seabro/osr_ws/src/osr-rover-code/ROS/install/osr_gazebo/lib/osr_gazebo/osr_controller
[26.677s] -- Set runtime path of "/home/seabro/osr_ws/src/osr-rover-code/ROS/install/osr_gazebo/lib/osr_gazebo/osr_controller" to ""
[26.678s] -- Installing: /home/seabro/osr_ws/src/osr-rover-code/ROS/install/osr_gazebo/share/ament_index/resource_index/package_run_dependencies/osr_gazebo
[26.678s] -- Installing: /home/seabro/osr_ws/src/osr-rover-code/ROS/install/osr_gazebo/share/ament_index/resource_index/parent_prefix_path/osr_gazebo
[26.678s] -- Installing: /home/seabro/osr_ws/src/osr-rover-code/ROS/install/osr_gazebo/share/osr_gazebo/environment/ament_prefix_path.sh
[26.679s] -- Installing: /home/seabro/osr_ws/src/osr-rover-code/ROS/install/osr_gazebo/share/osr_gazebo/environment/ament_prefix_path.dsv
[26.679s] -- Installing: /home/seabro/osr_ws/src/osr-rover-code/ROS/install/osr_gazebo/share/osr_gazebo/environment/path.sh
[26.679s] -- Installing: /home/seabro/osr_ws/src/osr-rover-code/ROS/install/osr_gazebo/share/osr_gazebo/environment/path.dsv
[26.680s] -- Installing: /home/seabro/osr_ws/src/osr-rover-code/ROS/install/osr_gazebo/share/osr_gazebo/local_setup.bash
[26.680s] -- Installing: /home/seabro/osr_ws/src/osr-rover-code/ROS/install/osr_gazebo/share/osr_gazebo/local_setup.sh
[26.680s] -- Installing: /home/seabro/osr_ws/src/osr-rover-code/ROS/install/osr_gazebo/share/osr_gazebo/local_setup.zsh
[26.681s] -- Installing: /home/seabro/osr_ws/src/osr-rover-code/ROS/install/osr_gazebo/share/osr_gazebo/local_setup.dsv
[26.681s] -- Installing: /home/seabro/osr_ws/src/osr-rover-code/ROS/install/osr_gazebo/share/osr_gazebo/package.dsv
[26.681s] -- Installing: /home/seabro/osr_ws/src/osr-rover-code/ROS/install/osr_gazebo/share/ament_index/resource_index/packages/osr_gazebo
[26.681s] -- Installing: /home/seabro/osr_ws/src/osr-rover-code/ROS/install/osr_gazebo/share/osr_gazebo/cmake/osr_gazeboConfig.cmake
[26.681s] -- Installing: /home/seabro/osr_ws/src/osr-rover-code/ROS/install/osr_gazebo/share/osr_gazebo/cmake/osr_gazeboConfig-version.cmake
[26.681s] -- Installing: /home/seabro/osr_ws/src/osr-rover-code/ROS/install/osr_gazebo/share/osr_gazebo/package.xml
[26.684s] Invoked command in '/home/seabro/osr_ws/src/osr-rover-code/ROS/build/osr_gazebo' returned '0': CMAKE_PREFIX_PATH=${CMAKE_PREFIX_PATH}:/home/seabro/osr_ws/src/osr-rover-code/install/osr_control:/home/seabro/osr_ws/src/install/osr_control:/home/seabro/osr_ws/install/osr_control:/opt/ros/humble /usr/bin/cmake --install /home/seabro/osr_ws/src/osr-rover-code/ROS/build/osr_gazebo
