[0.031s] Invoking command in '/home/seabro/osr_ws/src/osr-rover-code/ROS/build/osr_interfaces': CMAKE_PREFIX_PATH=${CMAKE_PREFIX_PATH}:/home/seabro/osr_ws/src/osr-rover-code/install/osr_control:/home/seabro/osr_ws/src/install/osr_control:/home/seabro/osr_ws/install/osr_control:/opt/ros/humble /usr/bin/cmake /home/seabro/osr_ws/src/osr-rover-code/ROS/osr_interfaces -DCMAKE_INSTALL_PREFIX=/home/seabro/osr_ws/src/osr-rover-code/ROS/install/osr_interfaces
[0.234s] -- The C compiler identification is GNU 11.4.0
[0.705s] -- The CXX compiler identification is GNU 11.4.0
[1.054s] -- Detecting C compiler ABI info
[1.187s] -- Detecting C compiler ABI info - done
[1.198s] -- Check for working C compiler: /usr/bin/cc - skipped
[1.198s] -- Detecting C compile features
[1.199s] -- Detecting C compile features - done
[1.203s] -- Detecting CXX compiler ABI info
[1.369s] -- Detecting CXX compiler ABI info - done
[1.384s] -- Check for working CXX compiler: /usr/bin/c++ - skipped
[1.385s] -- Detecting CXX compile features
[1.386s] -- Detecting CXX compile features - done
[1.389s] -- Found ament_cmake: 1.3.10 (/opt/ros/humble/share/ament_cmake/cmake)
[1.614s] -- Found Python3: /usr/bin/python3 (found version "3.10.12") found components: Interpreter 
[1.759s] -- Found rosidl_default_generators: 1.2.0 (/opt/ros/humble/share/rosidl_default_generators/cmake)
[1.768s] -- Using all available rosidl_typesupport_c: rosidl_typesupport_fastrtps_c;rosidl_typesupport_introspection_c
[1.782s] -- Found rosidl_adapter: 3.1.5 (/opt/ros/humble/share/rosidl_adapter/cmake)
[2.020s] -- Using all available rosidl_typesupport_cpp: rosidl_typesupport_fastrtps_cpp;rosidl_typesupport_introspection_cpp
[2.440s] -- Found ament_cmake_ros: 0.10.0 (/opt/ros/humble/share/ament_cmake_ros/cmake)
[2.696s] -- Using all available rosidl_typesupport_c: rosidl_typesupport_fastrtps_c;rosidl_typesupport_introspection_c
[2.992s] -- Using all available rosidl_typesupport_cpp: rosidl_typesupport_fastrtps_cpp;rosidl_typesupport_introspection_cpp
[3.181s] -- Found PythonInterp: /usr/bin/python3 (found suitable version "3.10.12", minimum required is "3.6") 
[3.184s] -- Found python_cmake_module: 0.10.0 (/opt/ros/humble/share/python_cmake_module/cmake)
[3.598s] -- Found PythonLibs: /usr/lib/x86_64-linux-gnu/libpython3.10.so (found suitable version "3.10.12", minimum required is "3.5") 
[3.598s] -- Using PYTHON_EXECUTABLE: /usr/bin/python3
[3.598s] -- Using PYTHON_INCLUDE_DIRS: /usr/include/python3.10
[3.599s] -- Using PYTHON_LIBRARIES: /usr/lib/x86_64-linux-gnu/libpython3.10.so
[3.625s] -- Found PythonExtra: .so  
[3.722s] -- Found ament_lint_auto: 0.12.11 (/opt/ros/humble/share/ament_lint_auto/cmake)
[3.760s] -- Added test 'copyright' to check source files copyright and LICENSE
[3.762s] -- Added test 'lint_cmake' to check CMake code style
[3.763s] -- Added test 'xmllint' to check XML markup files
[3.768s] -- Configuring done
[3.819s] -- Generating done
[3.825s] -- Build files have been written to: /home/seabro/osr_ws/src/osr-rover-code/ROS/build/osr_interfaces
[3.835s] Invoked command in '/home/seabro/osr_ws/src/osr-rover-code/ROS/build/osr_interfaces' returned '0': CMAKE_PREFIX_PATH=${CMAKE_PREFIX_PATH}:/home/seabro/osr_ws/src/osr-rover-code/install/osr_control:/home/seabro/osr_ws/src/install/osr_control:/home/seabro/osr_ws/install/osr_control:/opt/ros/humble /usr/bin/cmake /home/seabro/osr_ws/src/osr-rover-code/ROS/osr_interfaces -DCMAKE_INSTALL_PREFIX=/home/seabro/osr_ws/src/osr-rover-code/ROS/install/osr_interfaces
[3.837s] Invoking command in '/home/seabro/osr_ws/src/osr-rover-code/ROS/build/osr_interfaces': CMAKE_PREFIX_PATH=${CMAKE_PREFIX_PATH}:/home/seabro/osr_ws/src/osr-rover-code/install/osr_control:/home/seabro/osr_ws/src/install/osr_control:/home/seabro/osr_ws/install/osr_control:/opt/ros/humble /usr/bin/cmake --build /home/seabro/osr_ws/src/osr-rover-code/ROS/build/osr_interfaces -- -j8 -l8
[3.885s] [  2%] [34m[1mGenerating C code for ROS interfaces[0m
[3.900s] [  4%] [34m[1mGenerating C++ code for ROS interfaces[0m
[3.911s] [  4%] Built target ament_cmake_python_copy_osr_interfaces
[4.271s] running egg_info
[4.273s] creating osr_interfaces.egg-info
[4.273s] writing osr_interfaces.egg-info/PKG-INFO
[4.274s] writing dependency_links to osr_interfaces.egg-info/dependency_links.txt
[4.274s] writing top-level names to osr_interfaces.egg-info/top_level.txt
[4.275s] writing manifest file 'osr_interfaces.egg-info/SOURCES.txt'
[4.277s] reading manifest file 'osr_interfaces.egg-info/SOURCES.txt'
[4.278s] writing manifest file 'osr_interfaces.egg-info/SOURCES.txt'
[4.314s] [  4%] Built target ament_cmake_python_build_osr_interfaces_egg
[4.545s] [  4%] Built target osr_interfaces__cpp
[4.561s] [  6%] [34m[1mGenerating C++ introspection for ROS interfaces[0m
[4.561s] [  8%] [34m[1mGenerating C++ type support for eProsima Fast-RTPS[0m
[4.561s] [ 10%] [34m[1mGenerating C++ type support dispatch for ROS interfaces[0m
[4.580s] [ 12%] [32mBuilding C object CMakeFiles/osr_interfaces__rosidl_generator_c.dir/rosidl_generator_c/osr_interfaces/msg/detail/status__functions.c.o[0m
[4.582s] [ 17%] [32mBuilding C object CMakeFiles/osr_interfaces__rosidl_generator_c.dir/rosidl_generator_c/osr_interfaces/msg/detail/command_drive__functions.c.o[0m
[4.582s] [ 17%] [32mBuilding C object CMakeFiles/osr_interfaces__rosidl_generator_c.dir/rosidl_generator_c/osr_interfaces/msg/detail/command_corner__functions.c.o[0m
[4.727s] [ 19%] [32m[1mLinking C shared library libosr_interfaces__rosidl_generator_c.so[0m
[4.982s] [ 19%] Built target osr_interfaces__rosidl_generator_c
[4.999s] [ 21%] [34m[1mGenerating C introspection for ROS interfaces[0m
[5.002s] [ 23%] [34m[1mGenerating C type support for eProsima Fast-RTPS[0m
[5.006s] [ 25%] [34m[1mGenerating C type support dispatch for ROS interfaces[0m
[5.526s] [ 27%] [32mBuilding CXX object CMakeFiles/osr_interfaces__rosidl_typesupport_cpp.dir/rosidl_typesupport_cpp/osr_interfaces/msg/status__type_support.cpp.o[0m
[5.534s] [ 29%] [32mBuilding CXX object CMakeFiles/osr_interfaces__rosidl_typesupport_cpp.dir/rosidl_typesupport_cpp/osr_interfaces/msg/command_drive__type_support.cpp.o[0m
[5.555s] [ 31%] [32mBuilding CXX object CMakeFiles/osr_interfaces__rosidl_typesupport_cpp.dir/rosidl_typesupport_cpp/osr_interfaces/msg/command_corner__type_support.cpp.o[0m
[5.735s] [ 34%] [32mBuilding CXX object CMakeFiles/osr_interfaces__rosidl_typesupport_introspection_cpp.dir/rosidl_typesupport_introspection_cpp/osr_interfaces/msg/detail/status__type_support.cpp.o[0m
[5.853s] [ 36%] [32mBuilding CXX object CMakeFiles/osr_interfaces__rosidl_typesupport_fastrtps_cpp.dir/rosidl_typesupport_fastrtps_cpp/osr_interfaces/msg/detail/dds_fastrtps/status__type_support.cpp.o[0m
[6.103s] [ 38%] [32mBuilding CXX object CMakeFiles/osr_interfaces__rosidl_typesupport_c.dir/rosidl_typesupport_c/osr_interfaces/msg/status__type_support.cpp.o[0m
[6.174s] [ 40%] [32mBuilding CXX object CMakeFiles/osr_interfaces__rosidl_typesupport_c.dir/rosidl_typesupport_c/osr_interfaces/msg/command_drive__type_support.cpp.o[0m
[6.251s] [ 42%] [32mBuilding CXX object CMakeFiles/osr_interfaces__rosidl_typesupport_c.dir/rosidl_typesupport_c/osr_interfaces/msg/command_corner__type_support.cpp.o[0m
[6.333s] [ 44%] [32m[1mLinking CXX shared library libosr_interfaces__rosidl_typesupport_c.so[0m
[6.368s] [ 46%] [32mBuilding C object CMakeFiles/osr_interfaces__rosidl_typesupport_introspection_c.dir/rosidl_typesupport_introspection_c/osr_interfaces/msg/detail/status__type_support.c.o[0m
[6.381s] [ 48%] [32mBuilding CXX object CMakeFiles/osr_interfaces__rosidl_typesupport_fastrtps_c.dir/rosidl_typesupport_fastrtps_c/osr_interfaces/msg/detail/status__type_support_c.cpp.o[0m
[6.484s] [ 51%] [32mBuilding C object CMakeFiles/osr_interfaces__rosidl_typesupport_introspection_c.dir/rosidl_typesupport_introspection_c/osr_interfaces/msg/detail/command_drive__type_support.c.o[0m
[6.512s] [ 53%] [32mBuilding CXX object CMakeFiles/osr_interfaces__rosidl_typesupport_fastrtps_cpp.dir/rosidl_typesupport_fastrtps_cpp/osr_interfaces/msg/detail/dds_fastrtps/command_drive__type_support.cpp.o[0m
[6.537s] [ 55%] [32m[1mLinking CXX shared library libosr_interfaces__rosidl_typesupport_cpp.so[0m
[6.537s] [ 57%] [32mBuilding CXX object CMakeFiles/osr_interfaces__rosidl_typesupport_fastrtps_c.dir/rosidl_typesupport_fastrtps_c/osr_interfaces/msg/detail/command_drive__type_support_c.cpp.o[0m
[6.563s] [ 59%] [32mBuilding C object CMakeFiles/osr_interfaces__rosidl_typesupport_introspection_c.dir/rosidl_typesupport_introspection_c/osr_interfaces/msg/detail/command_corner__type_support.c.o[0m
[6.653s] [ 61%] [32m[1mLinking C shared library libosr_interfaces__rosidl_typesupport_introspection_c.so[0m
[6.786s] [ 61%] Built target osr_interfaces__rosidl_typesupport_c
[6.805s] [ 63%] [32mBuilding CXX object CMakeFiles/osr_interfaces__rosidl_typesupport_introspection_cpp.dir/rosidl_typesupport_introspection_cpp/osr_interfaces/msg/detail/command_drive__type_support.cpp.o[0m
[6.911s] [ 63%] Built target osr_interfaces__rosidl_typesupport_cpp
[6.928s] [ 65%] [32mBuilding CXX object CMakeFiles/osr_interfaces__rosidl_typesupport_introspection_cpp.dir/rosidl_typesupport_introspection_cpp/osr_interfaces/msg/detail/command_corner__type_support.cpp.o[0m
[7.043s] [ 65%] Built target osr_interfaces__rosidl_typesupport_introspection_c
[7.070s] [ 68%] [32mBuilding CXX object CMakeFiles/osr_interfaces__rosidl_typesupport_fastrtps_c.dir/rosidl_typesupport_fastrtps_c/osr_interfaces/msg/detail/command_corner__type_support_c.cpp.o[0m
[7.112s] [ 70%] [32mBuilding CXX object CMakeFiles/osr_interfaces__rosidl_typesupport_fastrtps_cpp.dir/rosidl_typesupport_fastrtps_cpp/osr_interfaces/msg/detail/dds_fastrtps/command_corner__type_support.cpp.o[0m
[7.874s] [ 72%] [32m[1mLinking CXX shared library libosr_interfaces__rosidl_typesupport_introspection_cpp.so[0m
[7.887s] [ 74%] [32m[1mLinking CXX shared library libosr_interfaces__rosidl_typesupport_fastrtps_c.so[0m
[8.007s] [ 76%] [32m[1mLinking CXX shared library libosr_interfaces__rosidl_typesupport_fastrtps_cpp.so[0m
[8.081s] [ 76%] Built target osr_interfaces__rosidl_typesupport_fastrtps_c
[8.082s] [ 76%] Built target osr_interfaces__rosidl_typesupport_introspection_cpp
[8.244s] [ 76%] Built target osr_interfaces__rosidl_typesupport_fastrtps_cpp
[8.266s] [ 76%] Built target osr_interfaces
[8.289s] [ 78%] [34m[1mGenerating Python code for ROS interfaces[0m
[8.993s] [ 78%] Built target osr_interfaces__py
[9.017s] [ 82%] [32mBuilding C object CMakeFiles/osr_interfaces__rosidl_generator_py.dir/rosidl_generator_py/osr_interfaces/msg/_command_drive_s.c.o[0m
[9.017s] [ 82%] [32mBuilding C object CMakeFiles/osr_interfaces__rosidl_generator_py.dir/rosidl_generator_py/osr_interfaces/msg/_command_corner_s.c.o[0m
[9.017s] [ 85%] [32mBuilding C object CMakeFiles/osr_interfaces__rosidl_generator_py.dir/rosidl_generator_py/osr_interfaces/msg/_status_s.c.o[0m
[9.214s] [ 87%] [32m[1mLinking C shared library rosidl_generator_py/osr_interfaces/libosr_interfaces__rosidl_generator_py.so[0m
[9.341s] [ 87%] Built target osr_interfaces__rosidl_generator_py
[9.363s] [ 89%] [32mBuilding C object CMakeFiles/osr_interfaces__rosidl_typesupport_c__pyext.dir/rosidl_generator_py/osr_interfaces/_osr_interfaces_s.ep.rosidl_typesupport_c.c.o[0m
[9.364s] [ 91%] [32mBuilding C object CMakeFiles/osr_interfaces__rosidl_typesupport_fastrtps_c__pyext.dir/rosidl_generator_py/osr_interfaces/_osr_interfaces_s.ep.rosidl_typesupport_fastrtps_c.c.o[0m
[9.365s] [ 93%] [32mBuilding C object CMakeFiles/osr_interfaces__rosidl_typesupport_introspection_c__pyext.dir/rosidl_generator_py/osr_interfaces/_osr_interfaces_s.ep.rosidl_typesupport_introspection_c.c.o[0m
[9.496s] [ 95%] [32m[1mLinking C shared library rosidl_generator_py/osr_interfaces/osr_interfaces_s__rosidl_typesupport_c.cpython-310-x86_64-linux-gnu.so[0m
[9.521s] [ 97%] [32m[1mLinking C shared library rosidl_generator_py/osr_interfaces/osr_interfaces_s__rosidl_typesupport_introspection_c.cpython-310-x86_64-linux-gnu.so[0m
[9.529s] [100%] [32m[1mLinking C shared library rosidl_generator_py/osr_interfaces/osr_interfaces_s__rosidl_typesupport_fastrtps_c.cpython-310-x86_64-linux-gnu.so[0m
[9.682s] [100%] Built target osr_interfaces__rosidl_typesupport_c__pyext
[9.692s] [100%] Built target osr_interfaces__rosidl_typesupport_introspection_c__pyext
[9.696s] [100%] Built target osr_interfaces__rosidl_typesupport_fastrtps_c__pyext
[9.709s] Invoked command in '/home/seabro/osr_ws/src/osr-rover-code/ROS/build/osr_interfaces' returned '0': CMAKE_PREFIX_PATH=${CMAKE_PREFIX_PATH}:/home/seabro/osr_ws/src/osr-rover-code/install/osr_control:/home/seabro/osr_ws/src/install/osr_control:/home/seabro/osr_ws/install/osr_control:/opt/ros/humble /usr/bin/cmake --build /home/seabro/osr_ws/src/osr-rover-code/ROS/build/osr_interfaces -- -j8 -l8
[9.825s] Invoking command in '/home/seabro/osr_ws/src/osr-rover-code/ROS/build/osr_interfaces': CMAKE_PREFIX_PATH=${CMAKE_PREFIX_PATH}:/home/seabro/osr_ws/src/osr-rover-code/install/osr_control:/home/seabro/osr_ws/src/install/osr_control:/home/seabro/osr_ws/install/osr_control:/opt/ros/humble /usr/bin/cmake --install /home/seabro/osr_ws/src/osr-rover-code/ROS/build/osr_interfaces
[9.834s] -- Install configuration: ""
[9.834s] -- Installing: /home/seabro/osr_ws/src/osr-rover-code/ROS/install/osr_interfaces/share/ament_index/resource_index/rosidl_interfaces/osr_interfaces
[9.835s] -- Installing: /home/seabro/osr_ws/src/osr-rover-code/ROS/install/osr_interfaces/include/osr_interfaces/osr_interfaces
[9.835s] -- Installing: /home/seabro/osr_ws/src/osr-rover-code/ROS/install/osr_interfaces/include/osr_interfaces/osr_interfaces/msg
[9.835s] -- Installing: /home/seabro/osr_ws/src/osr-rover-code/ROS/install/osr_interfaces/include/osr_interfaces/osr_interfaces/msg/status.h
[9.835s] -- Installing: /home/seabro/osr_ws/src/osr-rover-code/ROS/install/osr_interfaces/include/osr_interfaces/osr_interfaces/msg/command_drive.h
[9.836s] -- Installing: /home/seabro/osr_ws/src/osr-rover-code/ROS/install/osr_interfaces/include/osr_interfaces/osr_interfaces/msg/command_corner.h
[9.836s] -- Installing: /home/seabro/osr_ws/src/osr-rover-code/ROS/install/osr_interfaces/include/osr_interfaces/osr_interfaces/msg/rosidl_generator_c__visibility_control.h
[9.836s] -- Installing: /home/seabro/osr_ws/src/osr-rover-code/ROS/install/osr_interfaces/include/osr_interfaces/osr_interfaces/msg/detail
[9.836s] -- Installing: /home/seabro/osr_ws/src/osr-rover-code/ROS/install/osr_interfaces/include/osr_interfaces/osr_interfaces/msg/detail/command_corner__struct.h
[9.837s] -- Installing: /home/seabro/osr_ws/src/osr-rover-code/ROS/install/osr_interfaces/include/osr_interfaces/osr_interfaces/msg/detail/command_corner__functions.c
[9.837s] -- Installing: /home/seabro/osr_ws/src/osr-rover-code/ROS/install/osr_interfaces/include/osr_interfaces/osr_interfaces/msg/detail/status__functions.c
[9.837s] -- Installing: /home/seabro/osr_ws/src/osr-rover-code/ROS/install/osr_interfaces/include/osr_interfaces/osr_interfaces/msg/detail/command_corner__functions.h
[9.838s] -- Installing: /home/seabro/osr_ws/src/osr-rover-code/ROS/install/osr_interfaces/include/osr_interfaces/osr_interfaces/msg/detail/command_drive__functions.h
[9.838s] -- Installing: /home/seabro/osr_ws/src/osr-rover-code/ROS/install/osr_interfaces/include/osr_interfaces/osr_interfaces/msg/detail/status__struct.h
[9.838s] -- Installing: /home/seabro/osr_ws/src/osr-rover-code/ROS/install/osr_interfaces/include/osr_interfaces/osr_interfaces/msg/detail/command_drive__functions.c
[9.838s] -- Installing: /home/seabro/osr_ws/src/osr-rover-code/ROS/install/osr_interfaces/include/osr_interfaces/osr_interfaces/msg/detail/command_drive__struct.h
[9.838s] -- Installing: /home/seabro/osr_ws/src/osr-rover-code/ROS/install/osr_interfaces/include/osr_interfaces/osr_interfaces/msg/detail/status__functions.h
[9.839s] -- Installing: /home/seabro/osr_ws/src/osr-rover-code/ROS/install/osr_interfaces/include/osr_interfaces/osr_interfaces/msg/detail/command_drive__type_support.h
[9.839s] -- Installing: /home/seabro/osr_ws/src/osr-rover-code/ROS/install/osr_interfaces/include/osr_interfaces/osr_interfaces/msg/detail/command_corner__type_support.h
[9.839s] -- Installing: /home/seabro/osr_ws/src/osr-rover-code/ROS/install/osr_interfaces/include/osr_interfaces/osr_interfaces/msg/detail/status__type_support.h
[9.840s] -- Installing: /home/seabro/osr_ws/src/osr-rover-code/ROS/install/osr_interfaces/share/osr_interfaces/environment/library_path.sh
[9.840s] -- Installing: /home/seabro/osr_ws/src/osr-rover-code/ROS/install/osr_interfaces/share/osr_interfaces/environment/library_path.dsv
[9.840s] -- Installing: /home/seabro/osr_ws/src/osr-rover-code/ROS/install/osr_interfaces/lib/libosr_interfaces__rosidl_generator_c.so
[9.840s] -- Set runtime path of "/home/seabro/osr_ws/src/osr-rover-code/ROS/install/osr_interfaces/lib/libosr_interfaces__rosidl_generator_c.so" to ""
[9.841s] -- Up-to-date: /home/seabro/osr_ws/src/osr-rover-code/ROS/install/osr_interfaces/include/osr_interfaces/osr_interfaces
[9.841s] -- Up-to-date: /home/seabro/osr_ws/src/osr-rover-code/ROS/install/osr_interfaces/include/osr_interfaces/osr_interfaces/msg
[9.841s] -- Installing: /home/seabro/osr_ws/src/osr-rover-code/ROS/install/osr_interfaces/include/osr_interfaces/osr_interfaces/msg/rosidl_typesupport_fastrtps_c__visibility_control.h
[9.841s] -- Up-to-date: /home/seabro/osr_ws/src/osr-rover-code/ROS/install/osr_interfaces/include/osr_interfaces/osr_interfaces/msg/detail
[9.842s] -- Installing: /home/seabro/osr_ws/src/osr-rover-code/ROS/install/osr_interfaces/include/osr_interfaces/osr_interfaces/msg/detail/command_drive__rosidl_typesupport_fastrtps_c.h
[9.842s] -- Installing: /home/seabro/osr_ws/src/osr-rover-code/ROS/install/osr_interfaces/include/osr_interfaces/osr_interfaces/msg/detail/command_corner__rosidl_typesupport_fastrtps_c.h
[9.842s] -- Installing: /home/seabro/osr_ws/src/osr-rover-code/ROS/install/osr_interfaces/include/osr_interfaces/osr_interfaces/msg/detail/status__rosidl_typesupport_fastrtps_c.h
[9.842s] -- Installing: /home/seabro/osr_ws/src/osr-rover-code/ROS/install/osr_interfaces/lib/libosr_interfaces__rosidl_typesupport_fastrtps_c.so
[9.843s] -- Set runtime path of "/home/seabro/osr_ws/src/osr-rover-code/ROS/install/osr_interfaces/lib/libosr_interfaces__rosidl_typesupport_fastrtps_c.so" to ""
[9.843s] -- Up-to-date: /home/seabro/osr_ws/src/osr-rover-code/ROS/install/osr_interfaces/include/osr_interfaces/osr_interfaces
[9.843s] -- Up-to-date: /home/seabro/osr_ws/src/osr-rover-code/ROS/install/osr_interfaces/include/osr_interfaces/osr_interfaces/msg
[9.843s] -- Installing: /home/seabro/osr_ws/src/osr-rover-code/ROS/install/osr_interfaces/include/osr_interfaces/osr_interfaces/msg/rosidl_typesupport_introspection_c__visibility_control.h
[9.843s] -- Up-to-date: /home/seabro/osr_ws/src/osr-rover-code/ROS/install/osr_interfaces/include/osr_interfaces/osr_interfaces/msg/detail
[9.843s] -- Installing: /home/seabro/osr_ws/src/osr-rover-code/ROS/install/osr_interfaces/include/osr_interfaces/osr_interfaces/msg/detail/command_drive__rosidl_typesupport_introspection_c.h
[9.844s] -- Installing: /home/seabro/osr_ws/src/osr-rover-code/ROS/install/osr_interfaces/include/osr_interfaces/osr_interfaces/msg/detail/status__type_support.c
[9.844s] -- Installing: /home/seabro/osr_ws/src/osr-rover-code/ROS/install/osr_interfaces/include/osr_interfaces/osr_interfaces/msg/detail/status__rosidl_typesupport_introspection_c.h
[9.844s] -- Installing: /home/seabro/osr_ws/src/osr-rover-code/ROS/install/osr_interfaces/include/osr_interfaces/osr_interfaces/msg/detail/command_drive__type_support.c
[9.845s] -- Installing: /home/seabro/osr_ws/src/osr-rover-code/ROS/install/osr_interfaces/include/osr_interfaces/osr_interfaces/msg/detail/command_corner__type_support.c
[9.845s] -- Installing: /home/seabro/osr_ws/src/osr-rover-code/ROS/install/osr_interfaces/include/osr_interfaces/osr_interfaces/msg/detail/command_corner__rosidl_typesupport_introspection_c.h
[9.845s] -- Installing: /home/seabro/osr_ws/src/osr-rover-code/ROS/install/osr_interfaces/lib/libosr_interfaces__rosidl_typesupport_introspection_c.so
[9.845s] -- Set runtime path of "/home/seabro/osr_ws/src/osr-rover-code/ROS/install/osr_interfaces/lib/libosr_interfaces__rosidl_typesupport_introspection_c.so" to ""
[9.845s] -- Installing: /home/seabro/osr_ws/src/osr-rover-code/ROS/install/osr_interfaces/lib/libosr_interfaces__rosidl_typesupport_c.so
[9.845s] -- Set runtime path of "/home/seabro/osr_ws/src/osr-rover-code/ROS/install/osr_interfaces/lib/libosr_interfaces__rosidl_typesupport_c.so" to ""
[9.846s] -- Up-to-date: /home/seabro/osr_ws/src/osr-rover-code/ROS/install/osr_interfaces/include/osr_interfaces/osr_interfaces
[9.846s] -- Up-to-date: /home/seabro/osr_ws/src/osr-rover-code/ROS/install/osr_interfaces/include/osr_interfaces/osr_interfaces/msg
[9.846s] -- Installing: /home/seabro/osr_ws/src/osr-rover-code/ROS/install/osr_interfaces/include/osr_interfaces/osr_interfaces/msg/command_drive.hpp
[9.846s] -- Installing: /home/seabro/osr_ws/src/osr-rover-code/ROS/install/osr_interfaces/include/osr_interfaces/osr_interfaces/msg/status.hpp
[9.846s] -- Installing: /home/seabro/osr_ws/src/osr-rover-code/ROS/install/osr_interfaces/include/osr_interfaces/osr_interfaces/msg/command_corner.hpp
[9.846s] -- Up-to-date: /home/seabro/osr_ws/src/osr-rover-code/ROS/install/osr_interfaces/include/osr_interfaces/osr_interfaces/msg/detail
[9.846s] -- Installing: /home/seabro/osr_ws/src/osr-rover-code/ROS/install/osr_interfaces/include/osr_interfaces/osr_interfaces/msg/detail/status__traits.hpp
[9.846s] -- Installing: /home/seabro/osr_ws/src/osr-rover-code/ROS/install/osr_interfaces/include/osr_interfaces/osr_interfaces/msg/detail/command_drive__traits.hpp
[9.846s] -- Installing: /home/seabro/osr_ws/src/osr-rover-code/ROS/install/osr_interfaces/include/osr_interfaces/osr_interfaces/msg/detail/command_corner__struct.hpp
[9.847s] -- Installing: /home/seabro/osr_ws/src/osr-rover-code/ROS/install/osr_interfaces/include/osr_interfaces/osr_interfaces/msg/detail/status__builder.hpp
[9.847s] -- Installing: /home/seabro/osr_ws/src/osr-rover-code/ROS/install/osr_interfaces/include/osr_interfaces/osr_interfaces/msg/detail/command_corner__builder.hpp
[9.847s] -- Installing: /home/seabro/osr_ws/src/osr-rover-code/ROS/install/osr_interfaces/include/osr_interfaces/osr_interfaces/msg/detail/command_drive__builder.hpp
[9.847s] -- Installing: /home/seabro/osr_ws/src/osr-rover-code/ROS/install/osr_interfaces/include/osr_interfaces/osr_interfaces/msg/detail/command_drive__struct.hpp
[9.847s] -- Installing: /home/seabro/osr_ws/src/osr-rover-code/ROS/install/osr_interfaces/include/osr_interfaces/osr_interfaces/msg/detail/command_corner__traits.hpp
[9.847s] -- Installing: /home/seabro/osr_ws/src/osr-rover-code/ROS/install/osr_interfaces/include/osr_interfaces/osr_interfaces/msg/detail/status__struct.hpp
[9.848s] -- Up-to-date: /home/seabro/osr_ws/src/osr-rover-code/ROS/install/osr_interfaces/include/osr_interfaces/osr_interfaces
[9.848s] -- Up-to-date: /home/seabro/osr_ws/src/osr-rover-code/ROS/install/osr_interfaces/include/osr_interfaces/osr_interfaces/msg
[9.848s] -- Installing: /home/seabro/osr_ws/src/osr-rover-code/ROS/install/osr_interfaces/include/osr_interfaces/osr_interfaces/msg/rosidl_typesupport_fastrtps_cpp__visibility_control.h
[9.848s] -- Up-to-date: /home/seabro/osr_ws/src/osr-rover-code/ROS/install/osr_interfaces/include/osr_interfaces/osr_interfaces/msg/detail
[9.848s] -- Installing: /home/seabro/osr_ws/src/osr-rover-code/ROS/install/osr_interfaces/include/osr_interfaces/osr_interfaces/msg/detail/command_drive__rosidl_typesupport_fastrtps_cpp.hpp
[9.848s] -- Installing: /home/seabro/osr_ws/src/osr-rover-code/ROS/install/osr_interfaces/include/osr_interfaces/osr_interfaces/msg/detail/dds_fastrtps
[9.849s] -- Installing: /home/seabro/osr_ws/src/osr-rover-code/ROS/install/osr_interfaces/include/osr_interfaces/osr_interfaces/msg/detail/status__rosidl_typesupport_fastrtps_cpp.hpp
[9.849s] -- Installing: /home/seabro/osr_ws/src/osr-rover-code/ROS/install/osr_interfaces/include/osr_interfaces/osr_interfaces/msg/detail/command_corner__rosidl_typesupport_fastrtps_cpp.hpp
[9.849s] -- Installing: /home/seabro/osr_ws/src/osr-rover-code/ROS/install/osr_interfaces/lib/libosr_interfaces__rosidl_typesupport_fastrtps_cpp.so
[9.850s] -- Set runtime path of "/home/seabro/osr_ws/src/osr-rover-code/ROS/install/osr_interfaces/lib/libosr_interfaces__rosidl_typesupport_fastrtps_cpp.so" to ""
[9.850s] -- Up-to-date: /home/seabro/osr_ws/src/osr-rover-code/ROS/install/osr_interfaces/include/osr_interfaces/osr_interfaces
[9.851s] -- Up-to-date: /home/seabro/osr_ws/src/osr-rover-code/ROS/install/osr_interfaces/include/osr_interfaces/osr_interfaces/msg
[9.851s] -- Up-to-date: /home/seabro/osr_ws/src/osr-rover-code/ROS/install/osr_interfaces/include/osr_interfaces/osr_interfaces/msg/detail
[9.851s] -- Installing: /home/seabro/osr_ws/src/osr-rover-code/ROS/install/osr_interfaces/include/osr_interfaces/osr_interfaces/msg/detail/status__type_support.cpp
[9.851s] -- Installing: /home/seabro/osr_ws/src/osr-rover-code/ROS/install/osr_interfaces/include/osr_interfaces/osr_interfaces/msg/detail/command_corner__rosidl_typesupport_introspection_cpp.hpp
[9.851s] -- Installing: /home/seabro/osr_ws/src/osr-rover-code/ROS/install/osr_interfaces/include/osr_interfaces/osr_interfaces/msg/detail/command_drive__rosidl_typesupport_introspection_cpp.hpp
[9.852s] -- Installing: /home/seabro/osr_ws/src/osr-rover-code/ROS/install/osr_interfaces/include/osr_interfaces/osr_interfaces/msg/detail/status__rosidl_typesupport_introspection_cpp.hpp
[9.852s] -- Installing: /home/seabro/osr_ws/src/osr-rover-code/ROS/install/osr_interfaces/include/osr_interfaces/osr_interfaces/msg/detail/command_drive__type_support.cpp
[9.852s] -- Installing: /home/seabro/osr_ws/src/osr-rover-code/ROS/install/osr_interfaces/include/osr_interfaces/osr_interfaces/msg/detail/command_corner__type_support.cpp
[9.852s] -- Installing: /home/seabro/osr_ws/src/osr-rover-code/ROS/install/osr_interfaces/lib/libosr_interfaces__rosidl_typesupport_introspection_cpp.so
[9.853s] -- Set runtime path of "/home/seabro/osr_ws/src/osr-rover-code/ROS/install/osr_interfaces/lib/libosr_interfaces__rosidl_typesupport_introspection_cpp.so" to ""
[9.853s] -- Installing: /home/seabro/osr_ws/src/osr-rover-code/ROS/install/osr_interfaces/lib/libosr_interfaces__rosidl_typesupport_cpp.so
[9.853s] -- Set runtime path of "/home/seabro/osr_ws/src/osr-rover-code/ROS/install/osr_interfaces/lib/libosr_interfaces__rosidl_typesupport_cpp.so" to ""
[9.853s] -- Installing: /home/seabro/osr_ws/src/osr-rover-code/ROS/install/osr_interfaces/share/osr_interfaces/environment/pythonpath.sh
[9.853s] -- Installing: /home/seabro/osr_ws/src/osr-rover-code/ROS/install/osr_interfaces/share/osr_interfaces/environment/pythonpath.dsv
[9.854s] -- Installing: /home/seabro/osr_ws/src/osr-rover-code/ROS/install/osr_interfaces/local/lib/python3.10/dist-packages/osr_interfaces-0.0.0-py3.10.egg-info
[9.854s] -- Installing: /home/seabro/osr_ws/src/osr-rover-code/ROS/install/osr_interfaces/local/lib/python3.10/dist-packages/osr_interfaces-0.0.0-py3.10.egg-info/top_level.txt
[9.854s] -- Installing: /home/seabro/osr_ws/src/osr-rover-code/ROS/install/osr_interfaces/local/lib/python3.10/dist-packages/osr_interfaces-0.0.0-py3.10.egg-info/dependency_links.txt
[9.854s] -- Installing: /home/seabro/osr_ws/src/osr-rover-code/ROS/install/osr_interfaces/local/lib/python3.10/dist-packages/osr_interfaces-0.0.0-py3.10.egg-info/SOURCES.txt
[9.854s] -- Installing: /home/seabro/osr_ws/src/osr-rover-code/ROS/install/osr_interfaces/local/lib/python3.10/dist-packages/osr_interfaces-0.0.0-py3.10.egg-info/PKG-INFO
[9.855s] -- Installing: /home/seabro/osr_ws/src/osr-rover-code/ROS/install/osr_interfaces/local/lib/python3.10/dist-packages/osr_interfaces
[9.855s] -- Installing: /home/seabro/osr_ws/src/osr-rover-code/ROS/install/osr_interfaces/local/lib/python3.10/dist-packages/osr_interfaces/osr_interfaces_s__rosidl_typesupport_fastrtps_c.cpython-310-x86_64-linux-gnu.so
[9.855s] -- Installing: /home/seabro/osr_ws/src/osr-rover-code/ROS/install/osr_interfaces/local/lib/python3.10/dist-packages/osr_interfaces/_osr_interfaces_s.ep.rosidl_typesupport_c.c
[9.856s] -- Installing: /home/seabro/osr_ws/src/osr-rover-code/ROS/install/osr_interfaces/local/lib/python3.10/dist-packages/osr_interfaces/msg
[9.856s] -- Installing: /home/seabro/osr_ws/src/osr-rover-code/ROS/install/osr_interfaces/local/lib/python3.10/dist-packages/osr_interfaces/msg/_status_s.c
[9.856s] -- Installing: /home/seabro/osr_ws/src/osr-rover-code/ROS/install/osr_interfaces/local/lib/python3.10/dist-packages/osr_interfaces/msg/_status.py
[9.856s] -- Installing: /home/seabro/osr_ws/src/osr-rover-code/ROS/install/osr_interfaces/local/lib/python3.10/dist-packages/osr_interfaces/msg/_command_drive.py
[9.857s] -- Installing: /home/seabro/osr_ws/src/osr-rover-code/ROS/install/osr_interfaces/local/lib/python3.10/dist-packages/osr_interfaces/msg/_command_corner_s.c
[9.857s] -- Installing: /home/seabro/osr_ws/src/osr-rover-code/ROS/install/osr_interfaces/local/lib/python3.10/dist-packages/osr_interfaces/msg/_command_drive_s.c
[9.857s] -- Installing: /home/seabro/osr_ws/src/osr-rover-code/ROS/install/osr_interfaces/local/lib/python3.10/dist-packages/osr_interfaces/msg/_command_corner.py
[9.858s] -- Installing: /home/seabro/osr_ws/src/osr-rover-code/ROS/install/osr_interfaces/local/lib/python3.10/dist-packages/osr_interfaces/msg/__init__.py
[9.858s] -- Installing: /home/seabro/osr_ws/src/osr-rover-code/ROS/install/osr_interfaces/local/lib/python3.10/dist-packages/osr_interfaces/_osr_interfaces_s.ep.rosidl_typesupport_introspection_c.c
[9.858s] -- Installing: /home/seabro/osr_ws/src/osr-rover-code/ROS/install/osr_interfaces/local/lib/python3.10/dist-packages/osr_interfaces/osr_interfaces_s__rosidl_typesupport_c.cpython-310-x86_64-linux-gnu.so
[9.858s] -- Installing: /home/seabro/osr_ws/src/osr-rover-code/ROS/install/osr_interfaces/local/lib/python3.10/dist-packages/osr_interfaces/_osr_interfaces_s.ep.rosidl_typesupport_fastrtps_c.c
[9.859s] -- Installing: /home/seabro/osr_ws/src/osr-rover-code/ROS/install/osr_interfaces/local/lib/python3.10/dist-packages/osr_interfaces/libosr_interfaces__rosidl_generator_py.so
[9.859s] -- Installing: /home/seabro/osr_ws/src/osr-rover-code/ROS/install/osr_interfaces/local/lib/python3.10/dist-packages/osr_interfaces/osr_interfaces_s__rosidl_typesupport_introspection_c.cpython-310-x86_64-linux-gnu.so
[9.859s] -- Installing: /home/seabro/osr_ws/src/osr-rover-code/ROS/install/osr_interfaces/local/lib/python3.10/dist-packages/osr_interfaces/__init__.py
[9.908s] Listing '/home/seabro/osr_ws/src/osr-rover-code/ROS/install/osr_interfaces/local/lib/python3.10/dist-packages/osr_interfaces'...
[9.909s] Compiling '/home/seabro/osr_ws/src/osr-rover-code/ROS/install/osr_interfaces/local/lib/python3.10/dist-packages/osr_interfaces/__init__.py'...
[9.909s] Listing '/home/seabro/osr_ws/src/osr-rover-code/ROS/install/osr_interfaces/local/lib/python3.10/dist-packages/osr_interfaces/msg'...
[9.909s] Compiling '/home/seabro/osr_ws/src/osr-rover-code/ROS/install/osr_interfaces/local/lib/python3.10/dist-packages/osr_interfaces/msg/__init__.py'...
[9.909s] Compiling '/home/seabro/osr_ws/src/osr-rover-code/ROS/install/osr_interfaces/local/lib/python3.10/dist-packages/osr_interfaces/msg/_command_corner.py'...
[9.909s] Compiling '/home/seabro/osr_ws/src/osr-rover-code/ROS/install/osr_interfaces/local/lib/python3.10/dist-packages/osr_interfaces/msg/_command_drive.py'...
[9.909s] Compiling '/home/seabro/osr_ws/src/osr-rover-code/ROS/install/osr_interfaces/local/lib/python3.10/dist-packages/osr_interfaces/msg/_status.py'...
[9.914s] -- Installing: /home/seabro/osr_ws/src/osr-rover-code/ROS/install/osr_interfaces/local/lib/python3.10/dist-packages/osr_interfaces/osr_interfaces_s__rosidl_typesupport_fastrtps_c.cpython-310-x86_64-linux-gnu.so
[9.915s] -- Set runtime path of "/home/seabro/osr_ws/src/osr-rover-code/ROS/install/osr_interfaces/local/lib/python3.10/dist-packages/osr_interfaces/osr_interfaces_s__rosidl_typesupport_fastrtps_c.cpython-310-x86_64-linux-gnu.so" to ""
[9.915s] -- Installing: /home/seabro/osr_ws/src/osr-rover-code/ROS/install/osr_interfaces/local/lib/python3.10/dist-packages/osr_interfaces/osr_interfaces_s__rosidl_typesupport_introspection_c.cpython-310-x86_64-linux-gnu.so
[9.915s] -- Set runtime path of "/home/seabro/osr_ws/src/osr-rover-code/ROS/install/osr_interfaces/local/lib/python3.10/dist-packages/osr_interfaces/osr_interfaces_s__rosidl_typesupport_introspection_c.cpython-310-x86_64-linux-gnu.so" to ""
[9.915s] -- Installing: /home/seabro/osr_ws/src/osr-rover-code/ROS/install/osr_interfaces/local/lib/python3.10/dist-packages/osr_interfaces/osr_interfaces_s__rosidl_typesupport_c.cpython-310-x86_64-linux-gnu.so
[9.916s] -- Set runtime path of "/home/seabro/osr_ws/src/osr-rover-code/ROS/install/osr_interfaces/local/lib/python3.10/dist-packages/osr_interfaces/osr_interfaces_s__rosidl_typesupport_c.cpython-310-x86_64-linux-gnu.so" to ""
[9.916s] -- Installing: /home/seabro/osr_ws/src/osr-rover-code/ROS/install/osr_interfaces/lib/libosr_interfaces__rosidl_generator_py.so
[9.916s] -- Set runtime path of "/home/seabro/osr_ws/src/osr-rover-code/ROS/install/osr_interfaces/lib/libosr_interfaces__rosidl_generator_py.so" to ""
[9.917s] -- Installing: /home/seabro/osr_ws/src/osr-rover-code/ROS/install/osr_interfaces/share/osr_interfaces/msg/Status.idl
[9.917s] -- Installing: /home/seabro/osr_ws/src/osr-rover-code/ROS/install/osr_interfaces/share/osr_interfaces/msg/CommandDrive.idl
[9.917s] -- Installing: /home/seabro/osr_ws/src/osr-rover-code/ROS/install/osr_interfaces/share/osr_interfaces/msg/CommandCorner.idl
[9.918s] -- Installing: /home/seabro/osr_ws/src/osr-rover-code/ROS/install/osr_interfaces/share/osr_interfaces/msg/Status.msg
[9.918s] -- Installing: /home/seabro/osr_ws/src/osr-rover-code/ROS/install/osr_interfaces/share/osr_interfaces/msg/CommandDrive.msg
[9.918s] -- Installing: /home/seabro/osr_ws/src/osr-rover-code/ROS/install/osr_interfaces/share/osr_interfaces/msg/CommandCorner.msg
[9.919s] -- Installing: /home/seabro/osr_ws/src/osr-rover-code/ROS/install/osr_interfaces/share/ament_index/resource_index/package_run_dependencies/osr_interfaces
[9.919s] -- Installing: /home/seabro/osr_ws/src/osr-rover-code/ROS/install/osr_interfaces/share/ament_index/resource_index/parent_prefix_path/osr_interfaces
[9.919s] -- Installing: /home/seabro/osr_ws/src/osr-rover-code/ROS/install/osr_interfaces/share/osr_interfaces/environment/ament_prefix_path.sh
[9.920s] -- Installing: /home/seabro/osr_ws/src/osr-rover-code/ROS/install/osr_interfaces/share/osr_interfaces/environment/ament_prefix_path.dsv
[9.920s] -- Installing: /home/seabro/osr_ws/src/osr-rover-code/ROS/install/osr_interfaces/share/osr_interfaces/environment/path.sh
[9.920s] -- Installing: /home/seabro/osr_ws/src/osr-rover-code/ROS/install/osr_interfaces/share/osr_interfaces/environment/path.dsv
[9.921s] -- Installing: /home/seabro/osr_ws/src/osr-rover-code/ROS/install/osr_interfaces/share/osr_interfaces/local_setup.bash
[9.921s] -- Installing: /home/seabro/osr_ws/src/osr-rover-code/ROS/install/osr_interfaces/share/osr_interfaces/local_setup.sh
[9.921s] -- Installing: /home/seabro/osr_ws/src/osr-rover-code/ROS/install/osr_interfaces/share/osr_interfaces/local_setup.zsh
[9.921s] -- Installing: /home/seabro/osr_ws/src/osr-rover-code/ROS/install/osr_interfaces/share/osr_interfaces/local_setup.dsv
[9.922s] -- Installing: /home/seabro/osr_ws/src/osr-rover-code/ROS/install/osr_interfaces/share/osr_interfaces/package.dsv
[9.922s] -- Installing: /home/seabro/osr_ws/src/osr-rover-code/ROS/install/osr_interfaces/share/ament_index/resource_index/packages/osr_interfaces
[9.922s] -- Installing: /home/seabro/osr_ws/src/osr-rover-code/ROS/install/osr_interfaces/share/osr_interfaces/cmake/export_osr_interfaces__rosidl_generator_cExport.cmake
[9.922s] -- Installing: /home/seabro/osr_ws/src/osr-rover-code/ROS/install/osr_interfaces/share/osr_interfaces/cmake/export_osr_interfaces__rosidl_generator_cExport-noconfig.cmake
[9.923s] -- Installing: /home/seabro/osr_ws/src/osr-rover-code/ROS/install/osr_interfaces/share/osr_interfaces/cmake/export_osr_interfaces__rosidl_typesupport_fastrtps_cExport.cmake
[9.923s] -- Installing: /home/seabro/osr_ws/src/osr-rover-code/ROS/install/osr_interfaces/share/osr_interfaces/cmake/export_osr_interfaces__rosidl_typesupport_fastrtps_cExport-noconfig.cmake
[9.923s] -- Installing: /home/seabro/osr_ws/src/osr-rover-code/ROS/install/osr_interfaces/share/osr_interfaces/cmake/osr_interfaces__rosidl_typesupport_introspection_cExport.cmake
[9.924s] -- Installing: /home/seabro/osr_ws/src/osr-rover-code/ROS/install/osr_interfaces/share/osr_interfaces/cmake/osr_interfaces__rosidl_typesupport_introspection_cExport-noconfig.cmake
[9.924s] -- Installing: /home/seabro/osr_ws/src/osr-rover-code/ROS/install/osr_interfaces/share/osr_interfaces/cmake/osr_interfaces__rosidl_typesupport_cExport.cmake
[9.924s] -- Installing: /home/seabro/osr_ws/src/osr-rover-code/ROS/install/osr_interfaces/share/osr_interfaces/cmake/osr_interfaces__rosidl_typesupport_cExport-noconfig.cmake
[9.925s] -- Installing: /home/seabro/osr_ws/src/osr-rover-code/ROS/install/osr_interfaces/share/osr_interfaces/cmake/export_osr_interfaces__rosidl_generator_cppExport.cmake
[9.925s] -- Installing: /home/seabro/osr_ws/src/osr-rover-code/ROS/install/osr_interfaces/share/osr_interfaces/cmake/export_osr_interfaces__rosidl_typesupport_fastrtps_cppExport.cmake
[9.925s] -- Installing: /home/seabro/osr_ws/src/osr-rover-code/ROS/install/osr_interfaces/share/osr_interfaces/cmake/export_osr_interfaces__rosidl_typesupport_fastrtps_cppExport-noconfig.cmake
[9.925s] -- Installing: /home/seabro/osr_ws/src/osr-rover-code/ROS/install/osr_interfaces/share/osr_interfaces/cmake/osr_interfaces__rosidl_typesupport_introspection_cppExport.cmake
[9.926s] -- Installing: /home/seabro/osr_ws/src/osr-rover-code/ROS/install/osr_interfaces/share/osr_interfaces/cmake/osr_interfaces__rosidl_typesupport_introspection_cppExport-noconfig.cmake
[9.926s] -- Installing: /home/seabro/osr_ws/src/osr-rover-code/ROS/install/osr_interfaces/share/osr_interfaces/cmake/osr_interfaces__rosidl_typesupport_cppExport.cmake
[9.926s] -- Installing: /home/seabro/osr_ws/src/osr-rover-code/ROS/install/osr_interfaces/share/osr_interfaces/cmake/osr_interfaces__rosidl_typesupport_cppExport-noconfig.cmake
[9.926s] -- Installing: /home/seabro/osr_ws/src/osr-rover-code/ROS/install/osr_interfaces/share/osr_interfaces/cmake/export_osr_interfaces__rosidl_generator_pyExport.cmake
[9.927s] -- Installing: /home/seabro/osr_ws/src/osr-rover-code/ROS/install/osr_interfaces/share/osr_interfaces/cmake/export_osr_interfaces__rosidl_generator_pyExport-noconfig.cmake
[9.927s] -- Installing: /home/seabro/osr_ws/src/osr-rover-code/ROS/install/osr_interfaces/share/osr_interfaces/cmake/rosidl_cmake-extras.cmake
[9.927s] -- Installing: /home/seabro/osr_ws/src/osr-rover-code/ROS/install/osr_interfaces/share/osr_interfaces/cmake/ament_cmake_export_include_directories-extras.cmake
[9.927s] -- Installing: /home/seabro/osr_ws/src/osr-rover-code/ROS/install/osr_interfaces/share/osr_interfaces/cmake/ament_cmake_export_libraries-extras.cmake
[9.927s] -- Installing: /home/seabro/osr_ws/src/osr-rover-code/ROS/install/osr_interfaces/share/osr_interfaces/cmake/ament_cmake_export_targets-extras.cmake
[9.927s] -- Installing: /home/seabro/osr_ws/src/osr-rover-code/ROS/install/osr_interfaces/share/osr_interfaces/cmake/rosidl_cmake_export_typesupport_targets-extras.cmake
[9.927s] -- Installing: /home/seabro/osr_ws/src/osr-rover-code/ROS/install/osr_interfaces/share/osr_interfaces/cmake/ament_cmake_export_dependencies-extras.cmake
[9.927s] -- Installing: /home/seabro/osr_ws/src/osr-rover-code/ROS/install/osr_interfaces/share/osr_interfaces/cmake/rosidl_cmake_export_typesupport_libraries-extras.cmake
[9.928s] -- Installing: /home/seabro/osr_ws/src/osr-rover-code/ROS/install/osr_interfaces/share/osr_interfaces/cmake/osr_interfacesConfig.cmake
[9.928s] -- Installing: /home/seabro/osr_ws/src/osr-rover-code/ROS/install/osr_interfaces/share/osr_interfaces/cmake/osr_interfacesConfig-version.cmake
[9.928s] -- Installing: /home/seabro/osr_ws/src/osr-rover-code/ROS/install/osr_interfaces/share/osr_interfaces/package.xml
[9.933s] Invoked command in '/home/seabro/osr_ws/src/osr-rover-code/ROS/build/osr_interfaces' returned '0': CMAKE_PREFIX_PATH=${CMAKE_PREFIX_PATH}:/home/seabro/osr_ws/src/osr-rover-code/install/osr_control:/home/seabro/osr_ws/src/install/osr_control:/home/seabro/osr_ws/install/osr_control:/opt/ros/humble /usr/bin/cmake --install /home/seabro/osr_ws/src/osr-rover-code/ROS/build/osr_interfaces
