[0.076s] Invoking command in '/home/seabro/osr_ws/src/osr-rover-code/ROS/build/osr_gazebo': CMAKE_PREFIX_PATH=${CMAKE_PREFIX_PATH}:/home/seabro/osr_ws/src/osr-rover-code/ROS/install/osr_control:/home/seabro/osr_ws/src/osr-rover-code/install/osr_control:/home/seabro/osr_ws/src/install/osr_control:/home/seabro/osr_ws/install/osr_control:/opt/ros/humble /usr/bin/cmake --build /home/seabro/osr_ws/src/osr-rover-code/ROS/build/osr_gazebo -- -j8 -l8
[0.324s] [100%] Built target osr_controller
[0.354s] Invoked command in '/home/seabro/osr_ws/src/osr-rover-code/ROS/build/osr_gazebo' returned '0': CMAKE_PREFIX_PATH=${CMAKE_PREFIX_PATH}:/home/seabro/osr_ws/src/osr-rover-code/ROS/install/osr_control:/home/seabro/osr_ws/src/osr-rover-code/install/osr_control:/home/seabro/osr_ws/src/install/osr_control:/home/seabro/osr_ws/install/osr_control:/opt/ros/humble /usr/bin/cmake --build /home/seabro/osr_ws/src/osr-rover-code/ROS/build/osr_gazebo -- -j8 -l8
[0.427s] Invoking command in '/home/seabro/osr_ws/src/osr-rover-code/ROS/build/osr_gazebo': CMAKE_PREFIX_PATH=${CMAKE_PREFIX_PATH}:/home/seabro/osr_ws/src/osr-rover-code/ROS/install/osr_control:/home/seabro/osr_ws/src/osr-rover-code/install/osr_control:/home/seabro/osr_ws/src/install/osr_control:/home/seabro/osr_ws/install/osr_control:/opt/ros/humble /usr/bin/cmake --install /home/seabro/osr_ws/src/osr-rover-code/ROS/build/osr_gazebo
[0.444s] -- Install configuration: ""
[0.444s] -- Up-to-date: /home/seabro/osr_ws/src/osr-rover-code/ROS/install/osr_gazebo/share/osr_gazebo//launch
[0.445s] -- Up-to-date: /home/seabro/osr_ws/src/osr-rover-code/ROS/install/osr_gazebo/share/osr_gazebo//launch/empty_world.launch.py
[0.445s] -- Up-to-date: /home/seabro/osr_ws/src/osr-rover-code/ROS/install/osr_gazebo/share/osr_gazebo//launch/rviz.launch.py
[0.445s] -- Installing: /home/seabro/osr_ws/src/osr-rover-code/ROS/install/osr_gazebo/share/osr_gazebo//launch/marsyard2022.launch.py
[0.446s] -- Up-to-date: /home/seabro/osr_ws/src/osr-rover-code/ROS/install/osr_gazebo/share/osr_gazebo//config
[0.447s] -- Up-to-date: /home/seabro/osr_ws/src/osr-rover-code/ROS/install/osr_gazebo/share/osr_gazebo//config/controller_velocity.yaml
[0.448s] -- Up-to-date: /home/seabro/osr_ws/src/osr-rover-code/ROS/install/osr_gazebo/share/osr_gazebo//urdf
[0.449s] -- Up-to-date: /home/seabro/osr_ws/src/osr-rover-code/ROS/install/osr_gazebo/share/osr_gazebo//urdf/osr.urdf.xacro
[0.449s] -- Up-to-date: /home/seabro/osr_ws/src/osr-rover-code/ROS/install/osr_gazebo/share/osr_gazebo//urdf/insert_transmission.urdf.xacro
[0.451s] -- Up-to-date: /home/seabro/osr_ws/src/osr-rover-code/ROS/install/osr_gazebo/share/osr_gazebo//urdf/gazebo.urdf.xacro
[0.451s] -- Up-to-date: /home/seabro/osr_ws/src/osr-rover-code/ROS/install/osr_gazebo/share/osr_gazebo//meshes
[0.452s] -- Up-to-date: /home/seabro/osr_ws/src/osr-rover-code/ROS/install/osr_gazebo/share/osr_gazebo//meshes/turn_left_test.stl
[0.452s] -- Up-to-date: /home/seabro/osr_ws/src/osr-rover-code/ROS/install/osr_gazebo/share/osr_gazebo//meshes/wheel_link_left_2.stl
[0.453s] -- Up-to-date: /home/seabro/osr_ws/src/osr-rover-code/ROS/install/osr_gazebo/share/osr_gazebo//meshes/rocker_bogie_final.stl
[0.453s] -- Up-to-date: /home/seabro/osr_ws/src/osr-rover-code/ROS/install/osr_gazebo/share/osr_gazebo//meshes/turn_L.stl
[0.454s] -- Up-to-date: /home/seabro/osr_ws/src/osr-rover-code/ROS/install/osr_gazebo/share/osr_gazebo//meshes/body.stl
[0.454s] -- Up-to-date: /home/seabro/osr_ws/src/osr-rover-code/ROS/install/osr_gazebo/share/osr_gazebo//meshes/arm.stl
[0.454s] -- Up-to-date: /home/seabro/osr_ws/src/osr-rover-code/ROS/install/osr_gazebo/share/osr_gazebo//meshes/wheel_middle_left.stl
[0.455s] -- Up-to-date: /home/seabro/osr_ws/src/osr-rover-code/ROS/install/osr_gazebo/share/osr_gazebo//meshes/rockerbogie_front_1.stl
[0.455s] -- Up-to-date: /home/seabro/osr_ws/src/osr-rover-code/ROS/install/osr_gazebo/share/osr_gazebo//meshes/turn_right_test.stl
[0.455s] -- Up-to-date: /home/seabro/osr_ws/src/osr-rover-code/ROS/install/osr_gazebo/share/osr_gazebo//meshes/rocker_bogie_link_front.stl
[0.456s] -- Up-to-date: /home/seabro/osr_ws/src/osr-rover-code/ROS/install/osr_gazebo/share/osr_gazebo//meshes/body_axis.stl
[0.457s] -- Up-to-date: /home/seabro/osr_ws/src/osr-rover-code/ROS/install/osr_gazebo/share/osr_gazebo//meshes/rockerbogie_middle_1.stl
[0.457s] -- Up-to-date: /home/seabro/osr_ws/src/osr-rover-code/ROS/install/osr_gazebo/share/osr_gazebo//meshes/box_link.stl
[0.458s] -- Up-to-date: /home/seabro/osr_ws/src/osr-rover-code/ROS/install/osr_gazebo/share/osr_gazebo//meshes/wheel.stl
[0.458s] -- Up-to-date: /home/seabro/osr_ws/src/osr-rover-code/ROS/install/osr_gazebo/share/osr_gazebo//meshes/turn_R.stl
[0.459s] -- Up-to-date: /home/seabro/osr_ws/src/osr-rover-code/ROS/install/osr_gazebo/share/osr_gazebo//meshes/rocker_bogie_link_middle.stl
[0.459s] -- Up-to-date: /home/seabro/osr_ws/src/osr-rover-code/ROS/install/osr_gazebo/share/osr_gazebo//meshes/rocker_bogie_link_rear.stl
[0.460s] -- Up-to-date: /home/seabro/osr_ws/src/osr-rover-code/ROS/install/osr_gazebo/share/osr_gazebo//meshes/wheel_link_right_2.stl
[0.461s] -- Up-to-date: /home/seabro/osr_ws/src/osr-rover-code/ROS/install/osr_gazebo/share/osr_gazebo//rviz
[0.461s] -- Up-to-date: /home/seabro/osr_ws/src/osr-rover-code/ROS/install/osr_gazebo/share/osr_gazebo//rviz/rviz_settings.rviz
[0.462s] -- Up-to-date: /home/seabro/osr_ws/src/osr-rover-code/ROS/install/osr_gazebo/share/osr_gazebo//models
[0.464s] -- Up-to-date: /home/seabro/osr_ws/src/osr-rover-code/ROS/install/osr_gazebo/share/osr_gazebo//models/marsyard2022
[0.464s] -- Up-to-date: /home/seabro/osr_ws/src/osr-rover-code/ROS/install/osr_gazebo/share/osr_gazebo//models/marsyard2022/model.config
[0.465s] -- Up-to-date: /home/seabro/osr_ws/src/osr-rover-code/ROS/install/osr_gazebo/share/osr_gazebo//models/marsyard2022/README.md.txt
[0.465s] -- Up-to-date: /home/seabro/osr_ws/src/osr-rover-code/ROS/install/osr_gazebo/share/osr_gazebo//models/marsyard2022/dem
[0.466s] -- Up-to-date: /home/seabro/osr_ws/src/osr-rover-code/ROS/install/osr_gazebo/share/osr_gazebo//models/marsyard2022/dem/marsyard2022_terrain_hm.tif
[0.466s] -- Up-to-date: /home/seabro/osr_ws/src/osr-rover-code/ROS/install/osr_gazebo/share/osr_gazebo//models/marsyard2022/dem/marsyard2022_terrain_texture.png
[0.466s] -- Up-to-date: /home/seabro/osr_ws/src/osr-rover-code/ROS/install/osr_gazebo/share/osr_gazebo//models/marsyard2022/model.sdf
[0.467s] -- Up-to-date: /home/seabro/osr_ws/src/osr-rover-code/ROS/install/osr_gazebo/share/osr_gazebo//worlds
[0.467s] -- Up-to-date: /home/seabro/osr_ws/src/osr-rover-code/ROS/install/osr_gazebo/share/osr_gazebo//worlds/marsyard2022.world
[0.468s] -- Up-to-date: /home/seabro/osr_ws/src/osr-rover-code/ROS/install/osr_gazebo/lib/osr_gazebo/osr_controller
[0.474s] -- Up-to-date: /home/seabro/osr_ws/src/osr-rover-code/ROS/install/osr_gazebo/share/ament_index/resource_index/package_run_dependencies/osr_gazebo
[0.475s] -- Up-to-date: /home/seabro/osr_ws/src/osr-rover-code/ROS/install/osr_gazebo/share/ament_index/resource_index/parent_prefix_path/osr_gazebo
[0.475s] -- Up-to-date: /home/seabro/osr_ws/src/osr-rover-code/ROS/install/osr_gazebo/share/osr_gazebo/environment/ament_prefix_path.sh
[0.476s] -- Up-to-date: /home/seabro/osr_ws/src/osr-rover-code/ROS/install/osr_gazebo/share/osr_gazebo/environment/ament_prefix_path.dsv
[0.476s] -- Up-to-date: /home/seabro/osr_ws/src/osr-rover-code/ROS/install/osr_gazebo/share/osr_gazebo/environment/path.sh
[0.476s] -- Up-to-date: /home/seabro/osr_ws/src/osr-rover-code/ROS/install/osr_gazebo/share/osr_gazebo/environment/path.dsv
[0.477s] -- Up-to-date: /home/seabro/osr_ws/src/osr-rover-code/ROS/install/osr_gazebo/share/osr_gazebo/local_setup.bash
[0.477s] -- Up-to-date: /home/seabro/osr_ws/src/osr-rover-code/ROS/install/osr_gazebo/share/osr_gazebo/local_setup.sh
[0.477s] -- Up-to-date: /home/seabro/osr_ws/src/osr-rover-code/ROS/install/osr_gazebo/share/osr_gazebo/local_setup.zsh
[0.478s] -- Up-to-date: /home/seabro/osr_ws/src/osr-rover-code/ROS/install/osr_gazebo/share/osr_gazebo/local_setup.dsv
[0.478s] -- Installing: /home/seabro/osr_ws/src/osr-rover-code/ROS/install/osr_gazebo/share/osr_gazebo/package.dsv
[0.479s] -- Up-to-date: /home/seabro/osr_ws/src/osr-rover-code/ROS/install/osr_gazebo/share/ament_index/resource_index/packages/osr_gazebo
[0.479s] -- Up-to-date: /home/seabro/osr_ws/src/osr-rover-code/ROS/install/osr_gazebo/share/osr_gazebo/cmake/osr_gazeboConfig.cmake
[0.479s] -- Up-to-date: /home/seabro/osr_ws/src/osr-rover-code/ROS/install/osr_gazebo/share/osr_gazebo/cmake/osr_gazeboConfig-version.cmake
[0.480s] -- Up-to-date: /home/seabro/osr_ws/src/osr-rover-code/ROS/install/osr_gazebo/share/osr_gazebo/package.xml
[0.500s] Invoked command in '/home/seabro/osr_ws/src/osr-rover-code/ROS/build/osr_gazebo' returned '0': CMAKE_PREFIX_PATH=${CMAKE_PREFIX_PATH}:/home/seabro/osr_ws/src/osr-rover-code/ROS/install/osr_control:/home/seabro/osr_ws/src/osr-rover-code/install/osr_control:/home/seabro/osr_ws/src/install/osr_control:/home/seabro/osr_ws/install/osr_control:/opt/ros/humble /usr/bin/cmake --install /home/seabro/osr_ws/src/osr-rover-code/ROS/build/osr_gazebo
