[0.031s] Invoking command in '/home/seabro/osr_ws/src/osr-rover-code/ROS/build/osr_interfaces': CMAKE_PREFIX_PATH=${CMAKE_PREFIX_PATH}:/home/seabro/osr_ws/src/osr-rover-code/ROS/install/osr_control:/home/seabro/osr_ws/src/osr-rover-code/install/osr_control:/home/seabro/osr_ws/src/install/osr_control:/home/seabro/osr_ws/install/osr_control:/opt/ros/humble /usr/bin/cmake --build /home/seabro/osr_ws/src/osr-rover-code/ROS/build/osr_interfaces -- -j8 -l8
[0.083s] [  2%] Built target osr_interfaces__cpp
[0.085s] [ 12%] Built target osr_interfaces__rosidl_generator_c
[0.112s] [ 12%] Built target ament_cmake_python_copy_osr_interfaces
[0.130s] [ 38%] Built target osr_interfaces__rosidl_typesupport_introspection_cpp
[0.131s] [ 57%] Built target osr_interfaces__rosidl_typesupport_fastrtps_c
[0.136s] [ 59%] Built target osr_interfaces__rosidl_typesupport_c
[0.136s] [ 59%] Built target osr_interfaces__rosidl_typesupport_fastrtps_cpp
[0.136s] [ 65%] Built target osr_interfaces__rosidl_typesupport_introspection_c
[0.141s] [ 76%] Built target osr_interfaces__rosidl_typesupport_cpp
[0.166s] [ 76%] Built target osr_interfaces
[0.187s] [ 78%] Built target osr_interfaces__py
[0.221s] [ 87%] Built target osr_interfaces__rosidl_generator_py
[0.251s] [ 93%] Built target osr_interfaces__rosidl_typesupport_c__pyext
[0.253s] [100%] Built target osr_interfaces__rosidl_typesupport_introspection_c__pyext
[0.253s] [100%] Built target osr_interfaces__rosidl_typesupport_fastrtps_c__pyext
[0.402s] running egg_info
[0.403s] writing osr_interfaces.egg-info/PKG-INFO
[0.403s] writing dependency_links to osr_interfaces.egg-info/dependency_links.txt
[0.403s] writing top-level names to osr_interfaces.egg-info/top_level.txt
[0.406s] reading manifest file 'osr_interfaces.egg-info/SOURCES.txt'
[0.406s] writing manifest file 'osr_interfaces.egg-info/SOURCES.txt'
[0.428s] [100%] Built target ament_cmake_python_build_osr_interfaces_egg
[0.437s] Invoked command in '/home/seabro/osr_ws/src/osr-rover-code/ROS/build/osr_interfaces' returned '0': CMAKE_PREFIX_PATH=${CMAKE_PREFIX_PATH}:/home/seabro/osr_ws/src/osr-rover-code/ROS/install/osr_control:/home/seabro/osr_ws/src/osr-rover-code/install/osr_control:/home/seabro/osr_ws/src/install/osr_control:/home/seabro/osr_ws/install/osr_control:/opt/ros/humble /usr/bin/cmake --build /home/seabro/osr_ws/src/osr-rover-code/ROS/build/osr_interfaces -- -j8 -l8
[0.523s] Invoking command in '/home/seabro/osr_ws/src/osr-rover-code/ROS/build/osr_interfaces': CMAKE_PREFIX_PATH=${CMAKE_PREFIX_PATH}:/home/seabro/osr_ws/src/osr-rover-code/ROS/install/osr_control:/home/seabro/osr_ws/src/osr-rover-code/install/osr_control:/home/seabro/osr_ws/src/install/osr_control:/home/seabro/osr_ws/install/osr_control:/opt/ros/humble /usr/bin/cmake --install /home/seabro/osr_ws/src/osr-rover-code/ROS/build/osr_interfaces
[0.530s] -- Install configuration: ""
[0.531s] -- Up-to-date: /home/seabro/osr_ws/src/osr-rover-code/ROS/install/osr_interfaces/share/ament_index/resource_index/rosidl_interfaces/osr_interfaces
[0.531s] -- Up-to-date: /home/seabro/osr_ws/src/osr-rover-code/ROS/install/osr_interfaces/include/osr_interfaces/osr_interfaces
[0.531s] -- Up-to-date: /home/seabro/osr_ws/src/osr-rover-code/ROS/install/osr_interfaces/include/osr_interfaces/osr_interfaces/msg
[0.531s] -- Up-to-date: /home/seabro/osr_ws/src/osr-rover-code/ROS/install/osr_interfaces/include/osr_interfaces/osr_interfaces/msg/status.h
[0.532s] -- Up-to-date: /home/seabro/osr_ws/src/osr-rover-code/ROS/install/osr_interfaces/include/osr_interfaces/osr_interfaces/msg/command_drive.h
[0.532s] -- Up-to-date: /home/seabro/osr_ws/src/osr-rover-code/ROS/install/osr_interfaces/include/osr_interfaces/osr_interfaces/msg/command_corner.h
[0.532s] -- Up-to-date: /home/seabro/osr_ws/src/osr-rover-code/ROS/install/osr_interfaces/include/osr_interfaces/osr_interfaces/msg/rosidl_generator_c__visibility_control.h
[0.532s] -- Up-to-date: /home/seabro/osr_ws/src/osr-rover-code/ROS/install/osr_interfaces/include/osr_interfaces/osr_interfaces/msg/detail
[0.532s] -- Up-to-date: /home/seabro/osr_ws/src/osr-rover-code/ROS/install/osr_interfaces/include/osr_interfaces/osr_interfaces/msg/detail/command_corner__struct.h
[0.532s] -- Up-to-date: /home/seabro/osr_ws/src/osr-rover-code/ROS/install/osr_interfaces/include/osr_interfaces/osr_interfaces/msg/detail/command_corner__functions.c
[0.532s] -- Up-to-date: /home/seabro/osr_ws/src/osr-rover-code/ROS/install/osr_interfaces/include/osr_interfaces/osr_interfaces/msg/detail/status__functions.c
[0.532s] -- Up-to-date: /home/seabro/osr_ws/src/osr-rover-code/ROS/install/osr_interfaces/include/osr_interfaces/osr_interfaces/msg/detail/command_corner__functions.h
[0.533s] -- Up-to-date: /home/seabro/osr_ws/src/osr-rover-code/ROS/install/osr_interfaces/include/osr_interfaces/osr_interfaces/msg/detail/command_drive__functions.h
[0.533s] -- Up-to-date: /home/seabro/osr_ws/src/osr-rover-code/ROS/install/osr_interfaces/include/osr_interfaces/osr_interfaces/msg/detail/status__struct.h
[0.533s] -- Up-to-date: /home/seabro/osr_ws/src/osr-rover-code/ROS/install/osr_interfaces/include/osr_interfaces/osr_interfaces/msg/detail/command_drive__functions.c
[0.533s] -- Up-to-date: /home/seabro/osr_ws/src/osr-rover-code/ROS/install/osr_interfaces/include/osr_interfaces/osr_interfaces/msg/detail/command_drive__struct.h
[0.533s] -- Up-to-date: /home/seabro/osr_ws/src/osr-rover-code/ROS/install/osr_interfaces/include/osr_interfaces/osr_interfaces/msg/detail/status__functions.h
[0.533s] -- Up-to-date: /home/seabro/osr_ws/src/osr-rover-code/ROS/install/osr_interfaces/include/osr_interfaces/osr_interfaces/msg/detail/command_drive__type_support.h
[0.534s] -- Up-to-date: /home/seabro/osr_ws/src/osr-rover-code/ROS/install/osr_interfaces/include/osr_interfaces/osr_interfaces/msg/detail/command_corner__type_support.h
[0.534s] -- Up-to-date: /home/seabro/osr_ws/src/osr-rover-code/ROS/install/osr_interfaces/include/osr_interfaces/osr_interfaces/msg/detail/status__type_support.h
[0.534s] -- Up-to-date: /home/seabro/osr_ws/src/osr-rover-code/ROS/install/osr_interfaces/share/osr_interfaces/environment/library_path.sh
[0.534s] -- Up-to-date: /home/seabro/osr_ws/src/osr-rover-code/ROS/install/osr_interfaces/share/osr_interfaces/environment/library_path.dsv
[0.534s] -- Up-to-date: /home/seabro/osr_ws/src/osr-rover-code/ROS/install/osr_interfaces/lib/libosr_interfaces__rosidl_generator_c.so
[0.534s] -- Up-to-date: /home/seabro/osr_ws/src/osr-rover-code/ROS/install/osr_interfaces/include/osr_interfaces/osr_interfaces
[0.534s] -- Up-to-date: /home/seabro/osr_ws/src/osr-rover-code/ROS/install/osr_interfaces/include/osr_interfaces/osr_interfaces/msg
[0.535s] -- Up-to-date: /home/seabro/osr_ws/src/osr-rover-code/ROS/install/osr_interfaces/include/osr_interfaces/osr_interfaces/msg/rosidl_typesupport_fastrtps_c__visibility_control.h
[0.535s] -- Up-to-date: /home/seabro/osr_ws/src/osr-rover-code/ROS/install/osr_interfaces/include/osr_interfaces/osr_interfaces/msg/detail
[0.535s] -- Up-to-date: /home/seabro/osr_ws/src/osr-rover-code/ROS/install/osr_interfaces/include/osr_interfaces/osr_interfaces/msg/detail/command_drive__rosidl_typesupport_fastrtps_c.h
[0.535s] -- Up-to-date: /home/seabro/osr_ws/src/osr-rover-code/ROS/install/osr_interfaces/include/osr_interfaces/osr_interfaces/msg/detail/command_corner__rosidl_typesupport_fastrtps_c.h
[0.535s] -- Up-to-date: /home/seabro/osr_ws/src/osr-rover-code/ROS/install/osr_interfaces/include/osr_interfaces/osr_interfaces/msg/detail/status__rosidl_typesupport_fastrtps_c.h
[0.535s] -- Up-to-date: /home/seabro/osr_ws/src/osr-rover-code/ROS/install/osr_interfaces/lib/libosr_interfaces__rosidl_typesupport_fastrtps_c.so
[0.535s] -- Up-to-date: /home/seabro/osr_ws/src/osr-rover-code/ROS/install/osr_interfaces/include/osr_interfaces/osr_interfaces
[0.536s] -- Up-to-date: /home/seabro/osr_ws/src/osr-rover-code/ROS/install/osr_interfaces/include/osr_interfaces/osr_interfaces/msg
[0.536s] -- Up-to-date: /home/seabro/osr_ws/src/osr-rover-code/ROS/install/osr_interfaces/include/osr_interfaces/osr_interfaces/msg/rosidl_typesupport_introspection_c__visibility_control.h
[0.536s] -- Up-to-date: /home/seabro/osr_ws/src/osr-rover-code/ROS/install/osr_interfaces/include/osr_interfaces/osr_interfaces/msg/detail
[0.536s] -- Up-to-date: /home/seabro/osr_ws/src/osr-rover-code/ROS/install/osr_interfaces/include/osr_interfaces/osr_interfaces/msg/detail/command_drive__rosidl_typesupport_introspection_c.h
[0.536s] -- Up-to-date: /home/seabro/osr_ws/src/osr-rover-code/ROS/install/osr_interfaces/include/osr_interfaces/osr_interfaces/msg/detail/status__type_support.c
[0.536s] -- Up-to-date: /home/seabro/osr_ws/src/osr-rover-code/ROS/install/osr_interfaces/include/osr_interfaces/osr_interfaces/msg/detail/status__rosidl_typesupport_introspection_c.h
[0.536s] -- Up-to-date: /home/seabro/osr_ws/src/osr-rover-code/ROS/install/osr_interfaces/include/osr_interfaces/osr_interfaces/msg/detail/command_drive__type_support.c
[0.537s] -- Up-to-date: /home/seabro/osr_ws/src/osr-rover-code/ROS/install/osr_interfaces/include/osr_interfaces/osr_interfaces/msg/detail/command_corner__type_support.c
[0.537s] -- Up-to-date: /home/seabro/osr_ws/src/osr-rover-code/ROS/install/osr_interfaces/include/osr_interfaces/osr_interfaces/msg/detail/command_corner__rosidl_typesupport_introspection_c.h
[0.537s] -- Up-to-date: /home/seabro/osr_ws/src/osr-rover-code/ROS/install/osr_interfaces/lib/libosr_interfaces__rosidl_typesupport_introspection_c.so
[0.537s] -- Up-to-date: /home/seabro/osr_ws/src/osr-rover-code/ROS/install/osr_interfaces/lib/libosr_interfaces__rosidl_typesupport_c.so
[0.537s] -- Up-to-date: /home/seabro/osr_ws/src/osr-rover-code/ROS/install/osr_interfaces/include/osr_interfaces/osr_interfaces
[0.537s] -- Up-to-date: /home/seabro/osr_ws/src/osr-rover-code/ROS/install/osr_interfaces/include/osr_interfaces/osr_interfaces/msg
[0.537s] -- Up-to-date: /home/seabro/osr_ws/src/osr-rover-code/ROS/install/osr_interfaces/include/osr_interfaces/osr_interfaces/msg/command_drive.hpp
[0.537s] -- Up-to-date: /home/seabro/osr_ws/src/osr-rover-code/ROS/install/osr_interfaces/include/osr_interfaces/osr_interfaces/msg/status.hpp
[0.538s] -- Up-to-date: /home/seabro/osr_ws/src/osr-rover-code/ROS/install/osr_interfaces/include/osr_interfaces/osr_interfaces/msg/command_corner.hpp
[0.538s] -- Up-to-date: /home/seabro/osr_ws/src/osr-rover-code/ROS/install/osr_interfaces/include/osr_interfaces/osr_interfaces/msg/detail
[0.538s] -- Up-to-date: /home/seabro/osr_ws/src/osr-rover-code/ROS/install/osr_interfaces/include/osr_interfaces/osr_interfaces/msg/detail/status__traits.hpp
[0.538s] -- Up-to-date: /home/seabro/osr_ws/src/osr-rover-code/ROS/install/osr_interfaces/include/osr_interfaces/osr_interfaces/msg/detail/command_drive__traits.hpp
[0.538s] -- Up-to-date: /home/seabro/osr_ws/src/osr-rover-code/ROS/install/osr_interfaces/include/osr_interfaces/osr_interfaces/msg/detail/command_corner__struct.hpp
[0.539s] -- Up-to-date: /home/seabro/osr_ws/src/osr-rover-code/ROS/install/osr_interfaces/include/osr_interfaces/osr_interfaces/msg/detail/status__builder.hpp
[0.539s] -- Up-to-date: /home/seabro/osr_ws/src/osr-rover-code/ROS/install/osr_interfaces/include/osr_interfaces/osr_interfaces/msg/detail/command_corner__builder.hpp
[0.539s] -- Up-to-date: /home/seabro/osr_ws/src/osr-rover-code/ROS/install/osr_interfaces/include/osr_interfaces/osr_interfaces/msg/detail/command_drive__builder.hpp
[0.539s] -- Up-to-date: /home/seabro/osr_ws/src/osr-rover-code/ROS/install/osr_interfaces/include/osr_interfaces/osr_interfaces/msg/detail/command_drive__struct.hpp
[0.539s] -- Up-to-date: /home/seabro/osr_ws/src/osr-rover-code/ROS/install/osr_interfaces/include/osr_interfaces/osr_interfaces/msg/detail/command_corner__traits.hpp
[0.539s] -- Up-to-date: /home/seabro/osr_ws/src/osr-rover-code/ROS/install/osr_interfaces/include/osr_interfaces/osr_interfaces/msg/detail/status__struct.hpp
[0.540s] -- Up-to-date: /home/seabro/osr_ws/src/osr-rover-code/ROS/install/osr_interfaces/include/osr_interfaces/osr_interfaces
[0.540s] -- Up-to-date: /home/seabro/osr_ws/src/osr-rover-code/ROS/install/osr_interfaces/include/osr_interfaces/osr_interfaces/msg
[0.540s] -- Up-to-date: /home/seabro/osr_ws/src/osr-rover-code/ROS/install/osr_interfaces/include/osr_interfaces/osr_interfaces/msg/rosidl_typesupport_fastrtps_cpp__visibility_control.h
[0.540s] -- Up-to-date: /home/seabro/osr_ws/src/osr-rover-code/ROS/install/osr_interfaces/include/osr_interfaces/osr_interfaces/msg/detail
[0.540s] -- Up-to-date: /home/seabro/osr_ws/src/osr-rover-code/ROS/install/osr_interfaces/include/osr_interfaces/osr_interfaces/msg/detail/command_drive__rosidl_typesupport_fastrtps_cpp.hpp
[0.540s] -- Up-to-date: /home/seabro/osr_ws/src/osr-rover-code/ROS/install/osr_interfaces/include/osr_interfaces/osr_interfaces/msg/detail/dds_fastrtps
[0.540s] -- Up-to-date: /home/seabro/osr_ws/src/osr-rover-code/ROS/install/osr_interfaces/include/osr_interfaces/osr_interfaces/msg/detail/status__rosidl_typesupport_fastrtps_cpp.hpp
[0.540s] -- Up-to-date: /home/seabro/osr_ws/src/osr-rover-code/ROS/install/osr_interfaces/include/osr_interfaces/osr_interfaces/msg/detail/command_corner__rosidl_typesupport_fastrtps_cpp.hpp
[0.540s] -- Up-to-date: /home/seabro/osr_ws/src/osr-rover-code/ROS/install/osr_interfaces/lib/libosr_interfaces__rosidl_typesupport_fastrtps_cpp.so
[0.540s] -- Up-to-date: /home/seabro/osr_ws/src/osr-rover-code/ROS/install/osr_interfaces/include/osr_interfaces/osr_interfaces
[0.540s] -- Up-to-date: /home/seabro/osr_ws/src/osr-rover-code/ROS/install/osr_interfaces/include/osr_interfaces/osr_interfaces/msg
[0.540s] -- Up-to-date: /home/seabro/osr_ws/src/osr-rover-code/ROS/install/osr_interfaces/include/osr_interfaces/osr_interfaces/msg/detail
[0.540s] -- Up-to-date: /home/seabro/osr_ws/src/osr-rover-code/ROS/install/osr_interfaces/include/osr_interfaces/osr_interfaces/msg/detail/status__type_support.cpp
[0.540s] -- Up-to-date: /home/seabro/osr_ws/src/osr-rover-code/ROS/install/osr_interfaces/include/osr_interfaces/osr_interfaces/msg/detail/command_corner__rosidl_typesupport_introspection_cpp.hpp
[0.540s] -- Up-to-date: /home/seabro/osr_ws/src/osr-rover-code/ROS/install/osr_interfaces/include/osr_interfaces/osr_interfaces/msg/detail/command_drive__rosidl_typesupport_introspection_cpp.hpp
[0.540s] -- Up-to-date: /home/seabro/osr_ws/src/osr-rover-code/ROS/install/osr_interfaces/include/osr_interfaces/osr_interfaces/msg/detail/status__rosidl_typesupport_introspection_cpp.hpp
[0.541s] -- Up-to-date: /home/seabro/osr_ws/src/osr-rover-code/ROS/install/osr_interfaces/include/osr_interfaces/osr_interfaces/msg/detail/command_drive__type_support.cpp
[0.541s] -- Up-to-date: /home/seabro/osr_ws/src/osr-rover-code/ROS/install/osr_interfaces/include/osr_interfaces/osr_interfaces/msg/detail/command_corner__type_support.cpp
[0.541s] -- Up-to-date: /home/seabro/osr_ws/src/osr-rover-code/ROS/install/osr_interfaces/lib/libosr_interfaces__rosidl_typesupport_introspection_cpp.so
[0.541s] -- Up-to-date: /home/seabro/osr_ws/src/osr-rover-code/ROS/install/osr_interfaces/lib/libosr_interfaces__rosidl_typesupport_cpp.so
[0.541s] -- Up-to-date: /home/seabro/osr_ws/src/osr-rover-code/ROS/install/osr_interfaces/share/osr_interfaces/environment/pythonpath.sh
[0.541s] -- Up-to-date: /home/seabro/osr_ws/src/osr-rover-code/ROS/install/osr_interfaces/share/osr_interfaces/environment/pythonpath.dsv
[0.541s] -- Up-to-date: /home/seabro/osr_ws/src/osr-rover-code/ROS/install/osr_interfaces/local/lib/python3.10/dist-packages/osr_interfaces-0.0.0-py3.10.egg-info
[0.541s] -- Installing: /home/seabro/osr_ws/src/osr-rover-code/ROS/install/osr_interfaces/local/lib/python3.10/dist-packages/osr_interfaces-0.0.0-py3.10.egg-info/top_level.txt
[0.541s] -- Installing: /home/seabro/osr_ws/src/osr-rover-code/ROS/install/osr_interfaces/local/lib/python3.10/dist-packages/osr_interfaces-0.0.0-py3.10.egg-info/dependency_links.txt
[0.541s] -- Installing: /home/seabro/osr_ws/src/osr-rover-code/ROS/install/osr_interfaces/local/lib/python3.10/dist-packages/osr_interfaces-0.0.0-py3.10.egg-info/SOURCES.txt
[0.541s] -- Installing: /home/seabro/osr_ws/src/osr-rover-code/ROS/install/osr_interfaces/local/lib/python3.10/dist-packages/osr_interfaces-0.0.0-py3.10.egg-info/PKG-INFO
[0.541s] -- Up-to-date: /home/seabro/osr_ws/src/osr-rover-code/ROS/install/osr_interfaces/local/lib/python3.10/dist-packages/osr_interfaces
[0.541s] -- Up-to-date: /home/seabro/osr_ws/src/osr-rover-code/ROS/install/osr_interfaces/local/lib/python3.10/dist-packages/osr_interfaces/osr_interfaces_s__rosidl_typesupport_fastrtps_c.cpython-310-x86_64-linux-gnu.so
[0.541s] -- Up-to-date: /home/seabro/osr_ws/src/osr-rover-code/ROS/install/osr_interfaces/local/lib/python3.10/dist-packages/osr_interfaces/_osr_interfaces_s.ep.rosidl_typesupport_c.c
[0.541s] -- Up-to-date: /home/seabro/osr_ws/src/osr-rover-code/ROS/install/osr_interfaces/local/lib/python3.10/dist-packages/osr_interfaces/msg
[0.541s] -- Up-to-date: /home/seabro/osr_ws/src/osr-rover-code/ROS/install/osr_interfaces/local/lib/python3.10/dist-packages/osr_interfaces/msg/_status_s.c
[0.541s] -- Up-to-date: /home/seabro/osr_ws/src/osr-rover-code/ROS/install/osr_interfaces/local/lib/python3.10/dist-packages/osr_interfaces/msg/_status.py
[0.541s] -- Up-to-date: /home/seabro/osr_ws/src/osr-rover-code/ROS/install/osr_interfaces/local/lib/python3.10/dist-packages/osr_interfaces/msg/_command_drive.py
[0.541s] -- Up-to-date: /home/seabro/osr_ws/src/osr-rover-code/ROS/install/osr_interfaces/local/lib/python3.10/dist-packages/osr_interfaces/msg/_command_corner_s.c
[0.541s] -- Up-to-date: /home/seabro/osr_ws/src/osr-rover-code/ROS/install/osr_interfaces/local/lib/python3.10/dist-packages/osr_interfaces/msg/_command_drive_s.c
[0.541s] -- Up-to-date: /home/seabro/osr_ws/src/osr-rover-code/ROS/install/osr_interfaces/local/lib/python3.10/dist-packages/osr_interfaces/msg/_command_corner.py
[0.541s] -- Up-to-date: /home/seabro/osr_ws/src/osr-rover-code/ROS/install/osr_interfaces/local/lib/python3.10/dist-packages/osr_interfaces/msg/__init__.py
[0.541s] -- Up-to-date: /home/seabro/osr_ws/src/osr-rover-code/ROS/install/osr_interfaces/local/lib/python3.10/dist-packages/osr_interfaces/_osr_interfaces_s.ep.rosidl_typesupport_introspection_c.c
[0.542s] -- Up-to-date: /home/seabro/osr_ws/src/osr-rover-code/ROS/install/osr_interfaces/local/lib/python3.10/dist-packages/osr_interfaces/osr_interfaces_s__rosidl_typesupport_c.cpython-310-x86_64-linux-gnu.so
[0.542s] -- Up-to-date: /home/seabro/osr_ws/src/osr-rover-code/ROS/install/osr_interfaces/local/lib/python3.10/dist-packages/osr_interfaces/_osr_interfaces_s.ep.rosidl_typesupport_fastrtps_c.c
[0.542s] -- Up-to-date: /home/seabro/osr_ws/src/osr-rover-code/ROS/install/osr_interfaces/local/lib/python3.10/dist-packages/osr_interfaces/libosr_interfaces__rosidl_generator_py.so
[0.542s] -- Up-to-date: /home/seabro/osr_ws/src/osr-rover-code/ROS/install/osr_interfaces/local/lib/python3.10/dist-packages/osr_interfaces/osr_interfaces_s__rosidl_typesupport_introspection_c.cpython-310-x86_64-linux-gnu.so
[0.542s] -- Up-to-date: /home/seabro/osr_ws/src/osr-rover-code/ROS/install/osr_interfaces/local/lib/python3.10/dist-packages/osr_interfaces/__init__.py
[0.567s] Listing '/home/seabro/osr_ws/src/osr-rover-code/ROS/install/osr_interfaces/local/lib/python3.10/dist-packages/osr_interfaces'...
[0.567s] Listing '/home/seabro/osr_ws/src/osr-rover-code/ROS/install/osr_interfaces/local/lib/python3.10/dist-packages/osr_interfaces/msg'...
[0.570s] -- Up-to-date: /home/seabro/osr_ws/src/osr-rover-code/ROS/install/osr_interfaces/local/lib/python3.10/dist-packages/osr_interfaces/osr_interfaces_s__rosidl_typesupport_fastrtps_c.cpython-310-x86_64-linux-gnu.so
[0.570s] -- Up-to-date: /home/seabro/osr_ws/src/osr-rover-code/ROS/install/osr_interfaces/local/lib/python3.10/dist-packages/osr_interfaces/osr_interfaces_s__rosidl_typesupport_introspection_c.cpython-310-x86_64-linux-gnu.so
[0.570s] -- Up-to-date: /home/seabro/osr_ws/src/osr-rover-code/ROS/install/osr_interfaces/local/lib/python3.10/dist-packages/osr_interfaces/osr_interfaces_s__rosidl_typesupport_c.cpython-310-x86_64-linux-gnu.so
[0.571s] -- Up-to-date: /home/seabro/osr_ws/src/osr-rover-code/ROS/install/osr_interfaces/lib/libosr_interfaces__rosidl_generator_py.so
[0.571s] -- Up-to-date: /home/seabro/osr_ws/src/osr-rover-code/ROS/install/osr_interfaces/share/osr_interfaces/msg/Status.idl
[0.571s] -- Up-to-date: /home/seabro/osr_ws/src/osr-rover-code/ROS/install/osr_interfaces/share/osr_interfaces/msg/CommandDrive.idl
[0.571s] -- Up-to-date: /home/seabro/osr_ws/src/osr-rover-code/ROS/install/osr_interfaces/share/osr_interfaces/msg/CommandCorner.idl
[0.571s] -- Up-to-date: /home/seabro/osr_ws/src/osr-rover-code/ROS/install/osr_interfaces/share/osr_interfaces/msg/Status.msg
[0.572s] -- Up-to-date: /home/seabro/osr_ws/src/osr-rover-code/ROS/install/osr_interfaces/share/osr_interfaces/msg/CommandDrive.msg
[0.572s] -- Up-to-date: /home/seabro/osr_ws/src/osr-rover-code/ROS/install/osr_interfaces/share/osr_interfaces/msg/CommandCorner.msg
[0.572s] -- Up-to-date: /home/seabro/osr_ws/src/osr-rover-code/ROS/install/osr_interfaces/share/ament_index/resource_index/package_run_dependencies/osr_interfaces
[0.572s] -- Up-to-date: /home/seabro/osr_ws/src/osr-rover-code/ROS/install/osr_interfaces/share/ament_index/resource_index/parent_prefix_path/osr_interfaces
[0.572s] -- Up-to-date: /home/seabro/osr_ws/src/osr-rover-code/ROS/install/osr_interfaces/share/osr_interfaces/environment/ament_prefix_path.sh
[0.572s] -- Up-to-date: /home/seabro/osr_ws/src/osr-rover-code/ROS/install/osr_interfaces/share/osr_interfaces/environment/ament_prefix_path.dsv
[0.572s] -- Up-to-date: /home/seabro/osr_ws/src/osr-rover-code/ROS/install/osr_interfaces/share/osr_interfaces/environment/path.sh
[0.573s] -- Up-to-date: /home/seabro/osr_ws/src/osr-rover-code/ROS/install/osr_interfaces/share/osr_interfaces/environment/path.dsv
[0.573s] -- Up-to-date: /home/seabro/osr_ws/src/osr-rover-code/ROS/install/osr_interfaces/share/osr_interfaces/local_setup.bash
[0.573s] -- Up-to-date: /home/seabro/osr_ws/src/osr-rover-code/ROS/install/osr_interfaces/share/osr_interfaces/local_setup.sh
[0.573s] -- Up-to-date: /home/seabro/osr_ws/src/osr-rover-code/ROS/install/osr_interfaces/share/osr_interfaces/local_setup.zsh
[0.573s] -- Up-to-date: /home/seabro/osr_ws/src/osr-rover-code/ROS/install/osr_interfaces/share/osr_interfaces/local_setup.dsv
[0.573s] -- Installing: /home/seabro/osr_ws/src/osr-rover-code/ROS/install/osr_interfaces/share/osr_interfaces/package.dsv
[0.573s] -- Up-to-date: /home/seabro/osr_ws/src/osr-rover-code/ROS/install/osr_interfaces/share/ament_index/resource_index/packages/osr_interfaces
[0.573s] -- Up-to-date: /home/seabro/osr_ws/src/osr-rover-code/ROS/install/osr_interfaces/share/osr_interfaces/cmake/export_osr_interfaces__rosidl_generator_cExport.cmake
[0.574s] -- Up-to-date: /home/seabro/osr_ws/src/osr-rover-code/ROS/install/osr_interfaces/share/osr_interfaces/cmake/export_osr_interfaces__rosidl_generator_cExport-noconfig.cmake
[0.574s] -- Up-to-date: /home/seabro/osr_ws/src/osr-rover-code/ROS/install/osr_interfaces/share/osr_interfaces/cmake/export_osr_interfaces__rosidl_typesupport_fastrtps_cExport.cmake
[0.574s] -- Up-to-date: /home/seabro/osr_ws/src/osr-rover-code/ROS/install/osr_interfaces/share/osr_interfaces/cmake/export_osr_interfaces__rosidl_typesupport_fastrtps_cExport-noconfig.cmake
[0.574s] -- Up-to-date: /home/seabro/osr_ws/src/osr-rover-code/ROS/install/osr_interfaces/share/osr_interfaces/cmake/osr_interfaces__rosidl_typesupport_introspection_cExport.cmake
[0.574s] -- Up-to-date: /home/seabro/osr_ws/src/osr-rover-code/ROS/install/osr_interfaces/share/osr_interfaces/cmake/osr_interfaces__rosidl_typesupport_introspection_cExport-noconfig.cmake
[0.574s] -- Up-to-date: /home/seabro/osr_ws/src/osr-rover-code/ROS/install/osr_interfaces/share/osr_interfaces/cmake/osr_interfaces__rosidl_typesupport_cExport.cmake
[0.574s] -- Up-to-date: /home/seabro/osr_ws/src/osr-rover-code/ROS/install/osr_interfaces/share/osr_interfaces/cmake/osr_interfaces__rosidl_typesupport_cExport-noconfig.cmake
[0.574s] -- Up-to-date: /home/seabro/osr_ws/src/osr-rover-code/ROS/install/osr_interfaces/share/osr_interfaces/cmake/export_osr_interfaces__rosidl_generator_cppExport.cmake
[0.574s] -- Up-to-date: /home/seabro/osr_ws/src/osr-rover-code/ROS/install/osr_interfaces/share/osr_interfaces/cmake/export_osr_interfaces__rosidl_typesupport_fastrtps_cppExport.cmake
[0.574s] -- Up-to-date: /home/seabro/osr_ws/src/osr-rover-code/ROS/install/osr_interfaces/share/osr_interfaces/cmake/export_osr_interfaces__rosidl_typesupport_fastrtps_cppExport-noconfig.cmake
[0.574s] -- Up-to-date: /home/seabro/osr_ws/src/osr-rover-code/ROS/install/osr_interfaces/share/osr_interfaces/cmake/osr_interfaces__rosidl_typesupport_introspection_cppExport.cmake
[0.574s] -- Up-to-date: /home/seabro/osr_ws/src/osr-rover-code/ROS/install/osr_interfaces/share/osr_interfaces/cmake/osr_interfaces__rosidl_typesupport_introspection_cppExport-noconfig.cmake
[0.574s] -- Up-to-date: /home/seabro/osr_ws/src/osr-rover-code/ROS/install/osr_interfaces/share/osr_interfaces/cmake/osr_interfaces__rosidl_typesupport_cppExport.cmake
[0.574s] -- Up-to-date: /home/seabro/osr_ws/src/osr-rover-code/ROS/install/osr_interfaces/share/osr_interfaces/cmake/osr_interfaces__rosidl_typesupport_cppExport-noconfig.cmake
[0.574s] -- Up-to-date: /home/seabro/osr_ws/src/osr-rover-code/ROS/install/osr_interfaces/share/osr_interfaces/cmake/export_osr_interfaces__rosidl_generator_pyExport.cmake
[0.574s] -- Up-to-date: /home/seabro/osr_ws/src/osr-rover-code/ROS/install/osr_interfaces/share/osr_interfaces/cmake/export_osr_interfaces__rosidl_generator_pyExport-noconfig.cmake
[0.574s] -- Up-to-date: /home/seabro/osr_ws/src/osr-rover-code/ROS/install/osr_interfaces/share/osr_interfaces/cmake/rosidl_cmake-extras.cmake
[0.574s] -- Up-to-date: /home/seabro/osr_ws/src/osr-rover-code/ROS/install/osr_interfaces/share/osr_interfaces/cmake/ament_cmake_export_include_directories-extras.cmake
[0.574s] -- Up-to-date: /home/seabro/osr_ws/src/osr-rover-code/ROS/install/osr_interfaces/share/osr_interfaces/cmake/ament_cmake_export_libraries-extras.cmake
[0.574s] -- Up-to-date: /home/seabro/osr_ws/src/osr-rover-code/ROS/install/osr_interfaces/share/osr_interfaces/cmake/ament_cmake_export_targets-extras.cmake
[0.575s] -- Up-to-date: /home/seabro/osr_ws/src/osr-rover-code/ROS/install/osr_interfaces/share/osr_interfaces/cmake/rosidl_cmake_export_typesupport_targets-extras.cmake
[0.575s] -- Up-to-date: /home/seabro/osr_ws/src/osr-rover-code/ROS/install/osr_interfaces/share/osr_interfaces/cmake/ament_cmake_export_dependencies-extras.cmake
[0.575s] -- Up-to-date: /home/seabro/osr_ws/src/osr-rover-code/ROS/install/osr_interfaces/share/osr_interfaces/cmake/rosidl_cmake_export_typesupport_libraries-extras.cmake
[0.575s] -- Up-to-date: /home/seabro/osr_ws/src/osr-rover-code/ROS/install/osr_interfaces/share/osr_interfaces/cmake/osr_interfacesConfig.cmake
[0.575s] -- Up-to-date: /home/seabro/osr_ws/src/osr-rover-code/ROS/install/osr_interfaces/share/osr_interfaces/cmake/osr_interfacesConfig-version.cmake
[0.575s] -- Up-to-date: /home/seabro/osr_ws/src/osr-rover-code/ROS/install/osr_interfaces/share/osr_interfaces/package.xml
[0.576s] Invoked command in '/home/seabro/osr_ws/src/osr-rover-code/ROS/build/osr_interfaces' returned '0': CMAKE_PREFIX_PATH=${CMAKE_PREFIX_PATH}:/home/seabro/osr_ws/src/osr-rover-code/ROS/install/osr_control:/home/seabro/osr_ws/src/osr-rover-code/install/osr_control:/home/seabro/osr_ws/src/install/osr_control:/home/seabro/osr_ws/install/osr_control:/opt/ros/humble /usr/bin/cmake --install /home/seabro/osr_ws/src/osr-rover-code/ROS/build/osr_interfaces
