[0.236s] DEBUG:colcon:Command line arguments: ['/usr/bin/colcon', 'build']
[0.236s] DEBUG:colcon:Parsed command line arguments: Namespace(log_base=None, log_level=None, verb_name='build', build_base='build', install_base='install', merge_install=False, symlink_install=False, test_result_base=None, continue_on_error=False, executor='parallel', parallel_workers=8, event_handlers=None, ignore_user_meta=False, metas=['./colcon.meta'], base_paths=['.'], packages_ignore=None, packages_ignore_regex=None, paths=None, packages_up_to=None, packages_up_to_regex=None, packages_above=None, packages_above_and_dependencies=None, packages_above_depth=None, packages_select_by_dep=None, packages_skip_by_dep=None, packages_skip_up_to=None, packages_select_build_failed=False, packages_skip_build_finished=False, packages_select_test_failures=False, packages_skip_test_passed=False, packages_select=None, packages_skip=None, packages_select_regex=None, packages_skip_regex=None, packages_start=None, packages_end=None, allow_overriding=[], cmake_args=None, cmake_target=None, cmake_target_skip_unavailable=False, cmake_clean_cache=False, cmake_clean_first=False, cmake_force_configure=False, ament_cmake_args=None, catkin_cmake_args=None, catkin_skip_building_tests=False, verb_parser=<colcon_defaults.argument_parser.defaults.DefaultArgumentsDecorator object at 0x7fc595481b10>, verb_extension=<colcon_core.verb.build.BuildVerb object at 0x7fc595482530>, main=<bound method BuildVerb.main of <colcon_core.verb.build.BuildVerb object at 0x7fc595482530>>)
[0.423s] Level 1:colcon.colcon_core.package_discovery:discover_packages(colcon_meta) check parameters
[0.423s] Level 1:colcon.colcon_core.package_discovery:discover_packages(recursive) check parameters
[0.423s] Level 1:colcon.colcon_core.package_discovery:discover_packages(ignore) check parameters
[0.423s] Level 1:colcon.colcon_core.package_discovery:discover_packages(path) check parameters
[0.423s] Level 1:colcon.colcon_core.package_discovery:discover_packages(colcon_meta) discover
[0.423s] Level 1:colcon.colcon_core.package_discovery:discover_packages(recursive) discover
[0.423s] INFO:colcon.colcon_core.package_discovery:Crawling recursively for packages in '/home/seabro/osr_ws/src/osr-rover-code/ROS'
[0.423s] Level 1:colcon.colcon_core.package_identification:_identify(.) by extensions ['ignore', 'ignore_ament_install']
[0.424s] Level 1:colcon.colcon_core.package_identification:_identify(.) by extension 'ignore'
[0.424s] Level 1:colcon.colcon_core.package_identification:_identify(.) by extension 'ignore_ament_install'
[0.424s] Level 1:colcon.colcon_core.package_identification:_identify(.) by extensions ['colcon_pkg']
[0.424s] Level 1:colcon.colcon_core.package_identification:_identify(.) by extension 'colcon_pkg'
[0.424s] Level 1:colcon.colcon_core.package_identification:_identify(.) by extensions ['colcon_meta']
[0.424s] Level 1:colcon.colcon_core.package_identification:_identify(.) by extension 'colcon_meta'
[0.424s] Level 1:colcon.colcon_core.package_identification:_identify(.) by extensions ['ros']
[0.424s] Level 1:colcon.colcon_core.package_identification:_identify(.) by extension 'ros'
[0.436s] Level 1:colcon.colcon_core.package_identification:_identify(.) by extensions ['cmake', 'python']
[0.436s] Level 1:colcon.colcon_core.package_identification:_identify(.) by extension 'cmake'
[0.436s] Level 1:colcon.colcon_core.package_identification:_identify(.) by extension 'python'
[0.437s] Level 1:colcon.colcon_core.package_identification:_identify(.) by extensions ['python_setup_py']
[0.437s] Level 1:colcon.colcon_core.package_identification:_identify(.) by extension 'python_setup_py'
[0.437s] Level 1:colcon.colcon_core.package_identification:_identify(build) by extensions ['ignore', 'ignore_ament_install']
[0.437s] Level 1:colcon.colcon_core.package_identification:_identify(build) by extension 'ignore'
[0.437s] Level 1:colcon.colcon_core.package_identification:_identify(build) ignored
[0.437s] Level 1:colcon.colcon_core.package_identification:_identify(install) by extensions ['ignore', 'ignore_ament_install']
[0.437s] Level 1:colcon.colcon_core.package_identification:_identify(install) by extension 'ignore'
[0.437s] Level 1:colcon.colcon_core.package_identification:_identify(install) ignored
[0.437s] Level 1:colcon.colcon_core.package_identification:_identify(led_screen) by extensions ['ignore', 'ignore_ament_install']
[0.437s] Level 1:colcon.colcon_core.package_identification:_identify(led_screen) by extension 'ignore'
[0.437s] Level 1:colcon.colcon_core.package_identification:_identify(led_screen) ignored
[0.437s] Level 1:colcon.colcon_core.package_identification:_identify(log) by extensions ['ignore', 'ignore_ament_install']
[0.438s] Level 1:colcon.colcon_core.package_identification:_identify(log) by extension 'ignore'
[0.438s] Level 1:colcon.colcon_core.package_identification:_identify(log) ignored
[0.438s] Level 1:colcon.colcon_core.package_identification:_identify(osr_bringup) by extensions ['ignore', 'ignore_ament_install']
[0.438s] Level 1:colcon.colcon_core.package_identification:_identify(osr_bringup) by extension 'ignore'
[0.438s] Level 1:colcon.colcon_core.package_identification:_identify(osr_bringup) by extension 'ignore_ament_install'
[0.438s] Level 1:colcon.colcon_core.package_identification:_identify(osr_bringup) by extensions ['colcon_pkg']
[0.438s] Level 1:colcon.colcon_core.package_identification:_identify(osr_bringup) by extension 'colcon_pkg'
[0.438s] Level 1:colcon.colcon_core.package_identification:_identify(osr_bringup) by extensions ['colcon_meta']
[0.438s] Level 1:colcon.colcon_core.package_identification:_identify(osr_bringup) by extension 'colcon_meta'
[0.438s] Level 1:colcon.colcon_core.package_identification:_identify(osr_bringup) by extensions ['ros']
[0.438s] Level 1:colcon.colcon_core.package_identification:_identify(osr_bringup) by extension 'ros'
[0.441s] DEBUG:colcon.colcon_core.package_identification:Package 'osr_bringup' with type 'ros.ament_cmake' and name 'osr_bringup'
[0.442s] Level 1:colcon.colcon_core.package_identification:_identify(osr_control) by extensions ['ignore', 'ignore_ament_install']
[0.442s] Level 1:colcon.colcon_core.package_identification:_identify(osr_control) by extension 'ignore'
[0.442s] Level 1:colcon.colcon_core.package_identification:_identify(osr_control) by extension 'ignore_ament_install'
[0.442s] Level 1:colcon.colcon_core.package_identification:_identify(osr_control) by extensions ['colcon_pkg']
[0.442s] Level 1:colcon.colcon_core.package_identification:_identify(osr_control) by extension 'colcon_pkg'
[0.442s] Level 1:colcon.colcon_core.package_identification:_identify(osr_control) by extensions ['colcon_meta']
[0.442s] Level 1:colcon.colcon_core.package_identification:_identify(osr_control) by extension 'colcon_meta'
[0.442s] Level 1:colcon.colcon_core.package_identification:_identify(osr_control) by extensions ['ros']
[0.442s] Level 1:colcon.colcon_core.package_identification:_identify(osr_control) by extension 'ros'
[0.443s] DEBUG:colcon.colcon_core.package_identification:Package 'osr_control' with type 'ros.ament_python' and name 'osr_control'
[0.443s] Level 1:colcon.colcon_core.package_identification:_identify(osr_gazebo) by extensions ['ignore', 'ignore_ament_install']
[0.443s] Level 1:colcon.colcon_core.package_identification:_identify(osr_gazebo) by extension 'ignore'
[0.443s] Level 1:colcon.colcon_core.package_identification:_identify(osr_gazebo) by extension 'ignore_ament_install'
[0.443s] Level 1:colcon.colcon_core.package_identification:_identify(osr_gazebo) by extensions ['colcon_pkg']
[0.443s] Level 1:colcon.colcon_core.package_identification:_identify(osr_gazebo) by extension 'colcon_pkg'
[0.443s] Level 1:colcon.colcon_core.package_identification:_identify(osr_gazebo) by extensions ['colcon_meta']
[0.443s] Level 1:colcon.colcon_core.package_identification:_identify(osr_gazebo) by extension 'colcon_meta'
[0.443s] Level 1:colcon.colcon_core.package_identification:_identify(osr_gazebo) by extensions ['ros']
[0.443s] Level 1:colcon.colcon_core.package_identification:_identify(osr_gazebo) by extension 'ros'
[0.444s] DEBUG:colcon.colcon_core.package_identification:Package 'osr_gazebo' with type 'ros.ament_cmake' and name 'osr_gazebo'
[0.444s] Level 1:colcon.colcon_core.package_identification:_identify(osr_interfaces) by extensions ['ignore', 'ignore_ament_install']
[0.445s] Level 1:colcon.colcon_core.package_identification:_identify(osr_interfaces) by extension 'ignore'
[0.445s] Level 1:colcon.colcon_core.package_identification:_identify(osr_interfaces) by extension 'ignore_ament_install'
[0.445s] Level 1:colcon.colcon_core.package_identification:_identify(osr_interfaces) by extensions ['colcon_pkg']
[0.445s] Level 1:colcon.colcon_core.package_identification:_identify(osr_interfaces) by extension 'colcon_pkg'
[0.445s] Level 1:colcon.colcon_core.package_identification:_identify(osr_interfaces) by extensions ['colcon_meta']
[0.445s] Level 1:colcon.colcon_core.package_identification:_identify(osr_interfaces) by extension 'colcon_meta'
[0.445s] Level 1:colcon.colcon_core.package_identification:_identify(osr_interfaces) by extensions ['ros']
[0.445s] Level 1:colcon.colcon_core.package_identification:_identify(osr_interfaces) by extension 'ros'
[0.446s] DEBUG:colcon.colcon_core.package_identification:Package 'osr_interfaces' with type 'ros.ament_cmake' and name 'osr_interfaces'
[0.446s] Level 1:colcon.colcon_core.package_discovery:discover_packages(recursive) using defaults
[0.446s] Level 1:colcon.colcon_core.package_discovery:discover_packages(ignore) discover
[0.446s] Level 1:colcon.colcon_core.package_discovery:discover_packages(ignore) using defaults
[0.446s] Level 1:colcon.colcon_core.package_discovery:discover_packages(path) discover
[0.446s] Level 1:colcon.colcon_core.package_discovery:discover_packages(path) using defaults
[0.485s] Level 1:colcon.colcon_core.package_discovery:discover_packages(prefix_path) check parameters
[0.485s] Level 1:colcon.colcon_core.package_discovery:discover_packages(prefix_path) discover
[0.489s] DEBUG:colcon.colcon_installed_package_information.package_discovery:Found 4 installed packages in /home/seabro/osr_ws/src/osr-rover-code/ROS/install
[0.490s] DEBUG:colcon.colcon_installed_package_information.package_discovery:Found 1 installed packages in /home/seabro/osr_ws/src/osr-rover-code/ROS/osr_gazebo/install
[0.492s] DEBUG:colcon.colcon_installed_package_information.package_discovery:Found 4 installed packages in /home/seabro/osr_ws/src/osr-rover-code/install
[0.493s] DEBUG:colcon.colcon_installed_package_information.package_discovery:Found 4 installed packages in /home/seabro/osr_ws/src/install
[0.495s] DEBUG:colcon.colcon_installed_package_information.package_discovery:Found 4 installed packages in /home/seabro/osr_ws/install
[0.496s] DEBUG:colcon.colcon_installed_package_information.package_discovery:Found 349 installed packages in /opt/ros/humble
[0.498s] Level 1:colcon.colcon_core.package_discovery:discover_packages(prefix_path) using defaults
[0.542s] Level 5:colcon.colcon_core.verb:set package 'osr_bringup' build argument 'cmake_args' from command line to 'None'
[0.542s] Level 5:colcon.colcon_core.verb:set package 'osr_bringup' build argument 'cmake_target' from command line to 'None'
[0.542s] Level 5:colcon.colcon_core.verb:set package 'osr_bringup' build argument 'cmake_target_skip_unavailable' from command line to 'False'
[0.542s] Level 5:colcon.colcon_core.verb:set package 'osr_bringup' build argument 'cmake_clean_cache' from command line to 'False'
[0.542s] Level 5:colcon.colcon_core.verb:set package 'osr_bringup' build argument 'cmake_clean_first' from command line to 'False'
[0.542s] Level 5:colcon.colcon_core.verb:set package 'osr_bringup' build argument 'cmake_force_configure' from command line to 'False'
[0.542s] Level 5:colcon.colcon_core.verb:set package 'osr_bringup' build argument 'ament_cmake_args' from command line to 'None'
[0.542s] Level 5:colcon.colcon_core.verb:set package 'osr_bringup' build argument 'catkin_cmake_args' from command line to 'None'
[0.542s] Level 5:colcon.colcon_core.verb:set package 'osr_bringup' build argument 'catkin_skip_building_tests' from command line to 'False'
[0.542s] DEBUG:colcon.colcon_core.verb:Building package 'osr_bringup' with the following arguments: {'ament_cmake_args': None, 'build_base': '/home/seabro/osr_ws/src/osr-rover-code/ROS/build/osr_bringup', 'catkin_cmake_args': None, 'catkin_skip_building_tests': False, 'cmake_args': None, 'cmake_clean_cache': False, 'cmake_clean_first': False, 'cmake_force_configure': False, 'cmake_target': None, 'cmake_target_skip_unavailable': False, 'install_base': '/home/seabro/osr_ws/src/osr-rover-code/ROS/install/osr_bringup', 'merge_install': False, 'path': '/home/seabro/osr_ws/src/osr-rover-code/ROS/osr_bringup', 'symlink_install': False, 'test_result_base': None}
[0.542s] Level 5:colcon.colcon_core.verb:set package 'osr_gazebo' build argument 'cmake_args' from command line to 'None'
[0.542s] Level 5:colcon.colcon_core.verb:set package 'osr_gazebo' build argument 'cmake_target' from command line to 'None'
[0.542s] Level 5:colcon.colcon_core.verb:set package 'osr_gazebo' build argument 'cmake_target_skip_unavailable' from command line to 'False'
[0.542s] Level 5:colcon.colcon_core.verb:set package 'osr_gazebo' build argument 'cmake_clean_cache' from command line to 'False'
[0.542s] Level 5:colcon.colcon_core.verb:set package 'osr_gazebo' build argument 'cmake_clean_first' from command line to 'False'
[0.542s] Level 5:colcon.colcon_core.verb:set package 'osr_gazebo' build argument 'cmake_force_configure' from command line to 'False'
[0.542s] Level 5:colcon.colcon_core.verb:set package 'osr_gazebo' build argument 'ament_cmake_args' from command line to 'None'
[0.542s] Level 5:colcon.colcon_core.verb:set package 'osr_gazebo' build argument 'catkin_cmake_args' from command line to 'None'
[0.543s] Level 5:colcon.colcon_core.verb:set package 'osr_gazebo' build argument 'catkin_skip_building_tests' from command line to 'False'
[0.543s] DEBUG:colcon.colcon_core.verb:Building package 'osr_gazebo' with the following arguments: {'ament_cmake_args': None, 'build_base': '/home/seabro/osr_ws/src/osr-rover-code/ROS/build/osr_gazebo', 'catkin_cmake_args': None, 'catkin_skip_building_tests': False, 'cmake_args': None, 'cmake_clean_cache': False, 'cmake_clean_first': False, 'cmake_force_configure': False, 'cmake_target': None, 'cmake_target_skip_unavailable': False, 'install_base': '/home/seabro/osr_ws/src/osr-rover-code/ROS/install/osr_gazebo', 'merge_install': False, 'path': '/home/seabro/osr_ws/src/osr-rover-code/ROS/osr_gazebo', 'symlink_install': False, 'test_result_base': None}
[0.543s] Level 5:colcon.colcon_core.verb:set package 'osr_interfaces' build argument 'cmake_args' from command line to 'None'
[0.543s] Level 5:colcon.colcon_core.verb:set package 'osr_interfaces' build argument 'cmake_target' from command line to 'None'
[0.543s] Level 5:colcon.colcon_core.verb:set package 'osr_interfaces' build argument 'cmake_target_skip_unavailable' from command line to 'False'
[0.543s] Level 5:colcon.colcon_core.verb:set package 'osr_interfaces' build argument 'cmake_clean_cache' from command line to 'False'
[0.543s] Level 5:colcon.colcon_core.verb:set package 'osr_interfaces' build argument 'cmake_clean_first' from command line to 'False'
[0.543s] Level 5:colcon.colcon_core.verb:set package 'osr_interfaces' build argument 'cmake_force_configure' from command line to 'False'
[0.543s] Level 5:colcon.colcon_core.verb:set package 'osr_interfaces' build argument 'ament_cmake_args' from command line to 'None'
[0.543s] Level 5:colcon.colcon_core.verb:set package 'osr_interfaces' build argument 'catkin_cmake_args' from command line to 'None'
[0.543s] Level 5:colcon.colcon_core.verb:set package 'osr_interfaces' build argument 'catkin_skip_building_tests' from command line to 'False'
[0.543s] DEBUG:colcon.colcon_core.verb:Building package 'osr_interfaces' with the following arguments: {'ament_cmake_args': None, 'build_base': '/home/seabro/osr_ws/src/osr-rover-code/ROS/build/osr_interfaces', 'catkin_cmake_args': None, 'catkin_skip_building_tests': False, 'cmake_args': None, 'cmake_clean_cache': False, 'cmake_clean_first': False, 'cmake_force_configure': False, 'cmake_target': None, 'cmake_target_skip_unavailable': False, 'install_base': '/home/seabro/osr_ws/src/osr-rover-code/ROS/install/osr_interfaces', 'merge_install': False, 'path': '/home/seabro/osr_ws/src/osr-rover-code/ROS/osr_interfaces', 'symlink_install': False, 'test_result_base': None}
[0.543s] Level 5:colcon.colcon_core.verb:set package 'osr_control' build argument 'cmake_args' from command line to 'None'
[0.543s] Level 5:colcon.colcon_core.verb:set package 'osr_control' build argument 'cmake_target' from command line to 'None'
[0.543s] Level 5:colcon.colcon_core.verb:set package 'osr_control' build argument 'cmake_target_skip_unavailable' from command line to 'False'
[0.543s] Level 5:colcon.colcon_core.verb:set package 'osr_control' build argument 'cmake_clean_cache' from command line to 'False'
[0.543s] Level 5:colcon.colcon_core.verb:set package 'osr_control' build argument 'cmake_clean_first' from command line to 'False'
[0.543s] Level 5:colcon.colcon_core.verb:set package 'osr_control' build argument 'cmake_force_configure' from command line to 'False'
[0.543s] Level 5:colcon.colcon_core.verb:set package 'osr_control' build argument 'ament_cmake_args' from command line to 'None'
[0.543s] Level 5:colcon.colcon_core.verb:set package 'osr_control' build argument 'catkin_cmake_args' from command line to 'None'
[0.543s] Level 5:colcon.colcon_core.verb:set package 'osr_control' build argument 'catkin_skip_building_tests' from command line to 'False'
[0.543s] DEBUG:colcon.colcon_core.verb:Building package 'osr_control' with the following arguments: {'ament_cmake_args': None, 'build_base': '/home/seabro/osr_ws/src/osr-rover-code/ROS/build/osr_control', 'catkin_cmake_args': None, 'catkin_skip_building_tests': False, 'cmake_args': None, 'cmake_clean_cache': False, 'cmake_clean_first': False, 'cmake_force_configure': False, 'cmake_target': None, 'cmake_target_skip_unavailable': False, 'install_base': '/home/seabro/osr_ws/src/osr-rover-code/ROS/install/osr_control', 'merge_install': False, 'path': '/home/seabro/osr_ws/src/osr-rover-code/ROS/osr_control', 'symlink_install': False, 'test_result_base': None}
[0.544s] INFO:colcon.colcon_core.executor:Executing jobs using 'parallel' executor
[0.545s] DEBUG:colcon.colcon_parallel_executor.executor.parallel:run_until_complete
[0.546s] INFO:colcon.colcon_ros.task.ament_cmake.build:Building ROS package in '/home/seabro/osr_ws/src/osr-rover-code/ROS/osr_interfaces' with build type 'ament_cmake'
[0.546s] INFO:colcon.colcon_cmake.task.cmake.build:Building CMake package in '/home/seabro/osr_ws/src/osr-rover-code/ROS/osr_interfaces'
[0.551s] INFO:colcon.colcon_core.plugin_system:Skipping extension 'colcon_core.shell.bat': Not used on non-Windows systems
[0.551s] INFO:colcon.colcon_core.shell:Skip shell extension 'powershell' for command environment: Not usable outside of PowerShell
[0.551s] DEBUG:colcon.colcon_core.shell:Skip shell extension 'dsv' for command environment
[0.556s] INFO:colcon.colcon_ros.task.ament_cmake.build:Building ROS package in '/home/seabro/osr_ws/src/osr-rover-code/ROS/osr_bringup' with build type 'ament_cmake'
[0.557s] INFO:colcon.colcon_cmake.task.cmake.build:Building CMake package in '/home/seabro/osr_ws/src/osr-rover-code/ROS/osr_bringup'
[0.557s] INFO:colcon.colcon_core.shell:Skip shell extension 'powershell' for command environment: Not usable outside of PowerShell
[0.557s] DEBUG:colcon.colcon_core.shell:Skip shell extension 'dsv' for command environment
[0.562s] INFO:colcon.colcon_ros.task.ament_cmake.build:Building ROS package in '/home/seabro/osr_ws/src/osr-rover-code/ROS/osr_gazebo' with build type 'ament_cmake'
[0.562s] INFO:colcon.colcon_cmake.task.cmake.build:Building CMake package in '/home/seabro/osr_ws/src/osr-rover-code/ROS/osr_gazebo'
[0.562s] INFO:colcon.colcon_core.shell:Skip shell extension 'powershell' for command environment: Not usable outside of PowerShell
[0.562s] DEBUG:colcon.colcon_core.shell:Skip shell extension 'dsv' for command environment
[0.576s] DEBUG:colcon.colcon_core.event_handler.log_command:Invoking command in '/home/seabro/osr_ws/src/osr-rover-code/ROS/build/osr_interfaces': CMAKE_PREFIX_PATH=${CMAKE_PREFIX_PATH}:/home/seabro/osr_ws/src/osr-rover-code/ROS/install/osr_control:/home/seabro/osr_ws/src/osr-rover-code/install/osr_control:/home/seabro/osr_ws/src/install/osr_control:/home/seabro/osr_ws/install/osr_control:/opt/ros/humble /usr/bin/cmake --build /home/seabro/osr_ws/src/osr-rover-code/ROS/build/osr_interfaces -- -j8 -l8
[0.581s] DEBUG:colcon.colcon_core.event_handler.log_command:Invoking command in '/home/seabro/osr_ws/src/osr-rover-code/ROS/build/osr_bringup': CMAKE_PREFIX_PATH=${CMAKE_PREFIX_PATH}:/home/seabro/osr_ws/src/osr-rover-code/ROS/install/osr_control:/home/seabro/osr_ws/src/osr-rover-code/install/osr_control:/home/seabro/osr_ws/src/install/osr_control:/home/seabro/osr_ws/install/osr_control:/opt/ros/humble /usr/bin/cmake --build /home/seabro/osr_ws/src/osr-rover-code/ROS/build/osr_bringup -- -j8 -l8
[0.589s] DEBUG:colcon.colcon_core.event_handler.log_command:Invoking command in '/home/seabro/osr_ws/src/osr-rover-code/ROS/build/osr_gazebo': CMAKE_PREFIX_PATH=${CMAKE_PREFIX_PATH}:/home/seabro/osr_ws/src/osr-rover-code/ROS/install/osr_control:/home/seabro/osr_ws/src/osr-rover-code/install/osr_control:/home/seabro/osr_ws/src/install/osr_control:/home/seabro/osr_ws/install/osr_control:/opt/ros/humble /usr/bin/cmake --build /home/seabro/osr_ws/src/osr-rover-code/ROS/build/osr_gazebo -- -j8 -l8
[0.624s] DEBUG:colcon.colcon_core.event_handler.log_command:Invoked command in '/home/seabro/osr_ws/src/osr-rover-code/ROS/build/osr_bringup' returned '0': CMAKE_PREFIX_PATH=${CMAKE_PREFIX_PATH}:/home/seabro/osr_ws/src/osr-rover-code/ROS/install/osr_control:/home/seabro/osr_ws/src/osr-rover-code/install/osr_control:/home/seabro/osr_ws/src/install/osr_control:/home/seabro/osr_ws/install/osr_control:/opt/ros/humble /usr/bin/cmake --build /home/seabro/osr_ws/src/osr-rover-code/ROS/build/osr_bringup -- -j8 -l8
[0.695s] DEBUG:colcon.colcon_core.event_handler.log_command:Invoking command in '/home/seabro/osr_ws/src/osr-rover-code/ROS/build/osr_bringup': CMAKE_PREFIX_PATH=${CMAKE_PREFIX_PATH}:/home/seabro/osr_ws/src/osr-rover-code/ROS/install/osr_control:/home/seabro/osr_ws/src/osr-rover-code/install/osr_control:/home/seabro/osr_ws/src/install/osr_control:/home/seabro/osr_ws/install/osr_control:/opt/ros/humble /usr/bin/cmake --install /home/seabro/osr_ws/src/osr-rover-code/ROS/build/osr_bringup
[0.713s] DEBUG:colcon.colcon_core.event_handler.log_command:Invoked command in '/home/seabro/osr_ws/src/osr-rover-code/ROS/build/osr_gazebo' returned '0': CMAKE_PREFIX_PATH=${CMAKE_PREFIX_PATH}:/home/seabro/osr_ws/src/osr-rover-code/ROS/install/osr_control:/home/seabro/osr_ws/src/osr-rover-code/install/osr_control:/home/seabro/osr_ws/src/install/osr_control:/home/seabro/osr_ws/install/osr_control:/opt/ros/humble /usr/bin/cmake --build /home/seabro/osr_ws/src/osr-rover-code/ROS/build/osr_gazebo -- -j8 -l8
[0.717s] Level 1:colcon.colcon_core.environment:create_environment_scripts_only(osr_bringup)
[0.718s] DEBUG:colcon.colcon_core.event_handler.log_command:Invoked command in '/home/seabro/osr_ws/src/osr-rover-code/ROS/build/osr_bringup' returned '0': CMAKE_PREFIX_PATH=${CMAKE_PREFIX_PATH}:/home/seabro/osr_ws/src/osr-rover-code/ROS/install/osr_control:/home/seabro/osr_ws/src/osr-rover-code/install/osr_control:/home/seabro/osr_ws/src/install/osr_control:/home/seabro/osr_ws/install/osr_control:/opt/ros/humble /usr/bin/cmake --install /home/seabro/osr_ws/src/osr-rover-code/ROS/build/osr_bringup
[0.725s] Level 1:colcon.colcon_core.environment:checking '/home/seabro/osr_ws/src/osr-rover-code/ROS/install/osr_bringup' for CMake module files
[0.726s] Level 1:colcon.colcon_core.environment:checking '/home/seabro/osr_ws/src/osr-rover-code/ROS/install/osr_bringup' for CMake config files
[0.727s] Level 1:colcon.colcon_core.shell:create_environment_hook('osr_bringup', 'cmake_prefix_path')
[0.727s] INFO:colcon.colcon_core.shell:Creating environment hook '/home/seabro/osr_ws/src/osr-rover-code/ROS/install/osr_bringup/share/osr_bringup/hook/cmake_prefix_path.ps1'
[0.729s] INFO:colcon.colcon_core.shell:Creating environment descriptor '/home/seabro/osr_ws/src/osr-rover-code/ROS/install/osr_bringup/share/osr_bringup/hook/cmake_prefix_path.dsv'
[0.730s] INFO:colcon.colcon_core.shell:Creating environment hook '/home/seabro/osr_ws/src/osr-rover-code/ROS/install/osr_bringup/share/osr_bringup/hook/cmake_prefix_path.sh'
[0.733s] Level 1:colcon.colcon_core.environment:checking '/home/seabro/osr_ws/src/osr-rover-code/ROS/install/osr_bringup/bin'
[0.733s] Level 1:colcon.colcon_core.environment:checking '/home/seabro/osr_ws/src/osr-rover-code/ROS/install/osr_bringup/lib/pkgconfig/osr_bringup.pc'
[0.733s] Level 1:colcon.colcon_core.environment:checking '/home/seabro/osr_ws/src/osr-rover-code/ROS/install/osr_bringup/lib/python3.10/site-packages'
[0.734s] Level 1:colcon.colcon_core.environment:checking '/home/seabro/osr_ws/src/osr-rover-code/ROS/install/osr_bringup/bin'
[0.734s] INFO:colcon.colcon_core.shell:Creating package script '/home/seabro/osr_ws/src/osr-rover-code/ROS/install/osr_bringup/share/osr_bringup/package.ps1'
[0.735s] INFO:colcon.colcon_core.shell:Creating package descriptor '/home/seabro/osr_ws/src/osr-rover-code/ROS/install/osr_bringup/share/osr_bringup/package.dsv'
[0.736s] INFO:colcon.colcon_core.shell:Creating package script '/home/seabro/osr_ws/src/osr-rover-code/ROS/install/osr_bringup/share/osr_bringup/package.sh'
[0.738s] INFO:colcon.colcon_core.shell:Creating package script '/home/seabro/osr_ws/src/osr-rover-code/ROS/install/osr_bringup/share/osr_bringup/package.bash'
[0.739s] INFO:colcon.colcon_core.shell:Creating package script '/home/seabro/osr_ws/src/osr-rover-code/ROS/install/osr_bringup/share/osr_bringup/package.zsh'
[0.740s] Level 1:colcon.colcon_core.environment:create_file_with_runtime_dependencies(/home/seabro/osr_ws/src/osr-rover-code/ROS/install/osr_bringup/share/colcon-core/packages/osr_bringup)
[0.750s] DEBUG:colcon.colcon_core.event_handler.log_command:Invoking command in '/home/seabro/osr_ws/src/osr-rover-code/ROS/build/osr_gazebo': CMAKE_PREFIX_PATH=${CMAKE_PREFIX_PATH}:/home/seabro/osr_ws/src/osr-rover-code/ROS/install/osr_control:/home/seabro/osr_ws/src/osr-rover-code/install/osr_control:/home/seabro/osr_ws/src/install/osr_control:/home/seabro/osr_ws/install/osr_control:/opt/ros/humble /usr/bin/cmake --install /home/seabro/osr_ws/src/osr-rover-code/ROS/build/osr_gazebo
[0.775s] Level 1:colcon.colcon_core.environment:create_environment_scripts_only(osr_gazebo)
[0.776s] Level 1:colcon.colcon_core.environment:checking '/home/seabro/osr_ws/src/osr-rover-code/ROS/install/osr_gazebo' for CMake module files
[0.782s] DEBUG:colcon.colcon_core.event_handler.log_command:Invoked command in '/home/seabro/osr_ws/src/osr-rover-code/ROS/build/osr_gazebo' returned '0': CMAKE_PREFIX_PATH=${CMAKE_PREFIX_PATH}:/home/seabro/osr_ws/src/osr-rover-code/ROS/install/osr_control:/home/seabro/osr_ws/src/osr-rover-code/install/osr_control:/home/seabro/osr_ws/src/install/osr_control:/home/seabro/osr_ws/install/osr_control:/opt/ros/humble /usr/bin/cmake --install /home/seabro/osr_ws/src/osr-rover-code/ROS/build/osr_gazebo
[0.783s] Level 1:colcon.colcon_core.environment:checking '/home/seabro/osr_ws/src/osr-rover-code/ROS/install/osr_gazebo' for CMake config files
[0.783s] Level 1:colcon.colcon_core.shell:create_environment_hook('osr_gazebo', 'cmake_prefix_path')
[0.783s] INFO:colcon.colcon_core.shell:Creating environment hook '/home/seabro/osr_ws/src/osr-rover-code/ROS/install/osr_gazebo/share/osr_gazebo/hook/cmake_prefix_path.ps1'
[0.784s] INFO:colcon.colcon_core.shell:Creating environment descriptor '/home/seabro/osr_ws/src/osr-rover-code/ROS/install/osr_gazebo/share/osr_gazebo/hook/cmake_prefix_path.dsv'
[0.784s] INFO:colcon.colcon_core.shell:Creating environment hook '/home/seabro/osr_ws/src/osr-rover-code/ROS/install/osr_gazebo/share/osr_gazebo/hook/cmake_prefix_path.sh'
[0.785s] Level 1:colcon.colcon_core.environment:checking '/home/seabro/osr_ws/src/osr-rover-code/ROS/install/osr_gazebo/lib'
[0.785s] Level 1:colcon.colcon_core.environment:checking '/home/seabro/osr_ws/src/osr-rover-code/ROS/install/osr_gazebo/bin'
[0.785s] Level 1:colcon.colcon_core.environment:checking '/home/seabro/osr_ws/src/osr-rover-code/ROS/install/osr_gazebo/lib/pkgconfig/osr_gazebo.pc'
[0.785s] Level 1:colcon.colcon_core.environment:checking '/home/seabro/osr_ws/src/osr-rover-code/ROS/install/osr_gazebo/lib/python3.10/site-packages'
[0.786s] Level 1:colcon.colcon_core.environment:checking '/home/seabro/osr_ws/src/osr-rover-code/ROS/install/osr_gazebo/bin'
[0.787s] INFO:colcon.colcon_core.shell:Creating package script '/home/seabro/osr_ws/src/osr-rover-code/ROS/install/osr_gazebo/share/osr_gazebo/package.ps1'
[0.789s] INFO:colcon.colcon_core.shell:Creating package descriptor '/home/seabro/osr_ws/src/osr-rover-code/ROS/install/osr_gazebo/share/osr_gazebo/package.dsv'
[0.789s] INFO:colcon.colcon_core.shell:Creating package script '/home/seabro/osr_ws/src/osr-rover-code/ROS/install/osr_gazebo/share/osr_gazebo/package.sh'
[0.790s] INFO:colcon.colcon_core.shell:Creating package script '/home/seabro/osr_ws/src/osr-rover-code/ROS/install/osr_gazebo/share/osr_gazebo/package.bash'
[0.790s] INFO:colcon.colcon_core.shell:Creating package script '/home/seabro/osr_ws/src/osr-rover-code/ROS/install/osr_gazebo/share/osr_gazebo/package.zsh'
[0.791s] Level 1:colcon.colcon_core.environment:create_file_with_runtime_dependencies(/home/seabro/osr_ws/src/osr-rover-code/ROS/install/osr_gazebo/share/colcon-core/packages/osr_gazebo)
[0.794s] Level 1:colcon.colcon_core.environment:create_environment_scripts_only(osr_bringup)
[0.794s] Level 1:colcon.colcon_core.environment:checking '/home/seabro/osr_ws/src/osr-rover-code/ROS/install/osr_bringup' for CMake module files
[0.794s] Level 1:colcon.colcon_core.environment:checking '/home/seabro/osr_ws/src/osr-rover-code/ROS/install/osr_bringup' for CMake config files
[0.794s] Level 1:colcon.colcon_core.shell:create_environment_hook('osr_bringup', 'cmake_prefix_path')
[0.795s] INFO:colcon.colcon_core.shell:Creating environment hook '/home/seabro/osr_ws/src/osr-rover-code/ROS/install/osr_bringup/share/osr_bringup/hook/cmake_prefix_path.ps1'
[0.795s] INFO:colcon.colcon_core.shell:Creating environment descriptor '/home/seabro/osr_ws/src/osr-rover-code/ROS/install/osr_bringup/share/osr_bringup/hook/cmake_prefix_path.dsv'
[0.796s] INFO:colcon.colcon_core.shell:Creating environment hook '/home/seabro/osr_ws/src/osr-rover-code/ROS/install/osr_bringup/share/osr_bringup/hook/cmake_prefix_path.sh'
[0.796s] Level 1:colcon.colcon_core.environment:checking '/home/seabro/osr_ws/src/osr-rover-code/ROS/install/osr_bringup/bin'
[0.796s] Level 1:colcon.colcon_core.environment:checking '/home/seabro/osr_ws/src/osr-rover-code/ROS/install/osr_bringup/lib/pkgconfig/osr_bringup.pc'
[0.796s] Level 1:colcon.colcon_core.environment:checking '/home/seabro/osr_ws/src/osr-rover-code/ROS/install/osr_bringup/lib/python3.10/site-packages'
[0.797s] Level 1:colcon.colcon_core.environment:checking '/home/seabro/osr_ws/src/osr-rover-code/ROS/install/osr_bringup/bin'
[0.797s] INFO:colcon.colcon_core.shell:Creating package script '/home/seabro/osr_ws/src/osr-rover-code/ROS/install/osr_bringup/share/osr_bringup/package.ps1'
[0.798s] INFO:colcon.colcon_core.shell:Creating package descriptor '/home/seabro/osr_ws/src/osr-rover-code/ROS/install/osr_bringup/share/osr_bringup/package.dsv'
[0.800s] INFO:colcon.colcon_core.shell:Creating package script '/home/seabro/osr_ws/src/osr-rover-code/ROS/install/osr_bringup/share/osr_bringup/package.sh'
[0.802s] INFO:colcon.colcon_core.shell:Creating package script '/home/seabro/osr_ws/src/osr-rover-code/ROS/install/osr_bringup/share/osr_bringup/package.bash'
[0.803s] INFO:colcon.colcon_core.shell:Creating package script '/home/seabro/osr_ws/src/osr-rover-code/ROS/install/osr_bringup/share/osr_bringup/package.zsh'
[0.804s] Level 1:colcon.colcon_core.environment:create_file_with_runtime_dependencies(/home/seabro/osr_ws/src/osr-rover-code/ROS/install/osr_bringup/share/colcon-core/packages/osr_bringup)
[0.831s] Level 1:colcon.colcon_core.environment:create_environment_scripts_only(osr_gazebo)
[0.831s] Level 1:colcon.colcon_core.environment:checking '/home/seabro/osr_ws/src/osr-rover-code/ROS/install/osr_gazebo' for CMake module files
[0.832s] Level 1:colcon.colcon_core.environment:checking '/home/seabro/osr_ws/src/osr-rover-code/ROS/install/osr_gazebo' for CMake config files
[0.832s] Level 1:colcon.colcon_core.shell:create_environment_hook('osr_gazebo', 'cmake_prefix_path')
[0.832s] INFO:colcon.colcon_core.shell:Creating environment hook '/home/seabro/osr_ws/src/osr-rover-code/ROS/install/osr_gazebo/share/osr_gazebo/hook/cmake_prefix_path.ps1'
[0.833s] INFO:colcon.colcon_core.shell:Creating environment descriptor '/home/seabro/osr_ws/src/osr-rover-code/ROS/install/osr_gazebo/share/osr_gazebo/hook/cmake_prefix_path.dsv'
[0.833s] INFO:colcon.colcon_core.shell:Creating environment hook '/home/seabro/osr_ws/src/osr-rover-code/ROS/install/osr_gazebo/share/osr_gazebo/hook/cmake_prefix_path.sh'
[0.834s] Level 1:colcon.colcon_core.environment:checking '/home/seabro/osr_ws/src/osr-rover-code/ROS/install/osr_gazebo/lib'
[0.834s] Level 1:colcon.colcon_core.environment:checking '/home/seabro/osr_ws/src/osr-rover-code/ROS/install/osr_gazebo/bin'
[0.834s] Level 1:colcon.colcon_core.environment:checking '/home/seabro/osr_ws/src/osr-rover-code/ROS/install/osr_gazebo/lib/pkgconfig/osr_gazebo.pc'
[0.834s] Level 1:colcon.colcon_core.environment:checking '/home/seabro/osr_ws/src/osr-rover-code/ROS/install/osr_gazebo/lib/python3.10/site-packages'
[0.834s] Level 1:colcon.colcon_core.environment:checking '/home/seabro/osr_ws/src/osr-rover-code/ROS/install/osr_gazebo/bin'
[0.835s] INFO:colcon.colcon_core.shell:Creating package script '/home/seabro/osr_ws/src/osr-rover-code/ROS/install/osr_gazebo/share/osr_gazebo/package.ps1'
[0.835s] INFO:colcon.colcon_core.shell:Creating package descriptor '/home/seabro/osr_ws/src/osr-rover-code/ROS/install/osr_gazebo/share/osr_gazebo/package.dsv'
[0.836s] INFO:colcon.colcon_core.shell:Creating package script '/home/seabro/osr_ws/src/osr-rover-code/ROS/install/osr_gazebo/share/osr_gazebo/package.sh'
[0.836s] INFO:colcon.colcon_core.shell:Creating package script '/home/seabro/osr_ws/src/osr-rover-code/ROS/install/osr_gazebo/share/osr_gazebo/package.bash'
[0.836s] INFO:colcon.colcon_core.shell:Creating package script '/home/seabro/osr_ws/src/osr-rover-code/ROS/install/osr_gazebo/share/osr_gazebo/package.zsh'
[0.837s] Level 1:colcon.colcon_core.environment:create_file_with_runtime_dependencies(/home/seabro/osr_ws/src/osr-rover-code/ROS/install/osr_gazebo/share/colcon-core/packages/osr_gazebo)
[1.027s] DEBUG:colcon.colcon_core.event_handler.log_command:Invoked command in '/home/seabro/osr_ws/src/osr-rover-code/ROS/build/osr_interfaces' returned '0': CMAKE_PREFIX_PATH=${CMAKE_PREFIX_PATH}:/home/seabro/osr_ws/src/osr-rover-code/ROS/install/osr_control:/home/seabro/osr_ws/src/osr-rover-code/install/osr_control:/home/seabro/osr_ws/src/install/osr_control:/home/seabro/osr_ws/install/osr_control:/opt/ros/humble /usr/bin/cmake --build /home/seabro/osr_ws/src/osr-rover-code/ROS/build/osr_interfaces -- -j8 -l8
[1.121s] DEBUG:colcon.colcon_core.event_handler.log_command:Invoking command in '/home/seabro/osr_ws/src/osr-rover-code/ROS/build/osr_interfaces': CMAKE_PREFIX_PATH=${CMAKE_PREFIX_PATH}:/home/seabro/osr_ws/src/osr-rover-code/ROS/install/osr_control:/home/seabro/osr_ws/src/osr-rover-code/install/osr_control:/home/seabro/osr_ws/src/install/osr_control:/home/seabro/osr_ws/install/osr_control:/opt/ros/humble /usr/bin/cmake --install /home/seabro/osr_ws/src/osr-rover-code/ROS/build/osr_interfaces
[1.176s] Level 1:colcon.colcon_core.environment:create_environment_scripts_only(osr_interfaces)
[1.176s] DEBUG:colcon.colcon_core.event_handler.log_command:Invoked command in '/home/seabro/osr_ws/src/osr-rover-code/ROS/build/osr_interfaces' returned '0': CMAKE_PREFIX_PATH=${CMAKE_PREFIX_PATH}:/home/seabro/osr_ws/src/osr-rover-code/ROS/install/osr_control:/home/seabro/osr_ws/src/osr-rover-code/install/osr_control:/home/seabro/osr_ws/src/install/osr_control:/home/seabro/osr_ws/install/osr_control:/opt/ros/humble /usr/bin/cmake --install /home/seabro/osr_ws/src/osr-rover-code/ROS/build/osr_interfaces
[1.176s] Level 1:colcon.colcon_core.environment:checking '/home/seabro/osr_ws/src/osr-rover-code/ROS/install/osr_interfaces' for CMake module files
[1.177s] Level 1:colcon.colcon_core.environment:checking '/home/seabro/osr_ws/src/osr-rover-code/ROS/install/osr_interfaces' for CMake config files
[1.177s] Level 1:colcon.colcon_core.shell:create_environment_hook('osr_interfaces', 'cmake_prefix_path')
[1.177s] INFO:colcon.colcon_core.shell:Creating environment hook '/home/seabro/osr_ws/src/osr-rover-code/ROS/install/osr_interfaces/share/osr_interfaces/hook/cmake_prefix_path.ps1'
[1.178s] INFO:colcon.colcon_core.shell:Creating environment descriptor '/home/seabro/osr_ws/src/osr-rover-code/ROS/install/osr_interfaces/share/osr_interfaces/hook/cmake_prefix_path.dsv'
[1.178s] INFO:colcon.colcon_core.shell:Creating environment hook '/home/seabro/osr_ws/src/osr-rover-code/ROS/install/osr_interfaces/share/osr_interfaces/hook/cmake_prefix_path.sh'
[1.179s] Level 1:colcon.colcon_core.environment:checking '/home/seabro/osr_ws/src/osr-rover-code/ROS/install/osr_interfaces/lib'
[1.179s] Level 1:colcon.colcon_core.shell:create_environment_hook('osr_interfaces', 'ld_library_path_lib')
[1.179s] INFO:colcon.colcon_core.shell:Creating environment hook '/home/seabro/osr_ws/src/osr-rover-code/ROS/install/osr_interfaces/share/osr_interfaces/hook/ld_library_path_lib.ps1'
[1.179s] INFO:colcon.colcon_core.shell:Creating environment descriptor '/home/seabro/osr_ws/src/osr-rover-code/ROS/install/osr_interfaces/share/osr_interfaces/hook/ld_library_path_lib.dsv'
[1.179s] INFO:colcon.colcon_core.shell:Creating environment hook '/home/seabro/osr_ws/src/osr-rover-code/ROS/install/osr_interfaces/share/osr_interfaces/hook/ld_library_path_lib.sh'
[1.180s] Level 1:colcon.colcon_core.environment:checking '/home/seabro/osr_ws/src/osr-rover-code/ROS/install/osr_interfaces/bin'
[1.180s] Level 1:colcon.colcon_core.environment:checking '/home/seabro/osr_ws/src/osr-rover-code/ROS/install/osr_interfaces/lib/pkgconfig/osr_interfaces.pc'
[1.180s] Level 1:colcon.colcon_core.environment:checking '/home/seabro/osr_ws/src/osr-rover-code/ROS/install/osr_interfaces/lib/python3.10/site-packages'
[1.180s] Level 1:colcon.colcon_core.environment:checking '/home/seabro/osr_ws/src/osr-rover-code/ROS/install/osr_interfaces/bin'
[1.180s] INFO:colcon.colcon_core.shell:Creating package script '/home/seabro/osr_ws/src/osr-rover-code/ROS/install/osr_interfaces/share/osr_interfaces/package.ps1'
[1.181s] INFO:colcon.colcon_core.shell:Creating package descriptor '/home/seabro/osr_ws/src/osr-rover-code/ROS/install/osr_interfaces/share/osr_interfaces/package.dsv'
[1.181s] INFO:colcon.colcon_core.shell:Creating package script '/home/seabro/osr_ws/src/osr-rover-code/ROS/install/osr_interfaces/share/osr_interfaces/package.sh'
[1.182s] INFO:colcon.colcon_core.shell:Creating package script '/home/seabro/osr_ws/src/osr-rover-code/ROS/install/osr_interfaces/share/osr_interfaces/package.bash'
[1.182s] INFO:colcon.colcon_core.shell:Creating package script '/home/seabro/osr_ws/src/osr-rover-code/ROS/install/osr_interfaces/share/osr_interfaces/package.zsh'
[1.182s] Level 1:colcon.colcon_core.environment:create_file_with_runtime_dependencies(/home/seabro/osr_ws/src/osr-rover-code/ROS/install/osr_interfaces/share/colcon-core/packages/osr_interfaces)
[1.264s] Level 1:colcon.colcon_core.environment:create_environment_scripts_only(osr_interfaces)
[1.264s] Level 1:colcon.colcon_core.environment:checking '/home/seabro/osr_ws/src/osr-rover-code/ROS/install/osr_interfaces' for CMake module files
[1.265s] Level 1:colcon.colcon_core.environment:checking '/home/seabro/osr_ws/src/osr-rover-code/ROS/install/osr_interfaces' for CMake config files
[1.265s] Level 1:colcon.colcon_core.shell:create_environment_hook('osr_interfaces', 'cmake_prefix_path')
[1.265s] INFO:colcon.colcon_core.shell:Creating environment hook '/home/seabro/osr_ws/src/osr-rover-code/ROS/install/osr_interfaces/share/osr_interfaces/hook/cmake_prefix_path.ps1'
[1.266s] INFO:colcon.colcon_core.shell:Creating environment descriptor '/home/seabro/osr_ws/src/osr-rover-code/ROS/install/osr_interfaces/share/osr_interfaces/hook/cmake_prefix_path.dsv'
[1.266s] INFO:colcon.colcon_core.shell:Creating environment hook '/home/seabro/osr_ws/src/osr-rover-code/ROS/install/osr_interfaces/share/osr_interfaces/hook/cmake_prefix_path.sh'
[1.266s] Level 1:colcon.colcon_core.environment:checking '/home/seabro/osr_ws/src/osr-rover-code/ROS/install/osr_interfaces/lib'
[1.266s] Level 1:colcon.colcon_core.shell:create_environment_hook('osr_interfaces', 'ld_library_path_lib')
[1.267s] INFO:colcon.colcon_core.shell:Creating environment hook '/home/seabro/osr_ws/src/osr-rover-code/ROS/install/osr_interfaces/share/osr_interfaces/hook/ld_library_path_lib.ps1'
[1.267s] INFO:colcon.colcon_core.shell:Creating environment descriptor '/home/seabro/osr_ws/src/osr-rover-code/ROS/install/osr_interfaces/share/osr_interfaces/hook/ld_library_path_lib.dsv'
[1.267s] INFO:colcon.colcon_core.shell:Creating environment hook '/home/seabro/osr_ws/src/osr-rover-code/ROS/install/osr_interfaces/share/osr_interfaces/hook/ld_library_path_lib.sh'
[1.267s] Level 1:colcon.colcon_core.environment:checking '/home/seabro/osr_ws/src/osr-rover-code/ROS/install/osr_interfaces/bin'
[1.267s] Level 1:colcon.colcon_core.environment:checking '/home/seabro/osr_ws/src/osr-rover-code/ROS/install/osr_interfaces/lib/pkgconfig/osr_interfaces.pc'
[1.268s] Level 1:colcon.colcon_core.environment:checking '/home/seabro/osr_ws/src/osr-rover-code/ROS/install/osr_interfaces/lib/python3.10/site-packages'
[1.268s] Level 1:colcon.colcon_core.environment:checking '/home/seabro/osr_ws/src/osr-rover-code/ROS/install/osr_interfaces/bin'
[1.268s] INFO:colcon.colcon_core.shell:Creating package script '/home/seabro/osr_ws/src/osr-rover-code/ROS/install/osr_interfaces/share/osr_interfaces/package.ps1'
[1.268s] INFO:colcon.colcon_core.shell:Creating package descriptor '/home/seabro/osr_ws/src/osr-rover-code/ROS/install/osr_interfaces/share/osr_interfaces/package.dsv'
[1.269s] INFO:colcon.colcon_core.shell:Creating package script '/home/seabro/osr_ws/src/osr-rover-code/ROS/install/osr_interfaces/share/osr_interfaces/package.sh'
[1.269s] INFO:colcon.colcon_core.shell:Creating package script '/home/seabro/osr_ws/src/osr-rover-code/ROS/install/osr_interfaces/share/osr_interfaces/package.bash'
[1.270s] INFO:colcon.colcon_core.shell:Creating package script '/home/seabro/osr_ws/src/osr-rover-code/ROS/install/osr_interfaces/share/osr_interfaces/package.zsh'
[1.270s] Level 1:colcon.colcon_core.environment:create_file_with_runtime_dependencies(/home/seabro/osr_ws/src/osr-rover-code/ROS/install/osr_interfaces/share/colcon-core/packages/osr_interfaces)
[1.271s] INFO:colcon.colcon_ros.task.ament_python.build:Building ROS package in '/home/seabro/osr_ws/src/osr-rover-code/ROS/osr_control' with build type 'ament_python'
[1.271s] Level 1:colcon.colcon_core.shell:create_environment_hook('osr_control', 'ament_prefix_path')
[1.271s] INFO:colcon.colcon_core.shell:Creating environment hook '/home/seabro/osr_ws/src/osr-rover-code/ROS/install/osr_control/share/osr_control/hook/ament_prefix_path.ps1'
[1.272s] INFO:colcon.colcon_core.shell:Creating environment descriptor '/home/seabro/osr_ws/src/osr-rover-code/ROS/install/osr_control/share/osr_control/hook/ament_prefix_path.dsv'
[1.273s] INFO:colcon.colcon_core.shell:Creating environment hook '/home/seabro/osr_ws/src/osr-rover-code/ROS/install/osr_control/share/osr_control/hook/ament_prefix_path.sh'
[1.273s] INFO:colcon.colcon_core.shell:Skip shell extension 'powershell' for command environment: Not usable outside of PowerShell
[1.274s] DEBUG:colcon.colcon_core.shell:Skip shell extension 'dsv' for command environment
[1.627s] INFO:colcon.colcon_core.task.python.build:Building Python package in '/home/seabro/osr_ws/src/osr-rover-code/ROS/osr_control'
[1.628s] INFO:colcon.colcon_core.shell:Skip shell extension 'powershell' for command environment: Not usable outside of PowerShell
[1.628s] DEBUG:colcon.colcon_core.shell:Skip shell extension 'dsv' for command environment
[2.111s] DEBUG:colcon.colcon_core.event_handler.log_command:Invoking command in '/home/seabro/osr_ws/src/osr-rover-code/ROS/osr_control': PYTHONPATH=/home/seabro/osr_ws/src/osr-rover-code/ROS/build/osr_control/prefix_override:/usr/lib/python3/dist-packages/colcon_core/task/python/colcon_distutils_commands:/home/seabro/osr_ws/src/osr-rover-code/ROS/install/osr_control/lib/python3.10/site-packages:${PYTHONPATH} /usr/bin/python3 -W ignore:setup.py install is deprecated setup.py egg_info --egg-base ../build/osr_control build --build-base /home/seabro/osr_ws/src/osr-rover-code/ROS/build/osr_control/build install --record /home/seabro/osr_ws/src/osr-rover-code/ROS/build/osr_control/install.log --install-scripts $base/lib/osr_control --single-version-externally-managed install_data
[2.418s] Level 1:colcon.colcon_core.environment:checking '/home/seabro/osr_ws/src/osr-rover-code/ROS/install/osr_control' for CMake module files
[2.419s] DEBUG:colcon.colcon_core.event_handler.log_command:Invoked command in '/home/seabro/osr_ws/src/osr-rover-code/ROS/osr_control' returned '0': PYTHONPATH=/home/seabro/osr_ws/src/osr-rover-code/ROS/build/osr_control/prefix_override:/usr/lib/python3/dist-packages/colcon_core/task/python/colcon_distutils_commands:/home/seabro/osr_ws/src/osr-rover-code/ROS/install/osr_control/lib/python3.10/site-packages:${PYTHONPATH} /usr/bin/python3 -W ignore:setup.py install is deprecated setup.py egg_info --egg-base ../build/osr_control build --build-base /home/seabro/osr_ws/src/osr-rover-code/ROS/build/osr_control/build install --record /home/seabro/osr_ws/src/osr-rover-code/ROS/build/osr_control/install.log --install-scripts $base/lib/osr_control --single-version-externally-managed install_data
[2.419s] Level 1:colcon.colcon_core.environment:checking '/home/seabro/osr_ws/src/osr-rover-code/ROS/install/osr_control' for CMake config files
[2.419s] Level 1:colcon.colcon_core.environment:checking '/home/seabro/osr_ws/src/osr-rover-code/ROS/install/osr_control/lib'
[2.420s] Level 1:colcon.colcon_core.environment:checking '/home/seabro/osr_ws/src/osr-rover-code/ROS/install/osr_control/bin'
[2.420s] Level 1:colcon.colcon_core.environment:checking '/home/seabro/osr_ws/src/osr-rover-code/ROS/install/osr_control/lib/pkgconfig/osr_control.pc'
[2.420s] Level 1:colcon.colcon_core.environment:checking '/home/seabro/osr_ws/src/osr-rover-code/ROS/install/osr_control/lib/python3.10/site-packages'
[2.420s] Level 1:colcon.colcon_core.shell:create_environment_hook('osr_control', 'pythonpath')
[2.420s] INFO:colcon.colcon_core.shell:Creating environment hook '/home/seabro/osr_ws/src/osr-rover-code/ROS/install/osr_control/share/osr_control/hook/pythonpath.ps1'
[2.420s] INFO:colcon.colcon_core.shell:Creating environment descriptor '/home/seabro/osr_ws/src/osr-rover-code/ROS/install/osr_control/share/osr_control/hook/pythonpath.dsv'
[2.421s] INFO:colcon.colcon_core.shell:Creating environment hook '/home/seabro/osr_ws/src/osr-rover-code/ROS/install/osr_control/share/osr_control/hook/pythonpath.sh'
[2.421s] Level 1:colcon.colcon_core.environment:checking '/home/seabro/osr_ws/src/osr-rover-code/ROS/install/osr_control/bin'
[2.421s] Level 1:colcon.colcon_core.environment:create_environment_scripts_only(osr_control)
[2.421s] INFO:colcon.colcon_core.shell:Creating package script '/home/seabro/osr_ws/src/osr-rover-code/ROS/install/osr_control/share/osr_control/package.ps1'
[2.421s] INFO:colcon.colcon_core.shell:Creating package descriptor '/home/seabro/osr_ws/src/osr-rover-code/ROS/install/osr_control/share/osr_control/package.dsv'
[2.422s] INFO:colcon.colcon_core.shell:Creating package script '/home/seabro/osr_ws/src/osr-rover-code/ROS/install/osr_control/share/osr_control/package.sh'
[2.422s] INFO:colcon.colcon_core.shell:Creating package script '/home/seabro/osr_ws/src/osr-rover-code/ROS/install/osr_control/share/osr_control/package.bash'
[2.423s] INFO:colcon.colcon_core.shell:Creating package script '/home/seabro/osr_ws/src/osr-rover-code/ROS/install/osr_control/share/osr_control/package.zsh'
[2.423s] Level 1:colcon.colcon_core.environment:create_file_with_runtime_dependencies(/home/seabro/osr_ws/src/osr-rover-code/ROS/install/osr_control/share/colcon-core/packages/osr_control)
[2.424s] DEBUG:colcon.colcon_parallel_executor.executor.parallel:closing loop
[2.424s] DEBUG:colcon.colcon_parallel_executor.executor.parallel:loop closed
[2.424s] DEBUG:colcon.colcon_parallel_executor.executor.parallel:run_until_complete finished with '0'
[2.424s] DEBUG:colcon.colcon_core.event_reactor:joining thread
[2.464s] INFO:colcon.colcon_core.plugin_system:Skipping extension 'colcon_notification.desktop_notification.notify_send': Could not find 'notify-send'
[2.464s] INFO:colcon.colcon_core.plugin_system:Skipping extension 'colcon_notification.desktop_notification.terminal_notifier': Not used on non-Darwin systems
[2.464s] INFO:colcon.colcon_core.plugin_system:Skipping extension 'colcon_notification.desktop_notification.win32': Not used on non-Windows systems
[2.464s] INFO:colcon.colcon_notification.desktop_notification:Sending desktop notification using 'notify2'
[2.464s] DEBUG:colcon.colcon_notification.desktop_notification.notify2:Failed to initialize notify2: org.freedesktop.DBus.Error.FileNotFound: Failed to connect to socket /run/user/1000/bus: No such file or directory
[2.465s] DEBUG:colcon.colcon_core.event_reactor:joined thread
[2.465s] INFO:colcon.colcon_core.shell:Creating prefix script '/home/seabro/osr_ws/src/osr-rover-code/ROS/install/local_setup.ps1'
[2.466s] INFO:colcon.colcon_core.shell:Creating prefix util module '/home/seabro/osr_ws/src/osr-rover-code/ROS/install/_local_setup_util_ps1.py'
[2.467s] INFO:colcon.colcon_core.shell:Creating prefix chain script '/home/seabro/osr_ws/src/osr-rover-code/ROS/install/setup.ps1'
[2.469s] INFO:colcon.colcon_core.shell:Creating prefix script '/home/seabro/osr_ws/src/osr-rover-code/ROS/install/local_setup.sh'
[2.469s] INFO:colcon.colcon_core.shell:Creating prefix util module '/home/seabro/osr_ws/src/osr-rover-code/ROS/install/_local_setup_util_sh.py'
[2.470s] INFO:colcon.colcon_core.shell:Creating prefix chain script '/home/seabro/osr_ws/src/osr-rover-code/ROS/install/setup.sh'
[2.472s] INFO:colcon.colcon_core.shell:Creating prefix script '/home/seabro/osr_ws/src/osr-rover-code/ROS/install/local_setup.bash'
[2.472s] INFO:colcon.colcon_core.shell:Creating prefix chain script '/home/seabro/osr_ws/src/osr-rover-code/ROS/install/setup.bash'
[2.474s] INFO:colcon.colcon_core.shell:Creating prefix script '/home/seabro/osr_ws/src/osr-rover-code/ROS/install/local_setup.zsh'
[2.474s] INFO:colcon.colcon_core.shell:Creating prefix chain script '/home/seabro/osr_ws/src/osr-rover-code/ROS/install/setup.zsh'
