[1.230s] DEBUG:colcon:Command line arguments: ['/usr/bin/colcon', 'build']
[1.231s] DEBUG:colcon:Parsed command line arguments: Namespace(log_base=None, log_level=None, verb_name='build', build_base='build', install_base='install', merge_install=False, symlink_install=False, test_result_base=None, continue_on_error=False, executor='parallel', parallel_workers=8, event_handlers=None, ignore_user_meta=False, metas=['./colcon.meta'], base_paths=['.'], packages_ignore=None, packages_ignore_regex=None, paths=None, packages_up_to=None, packages_up_to_regex=None, packages_above=None, packages_above_and_dependencies=None, packages_above_depth=None, packages_select_by_dep=None, packages_skip_by_dep=None, packages_skip_up_to=None, packages_select_build_failed=False, packages_skip_build_finished=False, packages_select_test_failures=False, packages_skip_test_passed=False, packages_select=None, packages_skip=None, packages_select_regex=None, packages_skip_regex=None, packages_start=None, packages_end=None, allow_overriding=[], cmake_args=None, cmake_target=None, cmake_target_skip_unavailable=False, cmake_clean_cache=False, cmake_clean_first=False, cmake_force_configure=False, ament_cmake_args=None, catkin_cmake_args=None, catkin_skip_building_tests=False, verb_parser=<colcon_defaults.argument_parser.defaults.DefaultArgumentsDecorator object at 0x7efeb270db10>, verb_extension=<colcon_core.verb.build.BuildVerb object at 0x7efeb270e530>, main=<bound method BuildVerb.main of <colcon_core.verb.build.BuildVerb object at 0x7efeb270e530>>)
[1.840s] Level 1:colcon.colcon_core.package_discovery:discover_packages(colcon_meta) check parameters
[1.840s] Level 1:colcon.colcon_core.package_discovery:discover_packages(recursive) check parameters
[1.840s] Level 1:colcon.colcon_core.package_discovery:discover_packages(ignore) check parameters
[1.840s] Level 1:colcon.colcon_core.package_discovery:discover_packages(path) check parameters
[1.840s] Level 1:colcon.colcon_core.package_discovery:discover_packages(colcon_meta) discover
[1.840s] Level 1:colcon.colcon_core.package_discovery:discover_packages(recursive) discover
[1.840s] INFO:colcon.colcon_core.package_discovery:Crawling recursively for packages in '/home/seabro/osr_ws/src/osr-rover-code/ROS/osr_gazebo'
[1.841s] Level 1:colcon.colcon_core.package_identification:_identify(.) by extensions ['ignore', 'ignore_ament_install']
[1.841s] Level 1:colcon.colcon_core.package_identification:_identify(.) by extension 'ignore'
[1.842s] Level 1:colcon.colcon_core.package_identification:_identify(.) by extension 'ignore_ament_install'
[1.842s] Level 1:colcon.colcon_core.package_identification:_identify(.) by extensions ['colcon_pkg']
[1.842s] Level 1:colcon.colcon_core.package_identification:_identify(.) by extension 'colcon_pkg'
[1.842s] Level 1:colcon.colcon_core.package_identification:_identify(.) by extensions ['colcon_meta']
[1.842s] Level 1:colcon.colcon_core.package_identification:_identify(.) by extension 'colcon_meta'
[1.842s] Level 1:colcon.colcon_core.package_identification:_identify(.) by extensions ['ros']
[1.842s] Level 1:colcon.colcon_core.package_identification:_identify(.) by extension 'ros'
[1.934s] DEBUG:colcon.colcon_core.package_identification:Package '.' with type 'ros.ament_cmake' and name 'osr_gazebo'
[1.934s] Level 1:colcon.colcon_core.package_discovery:discover_packages(recursive) using defaults
[1.934s] Level 1:colcon.colcon_core.package_discovery:discover_packages(ignore) discover
[1.934s] Level 1:colcon.colcon_core.package_discovery:discover_packages(ignore) using defaults
[1.935s] Level 1:colcon.colcon_core.package_discovery:discover_packages(path) discover
[1.935s] Level 1:colcon.colcon_core.package_discovery:discover_packages(path) using defaults
[2.094s] Level 1:colcon.colcon_core.package_discovery:discover_packages(prefix_path) check parameters
[2.094s] Level 1:colcon.colcon_core.package_discovery:discover_packages(prefix_path) discover
[2.107s] DEBUG:colcon.colcon_installed_package_information.package_discovery:Found 1 installed packages in /home/seabro/osr_ws/src/osr-rover-code/ROS/osr_gazebo/install
[2.109s] DEBUG:colcon.colcon_installed_package_information.package_discovery:Found 4 installed packages in /home/seabro/osr_ws/src/osr-rover-code/install
[2.110s] DEBUG:colcon.colcon_installed_package_information.package_discovery:Found 4 installed packages in /home/seabro/osr_ws/src/install
[2.112s] DEBUG:colcon.colcon_installed_package_information.package_discovery:Found 4 installed packages in /home/seabro/osr_ws/install
[2.114s] DEBUG:colcon.colcon_installed_package_information.package_discovery:Found 4 installed packages in /home/seabro/osr_ws/src/osr-rover-code/ROS/install
[2.119s] DEBUG:colcon.colcon_installed_package_information.package_discovery:Found 349 installed packages in /opt/ros/humble
[2.124s] Level 1:colcon.colcon_core.package_discovery:discover_packages(prefix_path) using defaults
[2.314s] Level 5:colcon.colcon_core.verb:set package 'osr_gazebo' build argument 'cmake_args' from command line to 'None'
[2.314s] Level 5:colcon.colcon_core.verb:set package 'osr_gazebo' build argument 'cmake_target' from command line to 'None'
[2.314s] Level 5:colcon.colcon_core.verb:set package 'osr_gazebo' build argument 'cmake_target_skip_unavailable' from command line to 'False'
[2.314s] Level 5:colcon.colcon_core.verb:set package 'osr_gazebo' build argument 'cmake_clean_cache' from command line to 'False'
[2.314s] Level 5:colcon.colcon_core.verb:set package 'osr_gazebo' build argument 'cmake_clean_first' from command line to 'False'
[2.314s] Level 5:colcon.colcon_core.verb:set package 'osr_gazebo' build argument 'cmake_force_configure' from command line to 'False'
[2.314s] Level 5:colcon.colcon_core.verb:set package 'osr_gazebo' build argument 'ament_cmake_args' from command line to 'None'
[2.314s] Level 5:colcon.colcon_core.verb:set package 'osr_gazebo' build argument 'catkin_cmake_args' from command line to 'None'
[2.314s] Level 5:colcon.colcon_core.verb:set package 'osr_gazebo' build argument 'catkin_skip_building_tests' from command line to 'False'
[2.315s] DEBUG:colcon.colcon_core.verb:Building package 'osr_gazebo' with the following arguments: {'ament_cmake_args': None, 'build_base': '/home/seabro/osr_ws/src/osr-rover-code/ROS/osr_gazebo/build/osr_gazebo', 'catkin_cmake_args': None, 'catkin_skip_building_tests': False, 'cmake_args': None, 'cmake_clean_cache': False, 'cmake_clean_first': False, 'cmake_force_configure': False, 'cmake_target': None, 'cmake_target_skip_unavailable': False, 'install_base': '/home/seabro/osr_ws/src/osr-rover-code/ROS/osr_gazebo/install/osr_gazebo', 'merge_install': False, 'path': '/home/seabro/osr_ws/src/osr-rover-code/ROS/osr_gazebo', 'symlink_install': False, 'test_result_base': None}
[2.315s] INFO:colcon.colcon_core.executor:Executing jobs using 'parallel' executor
[2.317s] DEBUG:colcon.colcon_parallel_executor.executor.parallel:run_until_complete
[2.323s] INFO:colcon.colcon_ros.task.ament_cmake.build:Building ROS package in '/home/seabro/osr_ws/src/osr-rover-code/ROS/osr_gazebo' with build type 'ament_cmake'
[2.324s] INFO:colcon.colcon_cmake.task.cmake.build:Building CMake package in '/home/seabro/osr_ws/src/osr-rover-code/ROS/osr_gazebo'
[2.344s] INFO:colcon.colcon_core.plugin_system:Skipping extension 'colcon_core.shell.bat': Not used on non-Windows systems
[2.345s] INFO:colcon.colcon_core.shell:Skip shell extension 'powershell' for command environment: Not usable outside of PowerShell
[2.345s] DEBUG:colcon.colcon_core.shell:Skip shell extension 'dsv' for command environment
[2.402s] DEBUG:colcon.colcon_core.event_handler.log_command:Invoking command in '/home/seabro/osr_ws/src/osr-rover-code/ROS/osr_gazebo/build/osr_gazebo': CMAKE_PREFIX_PATH=${CMAKE_PREFIX_PATH}:/home/seabro/osr_ws/src/osr-rover-code/ROS/install/osr_control:/home/seabro/osr_ws/src/osr-rover-code/install/osr_control:/home/seabro/osr_ws/src/install/osr_control:/home/seabro/osr_ws/install/osr_control:/opt/ros/humble /usr/bin/cmake --build /home/seabro/osr_ws/src/osr-rover-code/ROS/osr_gazebo/build/osr_gazebo -- -j8 -l8
[2.823s] DEBUG:colcon.colcon_core.event_handler.log_command:Invoked command in '/home/seabro/osr_ws/src/osr-rover-code/ROS/osr_gazebo/build/osr_gazebo' returned '0': CMAKE_PREFIX_PATH=${CMAKE_PREFIX_PATH}:/home/seabro/osr_ws/src/osr-rover-code/ROS/install/osr_control:/home/seabro/osr_ws/src/osr-rover-code/install/osr_control:/home/seabro/osr_ws/src/install/osr_control:/home/seabro/osr_ws/install/osr_control:/opt/ros/humble /usr/bin/cmake --build /home/seabro/osr_ws/src/osr-rover-code/ROS/osr_gazebo/build/osr_gazebo -- -j8 -l8
[2.921s] DEBUG:colcon.colcon_core.event_handler.log_command:Invoking command in '/home/seabro/osr_ws/src/osr-rover-code/ROS/osr_gazebo/build/osr_gazebo': CMAKE_PREFIX_PATH=${CMAKE_PREFIX_PATH}:/home/seabro/osr_ws/src/osr-rover-code/ROS/install/osr_control:/home/seabro/osr_ws/src/osr-rover-code/install/osr_control:/home/seabro/osr_ws/src/install/osr_control:/home/seabro/osr_ws/install/osr_control:/opt/ros/humble /usr/bin/cmake --install /home/seabro/osr_ws/src/osr-rover-code/ROS/osr_gazebo/build/osr_gazebo
[2.963s] Level 1:colcon.colcon_core.environment:create_environment_scripts_only(osr_gazebo)
[2.965s] DEBUG:colcon.colcon_core.event_handler.log_command:Invoked command in '/home/seabro/osr_ws/src/osr-rover-code/ROS/osr_gazebo/build/osr_gazebo' returned '0': CMAKE_PREFIX_PATH=${CMAKE_PREFIX_PATH}:/home/seabro/osr_ws/src/osr-rover-code/ROS/install/osr_control:/home/seabro/osr_ws/src/osr-rover-code/install/osr_control:/home/seabro/osr_ws/src/install/osr_control:/home/seabro/osr_ws/install/osr_control:/opt/ros/humble /usr/bin/cmake --install /home/seabro/osr_ws/src/osr-rover-code/ROS/osr_gazebo/build/osr_gazebo
[2.978s] Level 1:colcon.colcon_core.environment:checking '/home/seabro/osr_ws/src/osr-rover-code/ROS/osr_gazebo/install/osr_gazebo' for CMake module files
[2.979s] Level 1:colcon.colcon_core.environment:checking '/home/seabro/osr_ws/src/osr-rover-code/ROS/osr_gazebo/install/osr_gazebo' for CMake config files
[2.980s] Level 1:colcon.colcon_core.shell:create_environment_hook('osr_gazebo', 'cmake_prefix_path')
[2.981s] INFO:colcon.colcon_core.shell:Creating environment hook '/home/seabro/osr_ws/src/osr-rover-code/ROS/osr_gazebo/install/osr_gazebo/share/osr_gazebo/hook/cmake_prefix_path.ps1'
[2.983s] INFO:colcon.colcon_core.shell:Creating environment descriptor '/home/seabro/osr_ws/src/osr-rover-code/ROS/osr_gazebo/install/osr_gazebo/share/osr_gazebo/hook/cmake_prefix_path.dsv'
[2.984s] INFO:colcon.colcon_core.shell:Creating environment hook '/home/seabro/osr_ws/src/osr-rover-code/ROS/osr_gazebo/install/osr_gazebo/share/osr_gazebo/hook/cmake_prefix_path.sh'
[2.987s] Level 1:colcon.colcon_core.environment:checking '/home/seabro/osr_ws/src/osr-rover-code/ROS/osr_gazebo/install/osr_gazebo/lib'
[2.988s] Level 1:colcon.colcon_core.environment:checking '/home/seabro/osr_ws/src/osr-rover-code/ROS/osr_gazebo/install/osr_gazebo/bin'
[2.988s] Level 1:colcon.colcon_core.environment:checking '/home/seabro/osr_ws/src/osr-rover-code/ROS/osr_gazebo/install/osr_gazebo/lib/pkgconfig/osr_gazebo.pc'
[2.989s] Level 1:colcon.colcon_core.environment:checking '/home/seabro/osr_ws/src/osr-rover-code/ROS/osr_gazebo/install/osr_gazebo/lib/python3.10/site-packages'
[2.990s] Level 1:colcon.colcon_core.environment:checking '/home/seabro/osr_ws/src/osr-rover-code/ROS/osr_gazebo/install/osr_gazebo/bin'
[2.991s] INFO:colcon.colcon_core.shell:Creating package script '/home/seabro/osr_ws/src/osr-rover-code/ROS/osr_gazebo/install/osr_gazebo/share/osr_gazebo/package.ps1'
[2.994s] INFO:colcon.colcon_core.shell:Creating package descriptor '/home/seabro/osr_ws/src/osr-rover-code/ROS/osr_gazebo/install/osr_gazebo/share/osr_gazebo/package.dsv'
[2.996s] INFO:colcon.colcon_core.shell:Creating package script '/home/seabro/osr_ws/src/osr-rover-code/ROS/osr_gazebo/install/osr_gazebo/share/osr_gazebo/package.sh'
[2.998s] INFO:colcon.colcon_core.shell:Creating package script '/home/seabro/osr_ws/src/osr-rover-code/ROS/osr_gazebo/install/osr_gazebo/share/osr_gazebo/package.bash'
[2.999s] INFO:colcon.colcon_core.shell:Creating package script '/home/seabro/osr_ws/src/osr-rover-code/ROS/osr_gazebo/install/osr_gazebo/share/osr_gazebo/package.zsh'
[3.001s] Level 1:colcon.colcon_core.environment:create_file_with_runtime_dependencies(/home/seabro/osr_ws/src/osr-rover-code/ROS/osr_gazebo/install/osr_gazebo/share/colcon-core/packages/osr_gazebo)
[3.075s] Level 1:colcon.colcon_core.environment:create_environment_scripts_only(osr_gazebo)
[3.075s] Level 1:colcon.colcon_core.environment:checking '/home/seabro/osr_ws/src/osr-rover-code/ROS/osr_gazebo/install/osr_gazebo' for CMake module files
[3.076s] Level 1:colcon.colcon_core.environment:checking '/home/seabro/osr_ws/src/osr-rover-code/ROS/osr_gazebo/install/osr_gazebo' for CMake config files
[3.076s] Level 1:colcon.colcon_core.shell:create_environment_hook('osr_gazebo', 'cmake_prefix_path')
[3.077s] INFO:colcon.colcon_core.shell:Creating environment hook '/home/seabro/osr_ws/src/osr-rover-code/ROS/osr_gazebo/install/osr_gazebo/share/osr_gazebo/hook/cmake_prefix_path.ps1'
[3.078s] INFO:colcon.colcon_core.shell:Creating environment descriptor '/home/seabro/osr_ws/src/osr-rover-code/ROS/osr_gazebo/install/osr_gazebo/share/osr_gazebo/hook/cmake_prefix_path.dsv'
[3.079s] INFO:colcon.colcon_core.shell:Creating environment hook '/home/seabro/osr_ws/src/osr-rover-code/ROS/osr_gazebo/install/osr_gazebo/share/osr_gazebo/hook/cmake_prefix_path.sh'
[3.082s] Level 1:colcon.colcon_core.environment:checking '/home/seabro/osr_ws/src/osr-rover-code/ROS/osr_gazebo/install/osr_gazebo/lib'
[3.082s] Level 1:colcon.colcon_core.environment:checking '/home/seabro/osr_ws/src/osr-rover-code/ROS/osr_gazebo/install/osr_gazebo/bin'
[3.082s] Level 1:colcon.colcon_core.environment:checking '/home/seabro/osr_ws/src/osr-rover-code/ROS/osr_gazebo/install/osr_gazebo/lib/pkgconfig/osr_gazebo.pc'
[3.083s] Level 1:colcon.colcon_core.environment:checking '/home/seabro/osr_ws/src/osr-rover-code/ROS/osr_gazebo/install/osr_gazebo/lib/python3.10/site-packages'
[3.083s] Level 1:colcon.colcon_core.environment:checking '/home/seabro/osr_ws/src/osr-rover-code/ROS/osr_gazebo/install/osr_gazebo/bin'
[3.083s] INFO:colcon.colcon_core.shell:Creating package script '/home/seabro/osr_ws/src/osr-rover-code/ROS/osr_gazebo/install/osr_gazebo/share/osr_gazebo/package.ps1'
[3.085s] INFO:colcon.colcon_core.shell:Creating package descriptor '/home/seabro/osr_ws/src/osr-rover-code/ROS/osr_gazebo/install/osr_gazebo/share/osr_gazebo/package.dsv'
[3.086s] INFO:colcon.colcon_core.shell:Creating package script '/home/seabro/osr_ws/src/osr-rover-code/ROS/osr_gazebo/install/osr_gazebo/share/osr_gazebo/package.sh'
[3.087s] INFO:colcon.colcon_core.shell:Creating package script '/home/seabro/osr_ws/src/osr-rover-code/ROS/osr_gazebo/install/osr_gazebo/share/osr_gazebo/package.bash'
[3.088s] INFO:colcon.colcon_core.shell:Creating package script '/home/seabro/osr_ws/src/osr-rover-code/ROS/osr_gazebo/install/osr_gazebo/share/osr_gazebo/package.zsh'
[3.089s] Level 1:colcon.colcon_core.environment:create_file_with_runtime_dependencies(/home/seabro/osr_ws/src/osr-rover-code/ROS/osr_gazebo/install/osr_gazebo/share/colcon-core/packages/osr_gazebo)
[3.089s] DEBUG:colcon.colcon_parallel_executor.executor.parallel:closing loop
[3.092s] DEBUG:colcon.colcon_parallel_executor.executor.parallel:loop closed
[3.092s] DEBUG:colcon.colcon_parallel_executor.executor.parallel:run_until_complete finished with '0'
[3.093s] DEBUG:colcon.colcon_core.event_reactor:joining thread
[3.272s] INFO:colcon.colcon_core.plugin_system:Skipping extension 'colcon_notification.desktop_notification.notify_send': Could not find 'notify-send'
[3.273s] INFO:colcon.colcon_core.plugin_system:Skipping extension 'colcon_notification.desktop_notification.terminal_notifier': Not used on non-Darwin systems
[3.273s] INFO:colcon.colcon_core.plugin_system:Skipping extension 'colcon_notification.desktop_notification.win32': Not used on non-Windows systems
[3.273s] INFO:colcon.colcon_notification.desktop_notification:Sending desktop notification using 'notify2'
[3.280s] DEBUG:colcon.colcon_notification.desktop_notification.notify2:Failed to initialize notify2: org.freedesktop.DBus.Error.FileNotFound: Failed to connect to socket /run/user/1000/bus: No such file or directory
[3.280s] DEBUG:colcon.colcon_core.event_reactor:joined thread
[3.281s] INFO:colcon.colcon_core.shell:Creating prefix script '/home/seabro/osr_ws/src/osr-rover-code/ROS/osr_gazebo/install/local_setup.ps1'
[3.283s] INFO:colcon.colcon_core.shell:Creating prefix util module '/home/seabro/osr_ws/src/osr-rover-code/ROS/osr_gazebo/install/_local_setup_util_ps1.py'
[3.286s] INFO:colcon.colcon_core.shell:Creating prefix chain script '/home/seabro/osr_ws/src/osr-rover-code/ROS/osr_gazebo/install/setup.ps1'
[3.291s] INFO:colcon.colcon_core.shell:Creating prefix script '/home/seabro/osr_ws/src/osr-rover-code/ROS/osr_gazebo/install/local_setup.sh'
[3.292s] INFO:colcon.colcon_core.shell:Creating prefix util module '/home/seabro/osr_ws/src/osr-rover-code/ROS/osr_gazebo/install/_local_setup_util_sh.py'
[3.293s] INFO:colcon.colcon_core.shell:Creating prefix chain script '/home/seabro/osr_ws/src/osr-rover-code/ROS/osr_gazebo/install/setup.sh'
[3.297s] INFO:colcon.colcon_core.shell:Creating prefix script '/home/seabro/osr_ws/src/osr-rover-code/ROS/osr_gazebo/install/local_setup.bash'
[3.299s] INFO:colcon.colcon_core.shell:Creating prefix chain script '/home/seabro/osr_ws/src/osr-rover-code/ROS/osr_gazebo/install/setup.bash'
[3.303s] INFO:colcon.colcon_core.shell:Creating prefix script '/home/seabro/osr_ws/src/osr-rover-code/ROS/osr_gazebo/install/local_setup.zsh'
[3.304s] INFO:colcon.colcon_core.shell:Creating prefix chain script '/home/seabro/osr_ws/src/osr-rover-code/ROS/osr_gazebo/install/setup.zsh'
