[0.024s] Invoking command in '/home/seabro/osr_ws/src/osr-rover-code/ROS/build/osr_bringup': CMAKE_PREFIX_PATH=${CMAKE_PREFIX_PATH}:/home/seabro/osr_ws/src/osr-rover-code/ROS/install/osr_control:/home/seabro/osr_ws/src/osr-rover-code/install/osr_control:/home/seabro/osr_ws/src/install/osr_control:/home/seabro/osr_ws/install/osr_control:/opt/ros/humble /usr/bin/cmake --build /home/seabro/osr_ws/src/osr-rover-code/ROS/build/osr_bringup -- -j8 -l8
[0.067s] Invoked command in '/home/seabro/osr_ws/src/osr-rover-code/ROS/build/osr_bringup' returned '0': CMAKE_PREFIX_PATH=${CMAKE_PREFIX_PATH}:/home/seabro/osr_ws/src/osr-rover-code/ROS/install/osr_control:/home/seabro/osr_ws/src/osr-rover-code/install/osr_control:/home/seabro/osr_ws/src/install/osr_control:/home/seabro/osr_ws/install/osr_control:/opt/ros/humble /usr/bin/cmake --build /home/seabro/osr_ws/src/osr-rover-code/ROS/build/osr_bringup -- -j8 -l8
[0.138s] Invoking command in '/home/seabro/osr_ws/src/osr-rover-code/ROS/build/osr_bringup': CMAKE_PREFIX_PATH=${CMAKE_PREFIX_PATH}:/home/seabro/osr_ws/src/osr-rover-code/ROS/install/osr_control:/home/seabro/osr_ws/src/osr-rover-code/install/osr_control:/home/seabro/osr_ws/src/install/osr_control:/home/seabro/osr_ws/install/osr_control:/opt/ros/humble /usr/bin/cmake --install /home/seabro/osr_ws/src/osr-rover-code/ROS/build/osr_bringup
[0.149s] -- Install configuration: ""
[0.149s] -- Up-to-date: /home/seabro/osr_ws/src/osr-rover-code/ROS/install/osr_bringup/share/osr_bringup/launch
[0.149s] -- Up-to-date: /home/seabro/osr_ws/src/osr-rover-code/ROS/install/osr_bringup/share/osr_bringup/launch/.gitignore
[0.149s] -- Up-to-date: /home/seabro/osr_ws/src/osr-rover-code/ROS/install/osr_bringup/share/osr_bringup/launch/osr_launch.py
[0.149s] -- Up-to-date: /home/seabro/osr_ws/src/osr-rover-code/ROS/install/osr_bringup/share/osr_bringup/config
[0.150s] -- Up-to-date: /home/seabro/osr_ws/src/osr-rover-code/ROS/install/osr_bringup/share/osr_bringup/config/roboclaw_params_mod.yaml
[0.150s] -- Up-to-date: /home/seabro/osr_ws/src/osr-rover-code/ROS/install/osr_bringup/share/osr_bringup/config/osr_params.yaml
[0.150s] -- Up-to-date: /home/seabro/osr_ws/src/osr-rover-code/ROS/install/osr_bringup/share/osr_bringup/config/roboclaw_params.yaml
[0.150s] -- Up-to-date: /home/seabro/osr_ws/src/osr-rover-code/ROS/install/osr_bringup/share/osr_bringup/config/osr_params_mod.yaml
[0.151s] -- Up-to-date: /home/seabro/osr_ws/src/osr-rover-code/ROS/install/osr_bringup/share/ament_index/resource_index/package_run_dependencies/osr_bringup
[0.152s] -- Up-to-date: /home/seabro/osr_ws/src/osr-rover-code/ROS/install/osr_bringup/share/ament_index/resource_index/parent_prefix_path/osr_bringup
[0.152s] -- Up-to-date: /home/seabro/osr_ws/src/osr-rover-code/ROS/install/osr_bringup/share/osr_bringup/environment/ament_prefix_path.sh
[0.153s] -- Up-to-date: /home/seabro/osr_ws/src/osr-rover-code/ROS/install/osr_bringup/share/osr_bringup/environment/ament_prefix_path.dsv
[0.153s] -- Up-to-date: /home/seabro/osr_ws/src/osr-rover-code/ROS/install/osr_bringup/share/osr_bringup/environment/path.sh
[0.153s] -- Up-to-date: /home/seabro/osr_ws/src/osr-rover-code/ROS/install/osr_bringup/share/osr_bringup/environment/path.dsv
[0.153s] -- Up-to-date: /home/seabro/osr_ws/src/osr-rover-code/ROS/install/osr_bringup/share/osr_bringup/local_setup.bash
[0.153s] -- Up-to-date: /home/seabro/osr_ws/src/osr-rover-code/ROS/install/osr_bringup/share/osr_bringup/local_setup.sh
[0.153s] -- Up-to-date: /home/seabro/osr_ws/src/osr-rover-code/ROS/install/osr_bringup/share/osr_bringup/local_setup.zsh
[0.153s] -- Up-to-date: /home/seabro/osr_ws/src/osr-rover-code/ROS/install/osr_bringup/share/osr_bringup/local_setup.dsv
[0.154s] -- Installing: /home/seabro/osr_ws/src/osr-rover-code/ROS/install/osr_bringup/share/osr_bringup/package.dsv
[0.154s] -- Up-to-date: /home/seabro/osr_ws/src/osr-rover-code/ROS/install/osr_bringup/share/ament_index/resource_index/packages/osr_bringup
[0.154s] -- Up-to-date: /home/seabro/osr_ws/src/osr-rover-code/ROS/install/osr_bringup/share/osr_bringup/cmake/osr_bringupConfig.cmake
[0.154s] -- Up-to-date: /home/seabro/osr_ws/src/osr-rover-code/ROS/install/osr_bringup/share/osr_bringup/cmake/osr_bringupConfig-version.cmake
[0.154s] -- Up-to-date: /home/seabro/osr_ws/src/osr-rover-code/ROS/install/osr_bringup/share/osr_bringup/package.xml
[0.160s] Invoked command in '/home/seabro/osr_ws/src/osr-rover-code/ROS/build/osr_bringup' returned '0': CMAKE_PREFIX_PATH=${CMAKE_PREFIX_PATH}:/home/seabro/osr_ws/src/osr-rover-code/ROS/install/osr_control:/home/seabro/osr_ws/src/osr-rover-code/install/osr_control:/home/seabro/osr_ws/src/install/osr_control:/home/seabro/osr_ws/install/osr_control:/opt/ros/humble /usr/bin/cmake --install /home/seabro/osr_ws/src/osr-rover-code/ROS/build/osr_bringup
