-- Found ament_cmake: 1.3.10 (/opt/ros/humble/share/ament_cmake/cmake)
-- Found control_msgs: 4.6.0 (/opt/ros/humble/share/control_msgs/cmake)
-- Found rosidl_generator_c: 3.1.5 (/opt/ros/humble/share/rosidl_generator_c/cmake)
-- Found rosidl_adapter: 3.1.5 (/opt/ros/humble/share/rosidl_adapter/cmake)
-- Found rosidl_generator_cpp: 3.1.5 (/opt/ros/humble/share/rosidl_generator_cpp/cmake)
-- Using all available rosidl_typesupport_c: rosidl_typesupport_fastrtps_c;rosidl_typesupport_introspection_c
-- Using all available rosidl_typesupport_cpp: rosidl_typesupport_fastrtps_cpp;rosidl_typesupport_introspection_cpp
-- Found rclcpp: 16.0.10 (/opt/ros/humble/share/rclcpp/cmake)
-- Found rmw_implementation_cmake: 6.1.2 (/opt/ros/humble/share/rmw_implementation_cmake/cmake)
-- Found rmw_fastrtps_cpp: 6.2.7 (/opt/ros/humble/share/rmw_fastrtps_cpp/cmake)
-- Using RMW implementation 'rmw_fastrtps_cpp' as default
-- Found rclcpp_action: 16.0.10 (/opt/ros/humble/share/rclcpp_action/cmake)
-- Found nav_msgs: 4.2.4 (/opt/ros/humble/share/nav_msgs/cmake)
-- Found tf2_geometry_msgs: 0.25.8 (/opt/ros/humble/share/tf2_geometry_msgs/cmake)
-- Found eigen3_cmake_module: 0.1.1 (/opt/ros/humble/share/eigen3_cmake_module/cmake)
-- Ensuring Eigen3 include directory is part of orocos-kdl CMake target
-- Found ament_cmake_gtest: 1.3.10 (/opt/ros/humble/share/ament_cmake_gtest/cmake)
-- Configuring done
-- Generating done
-- Build files have been written to: /home/seabro/osr_ws/src/osr-rover-code/ROS/osr_gazebo/build/osr_gazebo
[35m[1mConsolidate compiler generated dependencies of target osr_controller[0m
[100%] Built target osr_controller
-- Install configuration: ""
-- Up-to-date: /home/seabro/osr_ws/src/osr-rover-code/ROS/osr_gazebo/install/osr_gazebo/share/osr_gazebo//launch
-- Up-to-date: /home/seabro/osr_ws/src/osr-rover-code/ROS/osr_gazebo/install/osr_gazebo/share/osr_gazebo//launch/empty_world.launch.py
-- Up-to-date: /home/seabro/osr_ws/src/osr-rover-code/ROS/osr_gazebo/install/osr_gazebo/share/osr_gazebo//launch/rviz.launch.py
-- Up-to-date: /home/seabro/osr_ws/src/osr-rover-code/ROS/osr_gazebo/install/osr_gazebo/share/osr_gazebo//launch/marsyard2022.launch.py
-- Up-to-date: /home/seabro/osr_ws/src/osr-rover-code/ROS/osr_gazebo/install/osr_gazebo/share/osr_gazebo//config
-- Up-to-date: /home/seabro/osr_ws/src/osr-rover-code/ROS/osr_gazebo/install/osr_gazebo/share/osr_gazebo//config/controller_velocity.yaml
-- Up-to-date: /home/seabro/osr_ws/src/osr-rover-code/ROS/osr_gazebo/install/osr_gazebo/share/osr_gazebo//urdf
-- Up-to-date: /home/seabro/osr_ws/src/osr-rover-code/ROS/osr_gazebo/install/osr_gazebo/share/osr_gazebo//urdf/osr.urdf.xacro
-- Up-to-date: /home/seabro/osr_ws/src/osr-rover-code/ROS/osr_gazebo/install/osr_gazebo/share/osr_gazebo//urdf/insert_transmission.urdf.xacro
-- Up-to-date: /home/seabro/osr_ws/src/osr-rover-code/ROS/osr_gazebo/install/osr_gazebo/share/osr_gazebo//urdf/gazebo.urdf.xacro
-- Up-to-date: /home/seabro/osr_ws/src/osr-rover-code/ROS/osr_gazebo/install/osr_gazebo/share/osr_gazebo//meshes
-- Up-to-date: /home/seabro/osr_ws/src/osr-rover-code/ROS/osr_gazebo/install/osr_gazebo/share/osr_gazebo//meshes/turn_left_test.stl
-- Up-to-date: /home/seabro/osr_ws/src/osr-rover-code/ROS/osr_gazebo/install/osr_gazebo/share/osr_gazebo//meshes/wheel_link_left_2.stl
-- Up-to-date: /home/seabro/osr_ws/src/osr-rover-code/ROS/osr_gazebo/install/osr_gazebo/share/osr_gazebo//meshes/rocker_bogie_final.stl
-- Up-to-date: /home/seabro/osr_ws/src/osr-rover-code/ROS/osr_gazebo/install/osr_gazebo/share/osr_gazebo//meshes/turn_L.stl
-- Up-to-date: /home/seabro/osr_ws/src/osr-rover-code/ROS/osr_gazebo/install/osr_gazebo/share/osr_gazebo//meshes/body.stl
-- Up-to-date: /home/seabro/osr_ws/src/osr-rover-code/ROS/osr_gazebo/install/osr_gazebo/share/osr_gazebo//meshes/arm.stl
-- Up-to-date: /home/seabro/osr_ws/src/osr-rover-code/ROS/osr_gazebo/install/osr_gazebo/share/osr_gazebo//meshes/wheel_middle_left.stl
-- Up-to-date: /home/seabro/osr_ws/src/osr-rover-code/ROS/osr_gazebo/install/osr_gazebo/share/osr_gazebo//meshes/rockerbogie_front_1.stl
-- Up-to-date: /home/seabro/osr_ws/src/osr-rover-code/ROS/osr_gazebo/install/osr_gazebo/share/osr_gazebo//meshes/turn_right_test.stl
-- Up-to-date: /home/seabro/osr_ws/src/osr-rover-code/ROS/osr_gazebo/install/osr_gazebo/share/osr_gazebo//meshes/rocker_bogie_link_front.stl
-- Up-to-date: /home/seabro/osr_ws/src/osr-rover-code/ROS/osr_gazebo/install/osr_gazebo/share/osr_gazebo//meshes/body_axis.stl
-- Up-to-date: /home/seabro/osr_ws/src/osr-rover-code/ROS/osr_gazebo/install/osr_gazebo/share/osr_gazebo//meshes/rockerbogie_middle_1.stl
-- Up-to-date: /home/seabro/osr_ws/src/osr-rover-code/ROS/osr_gazebo/install/osr_gazebo/share/osr_gazebo//meshes/box_link.stl
-- Up-to-date: /home/seabro/osr_ws/src/osr-rover-code/ROS/osr_gazebo/install/osr_gazebo/share/osr_gazebo//meshes/wheel.stl
-- Up-to-date: /home/seabro/osr_ws/src/osr-rover-code/ROS/osr_gazebo/install/osr_gazebo/share/osr_gazebo//meshes/turn_R.stl
-- Up-to-date: /home/seabro/osr_ws/src/osr-rover-code/ROS/osr_gazebo/install/osr_gazebo/share/osr_gazebo//meshes/rocker_bogie_link_middle.stl
-- Up-to-date: /home/seabro/osr_ws/src/osr-rover-code/ROS/osr_gazebo/install/osr_gazebo/share/osr_gazebo//meshes/rocker_bogie_link_rear.stl
-- Up-to-date: /home/seabro/osr_ws/src/osr-rover-code/ROS/osr_gazebo/install/osr_gazebo/share/osr_gazebo//meshes/wheel_link_right_2.stl
-- Up-to-date: /home/seabro/osr_ws/src/osr-rover-code/ROS/osr_gazebo/install/osr_gazebo/share/osr_gazebo//rviz
-- Up-to-date: /home/seabro/osr_ws/src/osr-rover-code/ROS/osr_gazebo/install/osr_gazebo/share/osr_gazebo//rviz/rviz_settings.rviz
-- Installing: /home/seabro/osr_ws/src/osr-rover-code/ROS/osr_gazebo/install/osr_gazebo/share/osr_gazebo//models
-- Installing: /home/seabro/osr_ws/src/osr-rover-code/ROS/osr_gazebo/install/osr_gazebo/share/osr_gazebo//models/marsyard2022
-- Installing: /home/seabro/osr_ws/src/osr-rover-code/ROS/osr_gazebo/install/osr_gazebo/share/osr_gazebo//models/marsyard2022/marsyard2022_terrain_texture.png:Zone.Identifier
-- Installing: /home/seabro/osr_ws/src/osr-rover-code/ROS/osr_gazebo/install/osr_gazebo/share/osr_gazebo//models/marsyard2022/model.config:Zone.Identifier
-- Installing: /home/seabro/osr_ws/src/osr-rover-code/ROS/osr_gazebo/install/osr_gazebo/share/osr_gazebo//models/marsyard2022/model.config
-- Installing: /home/seabro/osr_ws/src/osr-rover-code/ROS/osr_gazebo/install/osr_gazebo/share/osr_gazebo//models/marsyard2022/README.md.txt
-- Installing: /home/seabro/osr_ws/src/osr-rover-code/ROS/osr_gazebo/install/osr_gazebo/share/osr_gazebo//models/marsyard2022/model.sdf:Zone.Identifier
-- Installing: /home/seabro/osr_ws/src/osr-rover-code/ROS/osr_gazebo/install/osr_gazebo/share/osr_gazebo//models/marsyard2022/marsyard2022_terrain_hm.tif:Zone.Identifier
-- Installing: /home/seabro/osr_ws/src/osr-rover-code/ROS/osr_gazebo/install/osr_gazebo/share/osr_gazebo//models/marsyard2022/dem
-- Installing: /home/seabro/osr_ws/src/osr-rover-code/ROS/osr_gazebo/install/osr_gazebo/share/osr_gazebo//models/marsyard2022/dem/marsyard2022_terrain_hm.tif
-- Installing: /home/seabro/osr_ws/src/osr-rover-code/ROS/osr_gazebo/install/osr_gazebo/share/osr_gazebo//models/marsyard2022/dem/marsyard2022_terrain_texture.png
-- Installing: /home/seabro/osr_ws/src/osr-rover-code/ROS/osr_gazebo/install/osr_gazebo/share/osr_gazebo//models/marsyard2022/model.sdf
-- Installing: /home/seabro/osr_ws/src/osr-rover-code/ROS/osr_gazebo/install/osr_gazebo/share/osr_gazebo//worlds
-- Installing: /home/seabro/osr_ws/src/osr-rover-code/ROS/osr_gazebo/install/osr_gazebo/share/osr_gazebo//worlds/marsyard2022.world:Zone.Identifier
-- Installing: /home/seabro/osr_ws/src/osr-rover-code/ROS/osr_gazebo/install/osr_gazebo/share/osr_gazebo//worlds/marsyard2022.world
-- Up-to-date: /home/seabro/osr_ws/src/osr-rover-code/ROS/osr_gazebo/install/osr_gazebo/lib/osr_gazebo/osr_controller
-- Up-to-date: /home/seabro/osr_ws/src/osr-rover-code/ROS/osr_gazebo/install/osr_gazebo/share/ament_index/resource_index/package_run_dependencies/osr_gazebo
-- Installing: /home/seabro/osr_ws/src/osr-rover-code/ROS/osr_gazebo/install/osr_gazebo/share/ament_index/resource_index/parent_prefix_path/osr_gazebo
-- Up-to-date: /home/seabro/osr_ws/src/osr-rover-code/ROS/osr_gazebo/install/osr_gazebo/share/osr_gazebo/environment/ament_prefix_path.sh
-- Installing: /home/seabro/osr_ws/src/osr-rover-code/ROS/osr_gazebo/install/osr_gazebo/share/osr_gazebo/environment/ament_prefix_path.dsv
-- Up-to-date: /home/seabro/osr_ws/src/osr-rover-code/ROS/osr_gazebo/install/osr_gazebo/share/osr_gazebo/environment/path.sh
-- Installing: /home/seabro/osr_ws/src/osr-rover-code/ROS/osr_gazebo/install/osr_gazebo/share/osr_gazebo/environment/path.dsv
-- Up-to-date: /home/seabro/osr_ws/src/osr-rover-code/ROS/osr_gazebo/install/osr_gazebo/share/osr_gazebo/local_setup.bash
-- Up-to-date: /home/seabro/osr_ws/src/osr-rover-code/ROS/osr_gazebo/install/osr_gazebo/share/osr_gazebo/local_setup.sh
-- Up-to-date: /home/seabro/osr_ws/src/osr-rover-code/ROS/osr_gazebo/install/osr_gazebo/share/osr_gazebo/local_setup.zsh
-- Installing: /home/seabro/osr_ws/src/osr-rover-code/ROS/osr_gazebo/install/osr_gazebo/share/osr_gazebo/local_setup.dsv
-- Installing: /home/seabro/osr_ws/src/osr-rover-code/ROS/osr_gazebo/install/osr_gazebo/share/osr_gazebo/package.dsv
-- Up-to-date: /home/seabro/osr_ws/src/osr-rover-code/ROS/osr_gazebo/install/osr_gazebo/share/ament_index/resource_index/packages/osr_gazebo
-- Up-to-date: /home/seabro/osr_ws/src/osr-rover-code/ROS/osr_gazebo/install/osr_gazebo/share/osr_gazebo/cmake/osr_gazeboConfig.cmake
-- Up-to-date: /home/seabro/osr_ws/src/osr-rover-code/ROS/osr_gazebo/install/osr_gazebo/share/osr_gazebo/cmake/osr_gazeboConfig-version.cmake
-- Up-to-date: /home/seabro/osr_ws/src/osr-rover-code/ROS/osr_gazebo/install/osr_gazebo/share/osr_gazebo/package.xml
