running egg_info
writing ../build/osr_control/osr_control.egg-info/PKG-INFO
writing dependency_links to ../build/osr_control/osr_control.egg-info/dependency_links.txt
writing entry points to ../build/osr_control/osr_control.egg-info/entry_points.txt
writing requirements to ../build/osr_control/osr_control.egg-info/requires.txt
writing top-level names to ../build/osr_control/osr_control.egg-info/top_level.txt
reading manifest file '../build/osr_control/osr_control.egg-info/SOURCES.txt'
writing manifest file '../build/osr_control/osr_control.egg-info/SOURCES.txt'
running build
running build_py
running install
running install_lib
running install_data
running install_egg_info
removing '/home/seabro/osr_ws/src/osr-rover-code/ROS/install/osr_control/lib/python3.10/site-packages/osr_control-0.0.0-py3.10.egg-info' (and everything under it)
Copying ../build/osr_control/osr_control.egg-info to /home/seabro/osr_ws/src/osr-rover-code/ROS/install/osr_control/lib/python3.10/site-packages/osr_control-0.0.0-py3.10.egg-info
running install_scripts
Installing ina260 script to /home/seabro/osr_ws/src/osr-rover-code/ROS/install/osr_control/lib/osr_control
Installing joy_extras script to /home/seabro/osr_ws/src/osr-rover-code/ROS/install/osr_control/lib/osr_control
Installing roboclaw_wrapper script to /home/seabro/osr_ws/src/osr-rover-code/ROS/install/osr_control/lib/osr_control
Installing rover script to /home/seabro/osr_ws/src/osr-rover-code/ROS/install/osr_control/lib/osr_control
Installing servo_control script to /home/seabro/osr_ws/src/osr-rover-code/ROS/install/osr_control/lib/osr_control
writing list of installed files to '/home/seabro/osr_ws/src/osr-rover-code/ROS/build/osr_control/install.log'
