[0.022s] Invoking command in '/home/seabro/osr_ws/src/osr-rover-code/ROS/build/osr_bringup': CMAKE_PREFIX_PATH=${CMAKE_PREFIX_PATH}:/home/seabro/osr_ws/src/osr-rover-code/install/osr_control:/home/seabro/osr_ws/src/install/osr_control:/home/seabro/osr_ws/install/osr_control:/opt/ros/humble /usr/bin/cmake /home/seabro/osr_ws/src/osr-rover-code/ROS/osr_bringup -DCMAKE_INSTALL_PREFIX=/home/seabro/osr_ws/src/osr-rover-code/ROS/install/osr_bringup
[0.219s] -- The C compiler identification is GNU 11.4.0
[0.751s] -- The CXX compiler identification is GNU 11.4.0
[1.034s] -- Detecting C compiler ABI info
[1.177s] -- Detecting C compiler ABI info - done
[1.186s] -- Check for working C compiler: /usr/bin/cc - skipped
[1.186s] -- Detecting C compile features
[1.186s] -- Detecting C compile features - done
[1.190s] -- Detecting CXX compiler ABI info
[1.355s] -- Detecting CXX compiler ABI info - done
[1.371s] -- Check for working CXX compiler: /usr/bin/c++ - skipped
[1.371s] -- Detecting CXX compile features
[1.372s] -- Detecting CXX compile features - done
[1.377s] -- Found ament_cmake: 1.3.10 (/opt/ros/humble/share/ament_cmake/cmake)
[1.594s] -- Found Python3: /usr/bin/python3 (found version "3.10.12") found components: Interpreter 
[1.744s] -- Found ament_lint_auto: 0.12.11 (/opt/ros/humble/share/ament_lint_auto/cmake)
[1.884s] -- Added test 'copyright' to check source files copyright and LICENSE
[1.888s] -- Added test 'flake8' to check Python code syntax and style conventions
[1.891s] -- Added test 'lint_cmake' to check CMake code style
[1.892s] -- Added test 'pep257' to check Python code against some of the docstring style conventions in PEP 257
[1.894s] -- Added test 'xmllint' to check XML markup files
[1.896s] -- Configuring done
[1.901s] -- Generating done
[1.903s] -- Build files have been written to: /home/seabro/osr_ws/src/osr-rover-code/ROS/build/osr_bringup
[1.908s] Invoked command in '/home/seabro/osr_ws/src/osr-rover-code/ROS/build/osr_bringup' returned '0': CMAKE_PREFIX_PATH=${CMAKE_PREFIX_PATH}:/home/seabro/osr_ws/src/osr-rover-code/install/osr_control:/home/seabro/osr_ws/src/install/osr_control:/home/seabro/osr_ws/install/osr_control:/opt/ros/humble /usr/bin/cmake /home/seabro/osr_ws/src/osr-rover-code/ROS/osr_bringup -DCMAKE_INSTALL_PREFIX=/home/seabro/osr_ws/src/osr-rover-code/ROS/install/osr_bringup
[1.913s] Invoking command in '/home/seabro/osr_ws/src/osr-rover-code/ROS/build/osr_bringup': CMAKE_PREFIX_PATH=${CMAKE_PREFIX_PATH}:/home/seabro/osr_ws/src/osr-rover-code/install/osr_control:/home/seabro/osr_ws/src/install/osr_control:/home/seabro/osr_ws/install/osr_control:/opt/ros/humble /usr/bin/cmake --build /home/seabro/osr_ws/src/osr-rover-code/ROS/build/osr_bringup -- -j8 -l8
[1.957s] Invoked command in '/home/seabro/osr_ws/src/osr-rover-code/ROS/build/osr_bringup' returned '0': CMAKE_PREFIX_PATH=${CMAKE_PREFIX_PATH}:/home/seabro/osr_ws/src/osr-rover-code/install/osr_control:/home/seabro/osr_ws/src/install/osr_control:/home/seabro/osr_ws/install/osr_control:/opt/ros/humble /usr/bin/cmake --build /home/seabro/osr_ws/src/osr-rover-code/ROS/build/osr_bringup -- -j8 -l8
[1.993s] Invoking command in '/home/seabro/osr_ws/src/osr-rover-code/ROS/build/osr_bringup': CMAKE_PREFIX_PATH=${CMAKE_PREFIX_PATH}:/home/seabro/osr_ws/src/osr-rover-code/install/osr_control:/home/seabro/osr_ws/src/install/osr_control:/home/seabro/osr_ws/install/osr_control:/opt/ros/humble /usr/bin/cmake --install /home/seabro/osr_ws/src/osr-rover-code/ROS/build/osr_bringup
[2.001s] -- Install configuration: ""
[2.001s] -- Installing: /home/seabro/osr_ws/src/osr-rover-code/ROS/install/osr_bringup/share/osr_bringup/launch
[2.001s] -- Installing: /home/seabro/osr_ws/src/osr-rover-code/ROS/install/osr_bringup/share/osr_bringup/launch/.gitignore
[2.001s] -- Installing: /home/seabro/osr_ws/src/osr-rover-code/ROS/install/osr_bringup/share/osr_bringup/launch/osr_launch.py
[2.002s] -- Installing: /home/seabro/osr_ws/src/osr-rover-code/ROS/install/osr_bringup/share/osr_bringup/config
[2.002s] -- Installing: /home/seabro/osr_ws/src/osr-rover-code/ROS/install/osr_bringup/share/osr_bringup/config/roboclaw_params_mod.yaml
[2.003s] -- Installing: /home/seabro/osr_ws/src/osr-rover-code/ROS/install/osr_bringup/share/osr_bringup/config/osr_params.yaml
[2.003s] -- Installing: /home/seabro/osr_ws/src/osr-rover-code/ROS/install/osr_bringup/share/osr_bringup/config/roboclaw_params.yaml
[2.004s] -- Installing: /home/seabro/osr_ws/src/osr-rover-code/ROS/install/osr_bringup/share/osr_bringup/config/osr_params_mod.yaml
[2.005s] -- Installing: /home/seabro/osr_ws/src/osr-rover-code/ROS/install/osr_bringup/share/ament_index/resource_index/package_run_dependencies/osr_bringup
[2.005s] -- Installing: /home/seabro/osr_ws/src/osr-rover-code/ROS/install/osr_bringup/share/ament_index/resource_index/parent_prefix_path/osr_bringup
[2.006s] -- Installing: /home/seabro/osr_ws/src/osr-rover-code/ROS/install/osr_bringup/share/osr_bringup/environment/ament_prefix_path.sh
[2.006s] -- Installing: /home/seabro/osr_ws/src/osr-rover-code/ROS/install/osr_bringup/share/osr_bringup/environment/ament_prefix_path.dsv
[2.006s] -- Installing: /home/seabro/osr_ws/src/osr-rover-code/ROS/install/osr_bringup/share/osr_bringup/environment/path.sh
[2.006s] -- Installing: /home/seabro/osr_ws/src/osr-rover-code/ROS/install/osr_bringup/share/osr_bringup/environment/path.dsv
[2.007s] -- Installing: /home/seabro/osr_ws/src/osr-rover-code/ROS/install/osr_bringup/share/osr_bringup/local_setup.bash
[2.007s] -- Installing: /home/seabro/osr_ws/src/osr-rover-code/ROS/install/osr_bringup/share/osr_bringup/local_setup.sh
[2.007s] -- Installing: /home/seabro/osr_ws/src/osr-rover-code/ROS/install/osr_bringup/share/osr_bringup/local_setup.zsh
[2.007s] -- Installing: /home/seabro/osr_ws/src/osr-rover-code/ROS/install/osr_bringup/share/osr_bringup/local_setup.dsv
[2.008s] -- Installing: /home/seabro/osr_ws/src/osr-rover-code/ROS/install/osr_bringup/share/osr_bringup/package.dsv
[2.008s] -- Installing: /home/seabro/osr_ws/src/osr-rover-code/ROS/install/osr_bringup/share/ament_index/resource_index/packages/osr_bringup
[2.008s] -- Installing: /home/seabro/osr_ws/src/osr-rover-code/ROS/install/osr_bringup/share/osr_bringup/cmake/osr_bringupConfig.cmake
[2.009s] -- Installing: /home/seabro/osr_ws/src/osr-rover-code/ROS/install/osr_bringup/share/osr_bringup/cmake/osr_bringupConfig-version.cmake
[2.009s] -- Installing: /home/seabro/osr_ws/src/osr-rover-code/ROS/install/osr_bringup/share/osr_bringup/package.xml
[2.013s] Invoked command in '/home/seabro/osr_ws/src/osr-rover-code/ROS/build/osr_bringup' returned '0': CMAKE_PREFIX_PATH=${CMAKE_PREFIX_PATH}:/home/seabro/osr_ws/src/osr-rover-code/install/osr_control:/home/seabro/osr_ws/src/install/osr_control:/home/seabro/osr_ws/install/osr_control:/opt/ros/humble /usr/bin/cmake --install /home/seabro/osr_ws/src/osr-rover-code/ROS/build/osr_bringup
